qemu-system-x86_64: Kein Prozess gefunden
cargo +nightly build --no-default-features --features gfx_virgl  -Z build-std=core,compiler_builtins,alloc -Z json-target-spec --target 86_64.json
warning: patch `flate2 v1.1.9 (/home/t4ce/REPOS/TRUEOS/vendor/flate2-1.1.9)` was not used in the crate graph
help: Check that the patched package version and available features are compatible
      with the dependency requirements. If the patch has a different version from
      what is locked in the Cargo.lock file, run `cargo update` to use the new
      version. This may also occur with an optional dependency that is not enabled.
warning: extern crate `compiler_builtins` is unused in crate `kurbo`
  --> vendor/kurbo-0.11.3/src/lib.rs:4:1
   |
 4 | //! 2D geometry, with a focus on curves.
   | ^
   |
   = help: remove the dependency or add `use compiler_builtins as _;` to the crate root
note: the lint level is defined here
  --> vendor/kurbo-0.11.3/src/lib.rs:73:9
   |
73 | #![warn(unused_crate_dependencies)]
   |         ^^^^^^^^^^^^^^^^^^^^^^^^^

warning: unused imports: `Err`, `Ok`, and `self`
 --> vendor/kurbo-0.11.3/src/stroke.rs:8:28
  |
8 | use core::result::Result::{self, Err, Ok};
  |                            ^^^^  ^^^  ^^
  |
  = note: `#[warn(unused_imports)]` (part of `#[warn(unused)]`) on by default

warning: unused import: `alloc::string::String`
 --> vendor/kurbo-0.11.3/src/svg.rs:7:5
  |
7 | use alloc::string::String;
  |     ^^^^^^^^^^^^^^^^^^^^^

warning: unused import: `hash::*`
  --> vendor/simd-adler32-0.3.8/src/lib.rs:98:9
   |
98 | pub use hash::*;
   |         ^^^^^^^
   |
   = note: `#[warn(unused_imports)]` (part of `#[warn(unused)]`) on by default

warning: `kurbo` (lib) generated 3 warnings (run `cargo fix --lib -p kurbo` to apply 2 suggestions)
warning: `simd-adler32` (lib) generated 1 warning (run `cargo fix --lib -p simd-adler32` to apply 1 suggestion)
warning: unused imports: `cos` and `floor`
 --> crates/trueos-weather/src/helper.rs:4:18
  |
4 | use libm::{acos, cos, floor, sin, tan};
  |                  ^^^  ^^^^^
  |
  = note: `#[warn(unused_imports)]` (part of `#[warn(unused)]`) on by default

warning: unused imports: `boxed::Box` and `string::String`
 --> vendor/usvg-0.45.1/src/parser/mod.rs:4:13
  |
4 | use alloc::{boxed::Box, string::String, vec::Vec};
  |             ^^^^^^^^^^  ^^^^^^^^^^^^^^
  |
  = note: `#[warn(unused_imports)]` (part of `#[warn(unused)]`) on by default

warning: unused import: `boxed::Box`
 --> vendor/usvg-0.45.1/src/parser/filter.rs:6:13
  |
6 | use alloc::{boxed::Box, format, string::{String, ToString}, vec, vec::Vec};
  |             ^^^^^^^^^^

warning: unused import: `string::String`
 --> vendor/usvg-0.45.1/src/parser/marker.rs:4:25
  |
4 | use alloc::{boxed::Box, string::String, vec::Vec};
  |                         ^^^^^^^^^^^^^^

warning: unused imports: `String` and `vec::Vec`
 --> vendor/usvg-0.45.1/src/parser/mask.rs:4:34
  |
4 | use alloc::{boxed::Box, string::{String, ToString}, vec::Vec};
  |                                  ^^^^^^             ^^^^^^^^

warning: unused import: `boxed::Box`
 --> vendor/usvg-0.45.1/src/parser/options.rs:4:13
  |
4 | use alloc::{boxed::Box, string::{String, ToString}, vec, vec::Vec};
  |             ^^^^^^^^^^

warning: unused import: `String`
 --> vendor/usvg-0.45.1/src/parser/paint_server.rs:4:34
  |
4 | use alloc::{boxed::Box, string::{String, ToString}, vec::Vec};
  |                                  ^^^^^^

warning: unused imports: `boxed::Box` and `string::String`
 --> vendor/usvg-0.45.1/src/parser/style.rs:4:13
  |
4 | use alloc::{boxed::Box, string::String, vec::Vec};
  |             ^^^^^^^^^^  ^^^^^^^^^^^^^^

warning: unused import: `boxed::Box`
 --> vendor/usvg-0.45.1/src/parser/svgtree/mod.rs:4:13
  |
4 | use alloc::{boxed::Box, string::String, vec::Vec};
  |             ^^^^^^^^^^

warning: unused imports: `String` and `boxed::Box`
 --> vendor/usvg-0.45.1/src/parser/svgtree/parse.rs:4:13
  |
4 | use alloc::{boxed::Box, string::{String, ToString}, vec::Vec};
  |             ^^^^^^^^^^           ^^^^^^

warning: unused import: `boxed::Box`
 --> vendor/usvg-0.45.1/src/parser/svgtree/text.rs:6:13
  |
6 | use alloc::{boxed::Box, string::String, vec::Vec};
  |             ^^^^^^^^^^

warning: unused imports: `string::String` and `vec::Vec`
 --> vendor/usvg-0.45.1/src/parser/switch.rs:4:25
  |
4 | use alloc::{boxed::Box, string::String, vec::Vec};
  |                         ^^^^^^^^^^^^^^  ^^^^^^^^

warning: unused imports: `boxed::Box` and `string::String`
 --> vendor/usvg-0.45.1/src/parser/units.rs:4:13
  |
4 | use alloc::{boxed::Box, string::String, vec::Vec};
  |             ^^^^^^^^^^  ^^^^^^^^^^^^^^

warning: unused import: `vec::Vec`
 --> vendor/usvg-0.45.1/src/parser/use_node.rs:4:53
  |
4 | use alloc::{boxed::Box, string::{String, ToString}, vec::Vec};
  |                                                     ^^^^^^^^

warning: unused imports: `AId` and `EId`
  --> vendor/usvg-0.45.1/src/parser/mod.rs:25:26
   |
25 | pub(crate) use svgtree::{AId, EId};
   |                          ^^^  ^^^

warning: unused import: `boxed::Box`
 --> vendor/usvg-0.45.1/src/tree/filter.rs:6:13
  |
6 | use alloc::{boxed::Box, string::String, vec, vec::Vec};
  |             ^^^^^^^^^^

warning: variant `SVG` is never constructed
   --> vendor/usvg-0.45.1/src/parser/image.rs:107:5
    |
102 | enum ImageFormat {
    |      ----------- variant in this enum
...
107 |     SVG,
    |     ^^^
    |
    = note: `ImageFormat` has derived impls for the traits `Debug` and `Clone`, but these are intentionally ignored during dead code analysis
    = note: `#[warn(dead_code)]` (part of `#[warn(unused)]`) on by default

warning: missing documentation for a trait
  --> vendor/usvg-0.45.1/src/tree/mod.rs:13:1
   |
13 | pub trait ApproxEqUlps {
   | ^^^^^^^^^^^^^^^^^^^^^^
   |
note: the lint level is defined here
  --> vendor/usvg-0.45.1/src/lib.rs:50:9
   |
50 | #![warn(missing_docs)]
   |         ^^^^^^^^^^^^

warning: missing documentation for a method
  --> vendor/usvg-0.45.1/src/tree/mod.rs:14:5
   |
14 |     fn approx_eq_ulps(&self, other: &Self, ulps: i32) -> bool;
   |     ^^^^^^^^^^^^^^^^^^^^^^^^^^^^^^^^^^^^^^^^^^^^^^^^^^^^^^^^^^

warning: missing documentation for a method
  --> vendor/usvg-0.45.1/src/tree/mod.rs:17:5
   |
17 |     fn approx_ne_ulps(&self, other: &Self, ulps: i32) -> bool {
   |     ^^^^^^^^^^^^^^^^^^^^^^^^^^^^^^^^^^^^^^^^^^^^^^^^^^^^^^^^^

warning: function `compute_codes` is never used
   --> vendor/fdeflate-0.3.7/src/lib.rs:106:10
    |
106 | const fn compute_codes<const NSYMS: usize>(lengths: &[u8; NSYMS]) -> Option<[u16; NSYMS]> {
    |          ^^^^^^^^^^^^^
    |
    = note: `#[warn(dead_code)]` (part of `#[warn(unused)]`) on by default

warning: constant `HUFFMAN_LENGTHS` is never used
 --> vendor/fdeflate-0.3.7/src/tables.rs:7:18
  |
7 | pub(crate) const HUFFMAN_LENGTHS: [u8; 286] = [
  |                  ^^^^^^^^^^^^^^^

warning: constant `HUFFMAN_CODES` is never used
  --> vendor/fdeflate-0.3.7/src/tables.rs:22:18
   |
22 | pub(crate) const HUFFMAN_CODES: [u16; 286] = match crate::compute_codes(&HUFFMAN_LENGTHS) {
   |                  ^^^^^^^^^^^^^

warning: constant `LENGTH_TO_SYMBOL` is never used
  --> vendor/fdeflate-0.3.7/src/tables.rs:28:18
   |
28 | pub(crate) const LENGTH_TO_SYMBOL: [u16; 256] = [
   |                  ^^^^^^^^^^^^^^^^

warning: constant `LENGTH_TO_LEN_EXTRA` is never used
  --> vendor/fdeflate-0.3.7/src/tables.rs:46:18
   |
46 | pub(crate) const LENGTH_TO_LEN_EXTRA: [u8; 256] = [
   |                  ^^^^^^^^^^^^^^^^^^^

warning: constant `BITMASKS` is never used
  --> vendor/fdeflate-0.3.7/src/tables.rs:57:18
   |
57 | pub(crate) const BITMASKS: [u32; 17] = [
   |                  ^^^^^^^^

warning: `trueos-weather` (lib) generated 1 warning (run `cargo fix --lib -p trueos-weather` to apply 1 suggestion)
warning: `usvg` (lib) generated 19 warnings (run `cargo fix --lib -p usvg` to apply 15 suggestions)
warning: `fdeflate` (lib) generated 6 warnings
warning: unused import: `io`
 --> vendor/png-0.18.1/src/common.rs:6:47
  |
6 | use std::{borrow::Cow, convert::TryFrom, fmt, io};
  |                                               ^^
  |
  = note: `#[warn(unused_imports)]` (part of `#[warn(unused)]`) on by default

warning: unused import: `chunk`
   --> vendor/png-0.18.1/src/text_metadata.rs:104:13
    |
104 | use crate::{chunk, DecodingError};
    |             ^^^^^

warning: unused import: `std::convert::TryFrom`
   --> vendor/png-0.18.1/src/text_metadata.rs:106:5
    |
106 | use std::convert::TryFrom;
    |     ^^^^^^^^^^^^^^^^^^^^^

warning: unused import: `alloc::string::ToString`
 --> vendor/png-0.18.1/src/decoder/stream.rs:1:5
  |
1 | use alloc::string::ToString;
  |     ^^^^^^^^^^^^^^^^^^^^^^^

warning: method `into_raw` is never used
   --> vendor/png-0.18.1/src/common.rs:547:19
    |
546 | impl SrgbRenderingIntent {
    | ------------------------ method in this implementation
547 |     pub(crate) fn into_raw(self) -> u8 {
    |                   ^^^^^^^^
    |
    = note: `#[warn(dead_code)]` (part of `#[warn(unused)]`) on by default

warning: method `set_source_srgb` is never used
   --> vendor/png-0.18.1/src/common.rs:842:19
    |
744 | impl Info<'_> {
    | ------------- method in this implementation
...
842 |     pub(crate) fn set_source_srgb(&mut self, rendering_intent: SrgbRenderingIntent) {
    |                   ^^^^^^^^^^^^^^^

warning: method `into_usize` is never used
   --> vendor/png-0.18.1/src/common.rs:861:19
    |
848 | impl BytesPerPixel {
    | ------------------ method in this implementation
...
861 |     pub(crate) fn into_usize(self) -> usize {
    |                   ^^^^^^^^^^

warning: associated function `from_simple` is never used
  --> vendor/png-0.18.1/src/filter/mod.rs:50:19
   |
49 | impl Filter {
   | ----------- associated function in this implementation
50 |     pub(crate) fn from_simple(compression: Compression) -> Self {
   |                   ^^^^^^^^^^^

warning: associated function `from_method` is never used
  --> vendor/png-0.18.1/src/filter/mod.rs:90:12
   |
78 | impl RowFilter {
   | -------------- associated function in this implementation
...
90 |     pub fn from_method(strat: Filter) -> Option<Self> {
   |            ^^^^^^^^^^^

warning: function `filter_internal` is never used
   --> vendor/png-0.18.1/src/filter/mod.rs:361:4
    |
361 | fn filter_internal(
    |    ^^^^^^^^^^^^^^^

warning: function `adaptive_filter` is never used
   --> vendor/png-0.18.1/src/filter/mod.rs:500:4
    |
500 | fn adaptive_filter(
    |    ^^^^^^^^^^^^^^^

warning: function `filter` is never used
   --> vendor/png-0.18.1/src/filter/mod.rs:530:15
    |
530 | pub(crate) fn filter(
    |               ^^^^^^

warning: function `ilog2i` is never used
   --> vendor/png-0.18.1/src/filter/mod.rs:552:4
    |
552 | fn ilog2i(i: u32) -> u32 {
    |    ^^^^^^

warning: function `entropy` is never used
   --> vendor/png-0.18.1/src/filter/mod.rs:557:4
    |
557 | fn entropy(buf: &[u8]) -> u64 {
    |    ^^^^^^^

warning: function `sum_buffer` is never used
   --> vendor/png-0.18.1/src/filter/mod.rs:608:4
    |
608 | fn sum_buffer(buf: &[u8]) -> u64 {
    |    ^^^^^^^^^^

warning: function `filter_paeth_fpnge` is never used
  --> vendor/png-0.18.1/src/filter/paeth.rs:45:15
   |
45 | pub(super) fn filter_paeth_fpnge(a: u8, b: u8, c: u8) -> u8 {
   |               ^^^^^^^^^^^^^^^^^^

warning: trait `WriteBytesExt` is never used
  --> vendor/png-0.18.1/src/traits.rs:34:11
   |
34 | pub trait WriteBytesExt<T>: io::Write {
   |           ^^^^^^^^^^^^^

warning: `png` (lib) generated 17 warnings (run `cargo fix --lib -p png` to apply 2 suggestions)
warning: feature `iterator_try_collect` is declared but not used
 --> vendor/crab-usb-0.6.2/crab-usb-0.6.2/src/lib.rs:2:12
  |
2 | #![feature(iterator_try_collect)]
  |            ^^^^^^^^^^^^^^^^^^^^
  |
  = note: `#[warn(unused_features)]` (part of `#[warn(unused)]`) on by default

warning: `crab-usb` (lib) generated 1 warning
warning: unused import: `vec`
 --> crates/trueos-qjs/src/node/mod.rs:5:29
  |
5 | use alloc::{string::String, vec, vec::Vec};
  |                             ^^^
  |
  = note: `#[warn(unused_imports)]` (part of `#[warn(unused)]`) on by default

warning: function `read_file_via_cabi` is never used
   --> crates/trueos-qjs/src/async_ops.rs:293:4
    |
293 | fn read_file_via_cabi(path: &[u8]) -> Result<Vec<u8>, i32> {
    |    ^^^^^^^^^^^^^^^^^^
    |
    = note: `#[warn(dead_code)]` (part of `#[warn(unused)]`) on by default

warning: function `push_i32_dec` is never used
 --> crates/trueos-qjs/src/trueos_module_loader/compiled.rs:8:4
  |
8 | fn push_i32_dec(out: &mut Vec<u8>, v: i32) {
  |    ^^^^^^^^^^^^

warning: function `trace_str` is never used
  --> crates/trueos-qjs/src/trueos_module_loader/compiled.rs:29:4
   |
29 | fn trace_str(s: &str) {
   |    ^^^^^^^^^

warning: function `trace_bytes` is never used
  --> crates/trueos-qjs/src/trueos_module_loader/compiled.rs:34:4
   |
34 | fn trace_bytes(bytes: &[u8]) {
   |    ^^^^^^^^^^^

warning: function `trace_nl` is never used
  --> crates/trueos-qjs/src/trueos_module_loader/compiled.rs:39:4
   |
39 | fn trace_nl() {
   |    ^^^^^^^^

warning: function `trace_usize_dec` is never used
  --> crates/trueos-qjs/src/trueos_module_loader/compiled.rs:44:4
   |
44 | fn trace_usize_dec(v: usize) {
   |    ^^^^^^^^^^^^^^^

warning: function `read_file_sync` is never used
  --> crates/trueos-qjs/src/trueos_module_loader/compiled.rs:48:4
   |
48 | fn read_file_sync(path: &[u8]) -> Result<Vec<u8>, i32> {
   |    ^^^^^^^^^^^^^^

warning: function `write_file_sync` is never used
  --> crates/trueos-qjs/src/trueos_module_loader/compiled.rs:52:4
   |
52 | fn write_file_sync(path: &[u8], data: &[u8]) -> Result<(), i32> {
   |    ^^^^^^^^^^^^^^^

warning: function `compiled_cache_path_for_source` is never used
  --> crates/trueos-qjs/src/trueos_module_loader/compiled.rs:65:15
   |
65 | pub(super) fn compiled_cache_path_for_source(source_cache_path: &[u8]) -...
   |               ^^^^^^^^^^^^^^^^^^^^^^^^^^^^^^

warning: function `try_load_compiled_module` is never used
  --> crates/trueos-qjs/src/trueos_module_loader/compiled.rs:74:22
   |
74 | pub(super) unsafe fn try_load_compiled_module(
   |                      ^^^^^^^^^^^^^^^^^^^^^^^^

warning: function `persist_compiled_module` is never used
  --> crates/trueos-qjs/src/trueos_module_loader/compiled.rs:96:22
   |
96 | pub(super) unsafe fn persist_compiled_module(
   |                      ^^^^^^^^^^^^^^^^^^^^^^^

warning: struct `EmbeddedModule` is never constructed
 --> crates/trueos-qjs/src/trueos_module_loader/embedded.rs:3:19
  |
3 | pub(crate) struct EmbeddedModule {
  |                   ^^^^^^^^^^^^^^

warning: static `EMBEDDED` is never used
 --> /home/t4ce/REPOS/TRUEOS/tgt/86_64/debug/build/trueos-qjs-d8ecc951a460ae70/out/embedded_qjs/embedded_modules.rs:4:8
  |
4 | static EMBEDDED: &[EmbeddedModule] = &[
  |        ^^^^^^^^

warning: function `find` is never used
  --> crates/trueos-qjs/src/trueos_module_loader/embedded.rs:17:15
   |
17 | pub(crate) fn find(path: &[u8]) -> Option<&'static EmbeddedModule> {
   |               ^^^^

warning: function `intersect_rect` is never used
  --> crates/trueos-qjs/src/../app/browser/layout.rs:78:4
   |
78 | fn intersect_rect(
   |    ^^^^^^^^^^^^^^

warning: function `clamp_u8` is never used
  --> crates/trueos-qjs/src/../app/browser/layout.rs:94:4
   |
94 | fn clamp_u8(v: i32) -> u8 {
   |    ^^^^^^^^

warning: function `push_vtx` is never used
   --> crates/trueos-qjs/src/../app/browser/layout.rs:117:4
    |
117 | fn push_vtx(out: &mut Vec<u8>, x_ndc: f32, y_ndc: f32, r: u8, g: u8, b:...
    |    ^^^^^^^^

warning: function `to_ndc_x` is never used
   --> crates/trueos-qjs/src/../app/browser/layout.rs:127:4
    |
127 | fn to_ndc_x(x: f32, viewport_w: f32) -> f32 {
    |    ^^^^^^^^

warning: function `to_ndc_y` is never used
   --> crates/trueos-qjs/src/../app/browser/layout.rs:132:4
    |
132 | fn to_ndc_y(y: f32, viewport_h: f32) -> f32 {
    |    ^^^^^^^^

warning: function `push_rect` is never used
   --> crates/trueos-qjs/src/../app/browser/layout.rs:136:4
    |
136 | fn push_rect(
    |    ^^^^^^^^^

warning: function `push_border_rect` is never used
   --> crates/trueos-qjs/src/../app/browser/layout.rs:175:4
    |
175 | fn push_border_rect(
    |    ^^^^^^^^^^^^^^^^

warning: function `push_border_rect_rgba` is never used
   --> crates/trueos-qjs/src/../app/browser/layout.rs:191:4
    |
191 | fn push_border_rect_rgba(
    |    ^^^^^^^^^^^^^^^^^^^^^

warning: function `push_filled_rect` is never used
   --> crates/trueos-qjs/src/../app/browser/layout.rs:220:4
    |
220 | fn push_filled_rect(
    |    ^^^^^^^^^^^^^^^^

warning: function `push_diag_gradient_rect_rgba` is never used
   --> crates/trueos-qjs/src/../app/browser/layout.rs:239:4
    |
239 | fn push_diag_gradient_rect_rgba(
    |    ^^^^^^^^^^^^^^^^^^^^^^^^^^^^

warning: function `js_null` is never used
    --> crates/trueos-qjs/src/node/mod.rs:1091:4
     |
1091 | fn js_null() -> qjs::JSValue {
     |    ^^^^^^^

warning: `extern` fn uses type `fn(u32, i32)`, which is not FFI-safe
   --> crates/trueos-qjs/src/yoga/yoga_native.rs:226:12
    |
226 |         f: fn(u32, i32),
    |            ^^^^^^^^^^^^ not FFI-safe
    |
    = help: consider using an `extern fn(...) -> ...` function pointer instead
    = note: this function pointer has Rust-specific calling convention
    = note: `#[warn(improper_ctypes_definitions)]` on by default

warning: `extern` fn uses type `fn(u32, f32)`, which is not FFI-safe
   --> crates/trueos-qjs/src/yoga/yoga_native.rs:237:12
    |
237 |         f: fn(u32, f32),
    |            ^^^^^^^^^^^^ not FFI-safe
    |
    = help: consider using an `extern fn(...) -> ...` function pointer instead
    = note: this function pointer has Rust-specific calling convention

warning: `extern` fn uses type `fn(u32, i32, f32)`, which is not FFI-safe
   --> crates/trueos-qjs/src/yoga/yoga_native.rs:248:12
    |
248 |         f: fn(u32, i32, f32),
    |            ^^^^^^^^^^^^^^^^^ not FFI-safe
    |
    = help: consider using an `extern fn(...) -> ...` function pointer instead
    = note: this function pointer has Rust-specific calling convention

warning: `trueos-qjs` (lib) generated 29 warnings (run `cargo fix --lib -p trueos-qjs` to apply 1 suggestion)
   Compiling TRUEOS v0.0.1 (/home/t4ce/REPOS/TRUEOS)
warning: unused import: `core::mem::size_of`
 --> src/hv/memory.rs:1:5
  |
1 | use core::mem::size_of;
  |     ^^^^^^^^^^^^^^^^^^
  |
  = note: `#[warn(unused_imports)]` (part of `#[warn(unused)]`) on by default

warning: unused imports: `HV_LOG_CAP` and `HvLogEntry`
 --> src/hv/vmm.rs:1:13
  |
1 | use super::{HV_LOG_CAP, HvLogEntry, StartError};
  |             ^^^^^^^^^^  ^^^^^^^^^^

warning: unused import: `ShellIo2`
 --> src/hv/vmm.rs:2:36
  |
2 | use crate::shell2::{ShellBackend2, ShellIo2};
  |                                    ^^^^^^^^

warning: unused imports: `AtomicU64` and `Ordering`
 --> src/hv/vmm.rs:3:38
  |
3 | use core::sync::atomic::{AtomicBool, AtomicU64, Ordering};
  |                                      ^^^^^^^^^  ^^^^^^^^

warning: unused imports: `Deque` and `String`
 --> src/hv/vmm.rs:5:16
  |
5 | use heapless::{Deque, String};
  |                ^^^^^  ^^^^^^

warning: unused import: `core::arch::x86_64::__cpuid`
 --> src/hv/vmx.rs:1:5
  |
1 | use core::arch::x86_64::__cpuid;
  |     ^^^^^^^^^^^^^^^^^^^^^^^^^^^

warning: unused imports: `sgdt` and `sidt`
 --> src/hv/vmx.rs:2:36
  |
2 | use x86_64::instructions::tables::{sgdt, sidt};
  |                                    ^^^^  ^^^^

warning: unused imports: `Cr0Flags`, `Cr0`, `Cr4Flags`, and `Cr4`
 --> src/hv/vmx.rs:3:34
  |
3 | use x86_64::registers::control::{Cr0, Cr0Flags, Cr4, Cr4Flags};
  |                                  ^^^  ^^^^^^^^  ^^^  ^^^^^^^^

warning: unused imports: `CS`, `DS`, `ES`, `FS`, `GS`, `SS`, and `Segment`
 --> src/hv/vmx.rs:5:39
  |
5 | use x86_64::registers::segmentation::{CS, DS, ES, FS, GS, SS, Segment};
  |                                       ^^  ^^  ^^  ^^  ^^  ^^  ^^^^^^^

warning: unused import: `crate::hv::guest`
 --> src/hv/vmx.rs:7:5
  |
7 | use crate::hv::guest;
  |     ^^^^^^^^^^^^^^^^

warning: unused import: `trueos_vm::stream`
  --> src/hv/mod.rs:10:9
   |
10 | pub use trueos_vm::stream;
   |         ^^^^^^^^^^^^^^^^^

warning: unused import: `alloc::vec::Vec`
  --> src/hv/mod.rs:12:5
   |
12 | use alloc::vec::Vec;
   |     ^^^^^^^^^^^^^^^

warning: unused import: `guest::*`
  --> src/hv/mod.rs:29:5
   |
29 | use guest::*;
   |     ^^^^^^^^

warning: unused imports: `LazyLock` and `RwLock`
 --> src/r/sync.rs:1:19
  |
1 | pub use v::sync::{LazyLock, RwLock};
  |                   ^^^^^^^^  ^^^^^^

warning: unnecessary parentheses around function argument
   --> src/r/ui2/mod.rs:702:17
    |
702 |                 (((state.view_w as f32) - (UI2_MINIMIZED_STRIP_PAD * 2.0)
    |                 ^
703 |                     + UI2_MINIMIZED_STRIP_GAP)
704 |                     / total_w),
    |                              ^
    |
    = note: `#[warn(unused_parens)]` (part of `#[warn(unused)]`) on by default
help: remove these parentheses
    |
702 ~                 ((state.view_w as f32) - (UI2_MINIMIZED_STRIP_PAD * 2.0)
703 |                     + UI2_MINIMIZED_STRIP_GAP)
704 ~                     / total_w,
    |

warning: unused import: `Instant`
 --> src/shell2/mod.rs:7:49
  |
7 | use embassy_time::{Duration as EmbassyDuration, Instant, Timer};
  |                                                 ^^^^^^^

warning: unused imports: `boxed::Box`, `format`, and `vec::Vec`
 --> src/shell2/backends/net_tcp.rs:1:13
  |
1 | use alloc::{boxed::Box, collections::VecDeque, format, vec::Vec};
  |             ^^^^^^^^^^                         ^^^^^^  ^^^^^^^^

warning: unused import: `Ordering`
 --> src/shell2/backends/net_tcp.rs:3:38
  |
3 | use core::sync::atomic::{AtomicBool, Ordering};
  |                                      ^^^^^^^^

warning: unused import: `embassy_executor::task`
 --> src/shell2/backends/net_tcp.rs:5:5
  |
5 | use embassy_executor::task;
  |     ^^^^^^^^^^^^^^^^^^^^^^

warning: unused imports: `Duration as EmbassyDuration` and `Timer`
 --> src/shell2/backends/net_tcp.rs:6:20
  |
6 | use embassy_time::{Duration as EmbassyDuration, Timer};
  |                    ^^^^^^^^^^^^^^^^^^^^^^^^^^^  ^^^^^

warning: unused imports: `NetCommand`, `NetEvent`, `NetQueue`, `SocketKind`, and `register_app_queues`
 --> src/shell2/backends/net_tcp.rs:9:5
  |
9 |     NetCommand, NetEvent, NetHandle, NetQueue, SocketKind, register_app_queues,
  |     ^^^^^^^^^^  ^^^^^^^^             ^^^^^^^^  ^^^^^^^^^^  ^^^^^^^^^^^^^^^^^^^

warning: unused import: `self::keyboard::TrueosHidKeyboardSample`
  --> src/usb2/hid/mod.rs:93:9
   |
93 | pub use self::keyboard::TrueosHidKeyboardSample;
   |         ^^^^^^^^^^^^^^^^^^^^^^^^^^^^^^^^^^^^^^^

warning: unused import: `self::mouse::TrueosHidMouseSample`
  --> src/usb2/hid/mod.rs:94:9
   |
94 | pub use self::mouse::TrueosHidMouseSample;
   |         ^^^^^^^^^^^^^^^^^^^^^^^^^^^^^^^^^

warning: unused import: `self::hid::TrueosHidCursorEvent`
  --> src/usb2/mod.rs:20:16
   |
20 | pub(crate) use self::hid::TrueosHidCursorEvent;
   |                ^^^^^^^^^^^^^^^^^^^^^^^^^^^^^^^

warning: unused import: `core::ptr::NonNull`
   --> src/usb2/mod.rs:205:9
    |
205 |     use core::ptr::NonNull;
    |         ^^^^^^^^^^^^^^^^^^

warning: variable does not need to be mutable
   --> src/shell2/mod.rs:944:9
    |
944 |     let mut running_go2_phase = 0usize;
    |         ----^^^^^^^^^^^^^^^^^
    |         |
    |         help: remove this `mut`
    |
    = note: `#[warn(unused_mut)]` (part of `#[warn(unused)]`) on by default

warning: unused variable: `profile`
   --> src/cpu.rs:168:9
    |
168 |     let profile = register_current_worker_spawner(spawner)
    |         ^^^^^^^ help: if this is intentional, prefix it with an underscore: `_profile`
    |
    = note: `#[warn(unused_variables)]` (part of `#[warn(unused)]`) on by default

warning: value assigned to `did_work` is never read
    --> src/gfx/virtio_gpu_3d.rs:2797:25
     |
2797 |                         did_work = true;
     |                         ^^^^^^^^^^^^^^^
     |
     = help: maybe it is overwritten before being read?
     = note: `#[warn(unused_assignments)]` (part of `#[warn(unused)]`) on by default

warning: unnecessary `unsafe` block
   --> src/hv/memory.rs:290:5
    |
290 |     unsafe { core::ptr::addr_of!(kernel_end) as u64 }
    |     ^^^^^^ unnecessary `unsafe` block
    |
    = note: `#[warn(unused_unsafe)]` (part of `#[warn(unused)]`) on by default

warning: unused variable: `spawner`
  --> src/hv/vmm.rs:47:9
   |
47 |         spawner: &Spawner,
   |         ^^^^^^^ help: if this is intentional, prefix it with an underscore: `_spawner`

warning: unused variable: `io`
  --> src/hv/vmm.rs:48:9
   |
48 |         io: &'static dyn ShellBackend2,
   |         ^^ help: if this is intentional, prefix it with an underscore: `_io`

warning: unnecessary `unsafe` block
   --> src/hv/vmx.rs:442:15
    |
442 |     let gdt = unsafe { core::ptr::addr_of_mut!(super::HV_HOST_GDT) };
    |               ^^^^^^ unnecessary `unsafe` block

warning: unnecessary `unsafe` block
   --> src/hv/vmx.rs:443:15
    |
443 |     let tss = unsafe { core::ptr::addr_of_mut!(super::HV_HOST_TSS) };
    |               ^^^^^^ unnecessary `unsafe` block

warning: unreachable pattern
   --> src/r/net/ws.rs:301:21
    |
301 |                     _ => None,
    |                     ^ no value can reach this
    |
note: multiple earlier patterns match some of the same values
   --> src/r/net/ws.rs:301:21
    |
255 |                     WebSocketReceiveMessageType::Text => {
    |                     --------------------------------- matches some of the same values
...
259 |                     WebSocketReceiveMessageType::Binary => None,
    |                     ----------------------------------- matches some of the same values
260 |                     WebSocketReceiveMessageType::Ping => {
    |                     --------------------------------- matches some of the same values
...
278 |                     WebSocketReceiveMessageType::Pong => None,
    |                     --------------------------------- matches some of the same values
...
301 |                     _ => None,
    |                     ^ ...and 2 other patterns collectively make this unreachable
    = note: `#[warn(unreachable_patterns)]` (part of `#[warn(unused)]`) on by default

warning: value assigned to `rx_buf` is never read
   --> src/r/net/wss.rs:192:26
    |
192 |         let mut rx_buf = Vec::new();
    |                          ^^^^^^^^^^
    |
    = help: maybe it is overwritten before being read?

warning: unreachable pattern
   --> src/r/net/wss.rs:367:21
    |
367 |                     _ => None,
    |                     ^ no value can reach this
    |
note: multiple earlier patterns match some of the same values
   --> src/r/net/wss.rs:367:21
    |
322 |                     WebSocketReceiveMessageType::Text => {
    |                     --------------------------------- matches some of the same values
...
326 |                     WebSocketReceiveMessageType::Binary => None,
    |                     ----------------------------------- matches some of the same values
327 |                     WebSocketReceiveMessageType::Ping => {
    |                     --------------------------------- matches some of the same values
...
345 |                     WebSocketReceiveMessageType::Pong => None,
    |                     --------------------------------- matches some of the same values
...
367 |                     _ => None,
    |                     ^ ...and 2 other patterns collectively make this unreachable

warning: variable does not need to be mutable
   --> src/usb2/crabusb_service.rs:962:9
    |
962 |     let mut flush_current = |out: &mut Vec<UacStreamCandidate>,
    |         ----^^^^^^^^^^^^^
    |         |
    |         help: remove this `mut`

warning: struct `HeapStats` is never constructed
   --> src/allocators.rs:268:12
    |
268 | pub struct HeapStats {
    |            ^^^^^^^^^
    |
    = note: `#[warn(dead_code)]` (part of `#[warn(unused)]`) on by default

warning: function `heap_stats` is never used
   --> src/allocators.rs:281:8
    |
281 | pub fn heap_stats() -> HeapStats {
    |        ^^^^^^^^^^

warning: function `alloc_error` is never used
   --> src/allocators.rs:371:4
    |
371 | fn alloc_error(layout: Layout) -> ! {
    |    ^^^^^^^^^^^

warning: constant `DEFAULT_RATE_HZ` is never used
 --> src/audio/mod.rs:1:11
  |
1 | pub const DEFAULT_RATE_HZ: u32 = 48_000;
  |           ^^^^^^^^^^^^^^^

warning: constant `DEFAULT_CHANNELS` is never used
 --> src/audio/mod.rs:2:11
  |
2 | pub const DEFAULT_CHANNELS: u16 = 2;
  |           ^^^^^^^^^^^^^^^^

warning: struct `PcmFormat` is never constructed
 --> src/audio/mod.rs:6:12
  |
6 | pub struct PcmFormat {
  |            ^^^^^^^^^

warning: associated function `new` is never used
   --> src/disc/block.rs:184:18
    |
183 | impl PciAddress {
    | --------------- associated function in this implementation
184 |     pub const fn new(bus: u8, slot: u8, function: u8) -> Self {
    |                  ^^^

warning: method `as_str` is never used
   --> src/disc/block.rs:203:12
    |
202 | impl DeviceSerial {
    | ----------------- method in this implementation
203 |     pub fn as_str(&self) -> &str {
    |            ^^^^^^

warning: field `serial` is never read
   --> src/disc/block.rs:233:9
    |
221 | pub struct DeviceInfo {
    |            ---------- field in this struct
...
233 |     pub serial: Option<DeviceSerial>,
    |         ^^^^^^
    |
    = note: `DeviceInfo` has derived impls for the traits `Debug` and `Clone`, but these are intentionally ignored during dead code analysis

warning: method `with_pci` is never used
   --> src/disc/block.rs:282:12
    |
254 | impl DeviceDescriptor {
    | --------------------- method in this implementation
...
282 |     pub fn with_pci(mut self, pci: PciAddress) -> Self {
    |            ^^^^^^^^

warning: associated function `from_uefi_bytes` is never used
  --> src/efi/mod.rs:56:19
   |
46 | impl EfiGuid {
   | ------------ associated function in this implementation
...
56 |     pub(crate) fn from_uefi_bytes(bytes: [u8; 16]) -> Self {
   |                   ^^^^^^^^^^^^^^^

warning: variants `Warm` and `PlatformSpecific` are never constructed
   --> src/efi/mod.rs:323:5
    |
321 | pub enum EfiResetType {
    |          ------------ variants in this enum
322 |     Cold = 0,
323 |     Warm = 1,
    |     ^^^^
324 |     Shutdown = 2,
325 |     PlatformSpecific = 3,
    |     ^^^^^^^^^^^^^^^^

warning: function `last_logo_rect` is never used
  --> src/efi/acpi/bgrt.rs:98:8
   |
98 | pub fn last_logo_rect() -> Option<(usize, usize, usize, usize)> {
   |        ^^^^^^^^^^^^^^

warning: function `walk_subtables` is never used
 --> src/efi/acpi/madt.rs:4:8
  |
4 | pub fn walk_subtables<F>(mut callback: F)
  |        ^^^^^^^^^^^^^^

warning: static `PRESENT_OWNER` is never used
  --> src/gfx/mod.rs:27:8
   |
27 | static PRESENT_OWNER: AtomicU8 = AtomicU8::new(0);
   |        ^^^^^^^^^^^^^

warning: function `with_context` is never used
   --> src/gfx/mod.rs:296:8
    |
296 | pub fn with_context<R>(f: impl FnOnce(&mut dyn GfxContext) -> R) -> Opt...
    |        ^^^^^^^^^^^^

warning: enum `BackendKind` is never used
   --> src/gfx/mod.rs:362:10
    |
362 | pub enum BackendKind {
    |          ^^^^^^^^^^^

warning: function `backend_kind` is never used
   --> src/gfx/mod.rs:370:8
    |
370 | pub fn backend_kind() -> Option<BackendKind> {
    |        ^^^^^^^^^^^^

warning: function `toggle_backend` is never used
   --> src/gfx/mod.rs:383:8
    |
383 | pub fn toggle_backend() -> BackendKind {
    |        ^^^^^^^^^^^^^^

warning: method `next_frame` is never used
   --> src/gfx/screenshot.rs:159:18
    |
154 | impl ScreenshotAwait {
    | -------------------- method in this implementation
...
159 |     pub async fn next_frame(&self, seen_seq: u64, poll_ms: u64) -> (u64...
    |                  ^^^^^^^^^^

warning: function `virgl_screenshot_await` is never used
   --> src/gfx/screenshot.rs:300:8
    |
300 | pub fn virgl_screenshot_await() -> &'static ScreenshotAwait {
    |        ^^^^^^^^^^^^^^^^^^^^^^

warning: function `publish_screenshot_image_buffer` is never used
   --> src/gfx/screenshot.rs:308:15
    |
308 | pub(crate) fn publish_screenshot_image_buffer(width: u32, height: u32, ...
    |               ^^^^^^^^^^^^^^^^^^^^^^^^^^^^^^^

warning: function `virgl_screenshot_capture_armed` is never used
   --> src/gfx/screenshot.rs:328:15
    |
328 | pub(crate) fn virgl_screenshot_capture_armed() -> bool {
    |               ^^^^^^^^^^^^^^^^^^^^^^^^^^^^^^

warning: function `publish_virgl_image_buffer` is never used
   --> src/gfx/screenshot.rs:332:15
    |
332 | pub(crate) fn publish_virgl_image_buffer(width: u32, height: u32, pixel...
    |               ^^^^^^^^^^^^^^^^^^^^^^^^^^

warning: function `draw_atlas_text_in_frame` is never used
   --> src/gfx/text.rs:352:8
    |
352 | pub fn draw_atlas_text_in_frame(text: &[u8], x: f32, y: f32, view_w: u3...
    |        ^^^^^^^^^^^^^^^^^^^^^^^^

warning: function `draw_atlas_text` is never used
   --> src/gfx/text.rs:432:8
    |
432 | pub fn draw_atlas_text(text: &[u8], x: f32, y: f32) -> bool {
    |        ^^^^^^^^^^^^^^^

warning: constant `PIPE_BIND_DISPLAY_TARGET` is never used
  --> src/gfx/virtio_gpu_3d.rs:86:7
   |
86 | const PIPE_BIND_DISPLAY_TARGET: u32 = 1 << 8;
   |       ^^^^^^^^^^^^^^^^^^^^^^^^

warning: constant `PIPE_BIND_SCANOUT` is never used
  --> src/gfx/virtio_gpu_3d.rs:87:7
   |
87 | const PIPE_BIND_SCANOUT: u32 = 1 << 14;
   |       ^^^^^^^^^^^^^^^^^

warning: constant `VIRGL_FORMAT_B8G8R8X8_UNORM` is never used
  --> src/gfx/virtio_gpu_3d.rs:91:7
   |
91 | const VIRGL_FORMAT_B8G8R8X8_UNORM: u32 = 2;
   |       ^^^^^^^^^^^^^^^^^^^^^^^^^^^

warning: field `common` is never read
   --> src/gfx/virtio_gpu_3d.rs:753:5
    |
752 | pub struct VirtioGpu3d {
    |            ----------- field in this struct
753 |     common: core::ptr::NonNull<VirtioPciCommonCfg>,
    |     ^^^^^^

warning: constant `TEX_PIPELINE_FS_MASK_TAG_RAW` is never used
    --> src/gfx/virtio_gpu_3d.rs:1372:7
     |
1372 | const TEX_PIPELINE_FS_MASK_TAG_RAW: u32 = 0x4D41_534B;
     |       ^^^^^^^^^^^^^^^^^^^^^^^^^^^^

warning: field `scanout_backing` is never read
    --> src/gfx/virtio_gpu_3d.rs:1555:5
     |
1545 | pub struct VirglGfxBackend {
     |            --------------- field in this struct
...
1555 |     scanout_backing: DmaRegion,
     |     ^^^^^^^^^^^^^^^

warning: constant `PIPE_BLENDFACTOR_ONE` is never used
    --> src/gfx/virtio_gpu_3d.rs:3856:11
     |
3856 |     const PIPE_BLENDFACTOR_ONE: u32 = 1;
     |           ^^^^^^^^^^^^^^^^^^^^

warning: constant `LED_TOOL_MAX_PAYLOAD_BYTES` is never used
 --> src/host_api.rs:9:7
  |
9 | const LED_TOOL_MAX_PAYLOAD_BYTES: usize = 2048;
  |       ^^^^^^^^^^^^^^^^^^^^^^^^^^

warning: static `VMM` is never used
  --> src/hv/mod.rs:39:8
   |
39 | static VMM: VmManager = VmManager::new();
   |        ^^^

warning: variant `NotRunning` is never constructed
  --> src/hv/mod.rs:74:5
   |
72 | pub enum StopError {
   |          --------- variant in this enum
73 |     UnsupportedVmId,
74 |     NotRunning,
   |     ^^^^^^^^^^
   |
   = note: `StopError` has derived impls for the traits `Debug` and `Clone`, but these are intentionally ignored during dead code analysis

warning: constant `VM1_SNAPSHOT_PATH` is never used
 --> src/hv/snapshot.rs:8:11
  |
8 | pub const VM1_SNAPSHOT_PATH: &str = "vm/vm1.snapshot";
  |           ^^^^^^^^^^^^^^^^^

warning: field `0` is never read
  --> src/hv/snapshot.rs:35:8
   |
35 |     Io(crate::disc::block::Error),
   |     -- ^^^^^^^^^^^^^^^^^^^^^^^^^
   |     |
   |     field in this variant
   |
   = note: `SaveError` has derived impls for the traits `Debug` and `Clone`, but these are intentionally ignored during dead code analysis
help: consider changing the field to be of unit type to suppress this warning while preserving the field numbering, or remove the field
   |
35 -     Io(crate::disc::block::Error),
35 +     Io(()),
   |

warning: variant `NoRoot` is never constructed
  --> src/hv/snapshot.rs:32:5
   |
30 | pub enum SaveError {
   |          --------- variant in this enum
31 |     UnsupportedVmId,
32 |     NoRoot,
   |     ^^^^^^
   |
   = note: `SaveError` has derived impls for the traits `Debug` and `Clone`, but these are intentionally ignored during dead code analysis

warning: field `0` is never read
  --> src/hv/snapshot.rs:43:10
   |
43 |     Read(crate::disc::block::Error),
   |     ---- ^^^^^^^^^^^^^^^^^^^^^^^^^
   |     |
   |     field in this variant
   |
   = note: `RestoreError` has derived impls for the traits `Debug` and `Clone`, but these are intentionally ignored during dead code analysis
help: consider changing the field to be of unit type to suppress this warning while preserving the field numbering, or remove the field
   |
43 -     Read(crate::disc::block::Error),
43 +     Read(()),
   |

warning: variant `NoRoot` is never constructed
  --> src/hv/snapshot.rs:41:5
   |
39 | pub enum RestoreError {
   |          ------------ variant in this enum
40 |     UnsupportedVmId,
41 |     NoRoot,
   |     ^^^^^^
   |
   = note: `RestoreError` has derived impls for the traits `Debug` and `Clone`, but these are intentionally ignored during dead code analysis

warning: constant `MAX_VMS` is never used
 --> src/hv/vmm.rs:8:11
  |
8 | pub const MAX_VMS: usize = 10;
  |           ^^^^^^^

warning: struct `Vm` is never constructed
  --> src/hv/vmm.rs:10:12
   |
10 | pub struct Vm {
   |            ^^

warning: associated function `new` is never used
  --> src/hv/vmm.rs:20:12
   |
19 | impl Vm {
   | ------- associated function in this implementation
20 |     pub fn new(id: u8) -> Self {
   |            ^^^

warning: struct `VmManager` is never constructed
  --> src/hv/vmm.rs:32:12
   |
32 | pub struct VmManager {
   |            ^^^^^^^^^

warning: associated items `new` and `start_vm` are never used
  --> src/hv/vmm.rs:37:18
   |
36 | impl VmManager {
   | -------------- associated items in this implementation
37 |     pub const fn new() -> Self {
   |                  ^^^
...
44 |     pub fn start_vm(
   |            ^^^^^^^^

warning: function `read_rsp` is never used
   --> src/hv/vmx.rs:376:8
    |
376 | pub fn read_rsp() -> u64 {
    |        ^^^^^^^^

warning: constant `USB_VERBOSE` is never used
 --> src/logflag.rs:4:18
  |
4 | pub(crate) const USB_VERBOSE: bool = false;
  |                  ^^^^^^^^^^^

warning: static `INTEL_RING_INIT_LOGS` is never used
  --> src/logflag.rs:27:19
   |
27 | pub(crate) static INTEL_RING_INIT_LOGS: AtomicU32 = AtomicU32::new(0);
   |                   ^^^^^^^^^^^^^^^^^^^^

warning: static `INTEL_SUBMIT_LOGS` is never used
  --> src/logflag.rs:28:19
   |
28 | pub(crate) static INTEL_SUBMIT_LOGS: AtomicU32 = AtomicU32::new(0);
   |                   ^^^^^^^^^^^^^^^^^

warning: static `INTEL_PRESENT_LOGS` is never used
  --> src/logflag.rs:29:19
   |
29 | pub(crate) static INTEL_PRESENT_LOGS: AtomicU32 = AtomicU32::new(0);
   |                   ^^^^^^^^^^^^^^^^^^

warning: static `XHCI_LOG_PORTS_ON_INIT` is never used
  --> src/logflag.rs:36:19
   |
36 | pub(crate) static XHCI_LOG_PORTS_ON_INIT: AtomicBool = AtomicBool::new(f...
   |                   ^^^^^^^^^^^^^^^^^^^^^^

warning: constant `XHCI_TRACE_EVENT_TRBS` is never used
  --> src/logflag.rs:37:18
   |
37 | pub(crate) const XHCI_TRACE_EVENT_TRBS: bool = false;
   |                  ^^^^^^^^^^^^^^^^^^^^^

warning: static `USB_ENUM_ROOT_SLOT_CTX_ONCE` is never used
  --> src/logflag.rs:38:19
   |
38 | pub(crate) static USB_ENUM_ROOT_SLOT_CTX_ONCE: AtomicBool = AtomicBool::...
   |                   ^^^^^^^^^^^^^^^^^^^^^^^^^^^

warning: static `USB_ENUM_ROOT_ADDRDEV_FAIL_ONCE` is never used
  --> src/logflag.rs:39:19
   |
39 | pub(crate) static USB_ENUM_ROOT_ADDRDEV_FAIL_ONCE: AtomicBool = AtomicBo...
   |                   ^^^^^^^^^^^^^^^^^^^^^^^^^^^^^^^

warning: function `pop_rx_packet_at` is never used
   --> src/net/mod.rs:370:8
    |
370 | pub fn pop_rx_packet_at(index: usize) -> Option<alloc::vec::Vec<u8>> {
    |        ^^^^^^^^^^^^^^^^

warning: function `transmit_packet_at` is never used
   --> src/net/mod.rs:386:8
    |
386 | pub fn transmit_packet_at(index: usize, data: &[u8]) -> Result<(), ()> {
    |        ^^^^^^^^^^^^^^^^^^

warning: function `mac_address` is never used
   --> src/net/mod.rs:423:8
    |
423 | pub fn mac_address() -> Option<[u8; 6]> {
    |        ^^^^^^^^^^^

warning: function `set_primary_device_index` is never used
   --> src/net/mod.rs:448:8
    |
448 | pub fn set_primary_device_index(index: usize) {
    |        ^^^^^^^^^^^^^^^^^^^^^^^^

warning: variants `V4` and `V6` are never constructed
  --> src/net/adapter.rs:39:5
   |
38 | enum InternalNetbenchRemote {
   |      ---------------------- variants in this enum
39 |     V4([u8; 4]),
   |     ^^
40 |     V6([u8; 16]),
   |     ^^
   |
   = note: `InternalNetbenchRemote` has a derived impl for the trait `Clone`, but this is intentionally ignored during dead code analysis

warning: constant `INTERNAL_NETBENCH_MAX_PENDING` is never used
  --> src/net/adapter.rs:45:7
   |
45 | const INTERNAL_NETBENCH_MAX_PENDING: usize = 8;
   |       ^^^^^^^^^^^^^^^^^^^^^^^^^^^^^

warning: static `INTERNAL_NETBENCH_NEXT_ID` is never used
  --> src/net/adapter.rs:48:8
   |
48 | static INTERNAL_NETBENCH_NEXT_ID: AtomicU32 = AtomicU32::new(1);
   |        ^^^^^^^^^^^^^^^^^^^^^^^^^

warning: function `internal_netbench_submit` is never used
  --> src/net/adapter.rs:76:8
   |
76 | pub fn internal_netbench_submit(
   |        ^^^^^^^^^^^^^^^^^^^^^^^^

warning: function `internal_netbench_submit_v6` is never used
  --> src/net/adapter.rs:96:8
   |
96 | pub fn internal_netbench_submit_v6(
   |        ^^^^^^^^^^^^^^^^^^^^^^^^^^^

warning: function `set_tls_owner_timeouts` is never used
  --> src/net/tls_socket.rs:38:8
   |
38 | pub fn set_tls_owner_timeouts(owner: &'static str, timeouts: TlsTimeouts) {
   |        ^^^^^^^^^^^^^^^^^^^^^^

warning: field `msg` is never read
   --> src/net/tls_socket.rs:140:9
    |
139 |     Error {
    |     ----- field in this variant
140 |         msg: &'static str,
    |         ^^^
    |
    = note: `TlsEvent` has derived impls for the traits `Debug` and `Clone`, but these are intentionally ignored during dead code analysis

warning: field `err` is never read
   --> src/net/tls_socket.rs:143:9
    |
142 |     TlsError {
    |     -------- field in this variant
143 |         err: TlsError,
    |         ^^^
    |
    = note: `TlsEvent` has derived impls for the traits `Debug` and `Clone`, but these are intentionally ignored during dead code analysis

warning: constant `PCI_STATUS_CAP_LIST` is never used
  --> src/pci/pci.rs:15:7
   |
15 | const PCI_STATUS_CAP_LIST: u16 = 1 << 4;
   |       ^^^^^^^^^^^^^^^^^^^

warning: constant `PCI_CAP_PTR` is never used
  --> src/pci/pci.rs:17:7
   |
17 | const PCI_CAP_PTR: u16 = 0x34;
   |       ^^^^^^^^^^^

warning: constant `PCI_CAP_ID_PCI_EXPRESS` is never used
  --> src/pci/pci.rs:18:7
   |
18 | const PCI_CAP_ID_PCI_EXPRESS: u8 = 0x10;
   |       ^^^^^^^^^^^^^^^^^^^^^^

warning: constant `PCI_EXP_DEVCAP` is never used
  --> src/pci/pci.rs:19:7
   |
19 | const PCI_EXP_DEVCAP: u16 = 0x04;
   |       ^^^^^^^^^^^^^^

warning: constant `PCI_EXP_DEVCTL` is never used
  --> src/pci/pci.rs:20:7
   |
20 | const PCI_EXP_DEVCTL: u16 = 0x08;
   |       ^^^^^^^^^^^^^^

warning: constant `PCI_EXP_DEVCAP_FLR` is never used
  --> src/pci/pci.rs:21:7
   |
21 | const PCI_EXP_DEVCAP_FLR: u32 = 1 << 28;
   |       ^^^^^^^^^^^^^^^^^^

warning: constant `PCI_EXP_DEVCTL_BCR_FLR` is never used
  --> src/pci/pci.rs:22:7
   |
22 | const PCI_EXP_DEVCTL_BCR_FLR: u16 = 1 << 15;
   |       ^^^^^^^^^^^^^^^^^^^^^^

warning: function `try_function_level_reset` is never used
   --> src/pci/pci.rs:347:8
    |
347 | pub fn try_function_level_reset(bus: u8, slot: u8, function: u8) -> bool {
    |        ^^^^^^^^^^^^^^^^^^^^^^^^

warning: function `find_capability` is never used
   --> src/pci/pci.rs:371:4
    |
371 | fn find_capability(bus: u8, slot: u8, function: u8, cap_id: u8) -> Opti...
    |    ^^^^^^^^^^^^^^^

warning: function `bar0_size_bytes` is never used
   --> src/pci/pci.rs:546:8
    |
546 | pub fn bar0_size_bytes(bus: u8, slot: u8, function: u8) -> Option<u64> {
    |        ^^^^^^^^^^^^^^^

warning: function `align_up_u64` is never used
   --> src/pci/pci.rs:550:4
    |
550 | fn align_up_u64(value: u64, align: u64) -> Option<u64> {
    |    ^^^^^^^^^^^^

warning: struct `LinkedPortal` is never constructed
 --> src/portal.rs:9:19
  |
9 | pub(crate) struct LinkedPortal {
  |                   ^^^^^^^^^^^^

warning: enum `LaunchError` is never used
  --> src/portal.rs:17:17
   |
17 | pub(crate) enum LaunchError {
   |                 ^^^^^^^^^^^

warning: struct `PortalLaunch` is never constructed
  --> src/portal.rs:23:8
   |
23 | struct PortalLaunch {
   |        ^^^^^^^^^^^^

warning: constant `LINKED_PORTALS` is never used
  --> src/portal.rs:29:7
   |
29 | const LINKED_PORTALS: &[LinkedPortal] = &[];
   |       ^^^^^^^^^^^^^^

warning: function `linked_portals` is never used
  --> src/portal.rs:31:15
   |
31 | pub(crate) fn linked_portals() -> &'static [LinkedPortal] {
   |               ^^^^^^^^^^^^^^

warning: function `launch_linked_portal` is never used
  --> src/portal.rs:35:15
   |
35 | pub(crate) fn launch_linked_portal(
   |               ^^^^^^^^^^^^^^^^^^^^

warning: function `pick_portal_spawner` is never used
  --> src/portal.rs:68:4
   |
68 | fn pick_portal_spawner() -> Option<SendSpawner> {
   |    ^^^^^^^^^^^^^^^^^^^

warning: function `map_spawn_error` is never used
  --> src/portal.rs:73:4
   |
73 | fn map_spawn_error(_: SpawnError) -> LaunchError {
   |    ^^^^^^^^^^^^^^^

warning: enum `TrueosPublicError` is never used
  --> src/r/disc/ramdisk.rs:21:10
   |
21 | pub enum TrueosPublicError {
   |          ^^^^^^^^^^^^^^^^^

warning: function `create_trueos_public` is never used
   --> src/r/disc/ramdisk.rs:196:14
    |
196 | pub async fn create_trueos_public(
    |              ^^^^^^^^^^^^^^^^^^^^

warning: constant `HID_KEYBOARD_CLAIMED` is never used
 --> src/r/readiness.rs:9:11
  |
9 | pub const HID_KEYBOARD_CLAIMED: u32 = 1 << 2;
  |           ^^^^^^^^^^^^^^^^^^^^

warning: constant `UAC_ATTACHED` is never used
  --> src/r/readiness.rs:11:11
   |
11 | pub const UAC_ATTACHED: u32 = 1 << 5;
   |           ^^^^^^^^^^^^

warning: static `USB_CONTROLLER_TASKS_STARTED` is never used
   --> src/r/spawn_service.rs:106:5
    |
106 |     USB_CONTROLLER_TASKS_STARTED,
    |     ^^^^^^^^^^^^^^^^^^^^^^^^^^^^
    |
    = note: this warning originates in the macro `define_started_flags` (in Nightly builds, run with -Z macro-backtrace for more info)

warning: static `UAC_EVENT_DRAIN_STARTED` is never used
   --> src/r/spawn_service.rs:107:5
    |
107 |     UAC_EVENT_DRAIN_STARTED,
    |     ^^^^^^^^^^^^^^^^^^^^^^^
    |
    = note: this warning originates in the macro `define_started_flags` (in Nightly builds, run with -Z macro-backtrace for more info)

warning: static `UAC_SONG_STARTED` is never used
   --> src/r/spawn_service.rs:108:5
    |
108 |     UAC_SONG_STARTED,
    |     ^^^^^^^^^^^^^^^^
    |
    = note: this warning originates in the macro `define_started_flags` (in Nightly builds, run with -Z macro-backtrace for more info)

warning: static `VLEDS_MUX_STARTED` is never used
   --> src/r/spawn_service.rs:109:5
    |
109 |     VLEDS_MUX_STARTED,
    |     ^^^^^^^^^^^^^^^^^
    |
    = note: this warning originates in the macro `define_started_flags` (in Nightly builds, run with -Z macro-backtrace for more info)

warning: static `VLEDS_CYCLE_STARTED` is never used
   --> src/r/spawn_service.rs:110:5
    |
110 |     VLEDS_CYCLE_STARTED,
    |     ^^^^^^^^^^^^^^^^^^^
    |
    = note: this warning originates in the macro `define_started_flags` (in Nightly builds, run with -Z macro-backtrace for more info)

warning: static `TRUEKEY_DRAIN_STARTED` is never used
   --> src/r/spawn_service.rs:111:5
    |
111 |     TRUEKEY_DRAIN_STARTED,
    |     ^^^^^^^^^^^^^^^^^^^^^
    |
    = note: this warning originates in the macro `define_started_flags` (in Nightly builds, run with -Z macro-backtrace for more info)

warning: constant `STATUS_SESSION_RGB` is never used
  --> src/shell2/mod.rs:36:7
   |
36 | const STATUS_SESSION_RGB: (u8, u8, u8) = (0, 255, 192);
   |       ^^^^^^^^^^^^^^^^^^

warning: field `output_mask` is never read
  --> src/shell2/mod.rs:78:5
   |
77 | pub(crate) struct MatrixTarget {
   |                   ------------ field in this struct
78 |     output_mask: u8,
   |     ^^^^^^^^^^^
   |
   = note: `MatrixTarget` has a derived impl for the trait `Clone`, but this is intentionally ignored during dead code analysis

warning: function `register_command` is never used
   --> src/shell2/mod.rs:556:8
    |
556 | pub fn register_command(
    |        ^^^^^^^^^^^^^^^^

warning: field `0` is never read
  --> src/shell2/cmds/run.rs:89:25
   |
89 | struct PortalImageArena([u8; PORTAL_IMAGE_ARENA_BYTES]);
   |        ---------------- ^^^^^^^^^^^^^^^^^^^^^^^^^^^^^^
   |        |
   |        field in this struct
   |
   = help: consider removing this field

warning: associated function `autosize` is never used
  --> src/shell2/cmds/tlb_helper.rs:86:19
   |
63 | impl<'a> TlbTable<'a> {
   | --------------------- associated function in this implementation
...
86 |     pub(crate) fn autosize(
   |                   ^^^^^^^^

warning: constant `HIDE_CURSOR` is never used
 --> src/shell2/ecma48.rs:7:11
  |
7 | pub const HIDE_CURSOR: &str = "\x1b[?25l";
  |           ^^^^^^^^^^^

warning: constant `CURSOR_BLINKING_UNDERLINE` is never used
  --> src/shell2/ecma48.rs:12:11
   |
12 | pub const CURSOR_BLINKING_UNDERLINE: &str = "\x1b[3 q";
   |           ^^^^^^^^^^^^^^^^^^^^^^^^^

warning: constant `CURSOR_STEADY_UNDERLINE` is never used
  --> src/shell2/ecma48.rs:13:11
   |
13 | pub const CURSOR_STEADY_UNDERLINE: &str = "\x1b[4 q";
   |           ^^^^^^^^^^^^^^^^^^^^^^^

warning: constant `CURSOR_BLINKING_BAR` is never used
  --> src/shell2/ecma48.rs:14:11
   |
14 | pub const CURSOR_BLINKING_BAR: &str = "\x1b[5 q";
   |           ^^^^^^^^^^^^^^^^^^^

warning: constant `CURSOR_STEADY_BAR` is never used
  --> src/shell2/ecma48.rs:15:11
   |
15 | pub const CURSOR_STEADY_BAR: &str = "\x1b[6 q";
   |           ^^^^^^^^^^^^^^^^^

warning: constant `CLEAR_SCREEN` is never used
  --> src/shell2/ecma48.rs:16:11
   |
16 | pub const CLEAR_SCREEN: &str = "\x1b[2J";
   |           ^^^^^^^^^^^^

warning: constant `CLEAR_LINE` is never used
  --> src/shell2/ecma48.rs:17:11
   |
17 | pub const CLEAR_LINE: &str = "\x1b[2K";
   |           ^^^^^^^^^^

warning: constant `CLEAR_TO_EOL` is never used
  --> src/shell2/ecma48.rs:18:11
   |
18 | pub const CLEAR_TO_EOL: &str = "\x1b[K";
   |           ^^^^^^^^^^^^

warning: constant `CLEAR_TO_BOL` is never used
  --> src/shell2/ecma48.rs:19:11
   |
19 | pub const CLEAR_TO_BOL: &str = "\x1b[1K";
   |           ^^^^^^^^^^^^

warning: constant `CLEAR_DOWN` is never used
  --> src/shell2/ecma48.rs:20:11
   |
20 | pub const CLEAR_DOWN: &str = "\x1b[J";
   |           ^^^^^^^^^^

warning: constant `HOME` is never used
  --> src/shell2/ecma48.rs:21:11
   |
21 | pub const HOME: &str = "\x1b[H";
   |           ^^^^

warning: struct `FgRgb` is never constructed
  --> src/shell2/ecma48.rs:43:8
   |
43 | struct FgRgb<'a> {
   |        ^^^^^

warning: struct `FgRgbChar` is never constructed
  --> src/shell2/ecma48.rs:89:8
   |
89 | struct FgRgbChar {
   |        ^^^^^^^^^

warning: function `color` is never used
   --> src/shell2/ecma48.rs:102:8
    |
102 | pub fn color(text: &str, rgb: (u8, u8, u8)) -> impl fmt::Display + '_ {
    |        ^^^^^

warning: function `color_char` is never used
   --> src/shell2/ecma48.rs:107:8
    |
107 | pub fn color_char(ch: char, rgb: (u8, u8, u8)) -> impl fmt::Display {
    |        ^^^^^^^^^^

warning: function `bold` is never used
   --> src/shell2/ecma48.rs:126:8
    |
126 | pub fn bold(text: &str) -> impl fmt::Display + '_ {
    |        ^^^^

warning: struct `Cup` is never constructed
   --> src/shell2/ecma48.rs:154:8
    |
154 | struct Cup {
    |        ^^^

warning: function `pos` is never used
   --> src/shell2/ecma48.rs:166:8
    |
166 | pub fn pos(row: usize, col: usize) -> impl fmt::Display {
    |        ^^^

warning: struct `Cuu` is never constructed
   --> src/shell2/ecma48.rs:170:8
    |
170 | struct Cuu {
    |        ^^^

warning: function `up` is never used
   --> src/shell2/ecma48.rs:181:8
    |
181 | pub fn up(n: usize) -> impl fmt::Display {
    |        ^^

warning: struct `Cud` is never constructed
   --> src/shell2/ecma48.rs:185:8
    |
185 | struct Cud {
    |        ^^^

warning: function `down` is never used
   --> src/shell2/ecma48.rs:196:8
    |
196 | pub fn down(n: usize) -> impl fmt::Display {
    |        ^^^^

warning: struct `Cuf` is never constructed
   --> src/shell2/ecma48.rs:200:8
    |
200 | struct Cuf {
    |        ^^^

warning: function `right` is never used
   --> src/shell2/ecma48.rs:211:8
    |
211 | pub fn right(n: usize) -> impl fmt::Display {
    |        ^^^^^

warning: struct `Cub` is never constructed
   --> src/shell2/ecma48.rs:215:8
    |
215 | struct Cub {
    |        ^^^

warning: function `left` is never used
   --> src/shell2/ecma48.rs:226:8
    |
226 | pub fn left(n: usize) -> impl fmt::Display {
    |        ^^^^

warning: struct `CursorGuard` is never constructed
   --> src/shell2/ecma48.rs:230:12
    |
230 | pub struct CursorGuard<'a> {
    |            ^^^^^^^^^^^

warning: function `hide_cursor_guard` is never used
   --> src/shell2/ecma48.rs:240:8
    |
240 | pub fn hide_cursor_guard(io: &dyn super::ShellBackend2) -> CursorGuard<...
    |        ^^^^^^^^^^^^^^^^^

warning: function `pad_right` is never used
   --> src/shell2/ecma48.rs:569:8
    |
569 | pub fn pad_right(text: &str, width: usize) -> String {
    |        ^^^^^^^^^

warning: function `align_right` is never used
   --> src/shell2/ecma48.rs:579:8
    |
579 | pub fn align_right(text: &str, width: usize) -> String {
    |        ^^^^^^^^^^^

warning: function `json_upgrade` is never used
   --> src/shell2/ecma48.rs:593:8
    |
593 | pub fn json_upgrade(input: &str) -> String {
    |        ^^^^^^^^^^^^

warning: method `write_byte` is never used
 --> src/shell2/interface.rs:5:8
  |
1 | pub(crate) trait ShellIo2 {
  |                  -------- method in this trait
...
5 |     fn write_byte(&self, b: u8);
  |        ^^^^^^^^^^

warning: function `has_running_slots` is never used
   --> src/shell2/matrix.rs:291:15
    |
291 | pub(crate) fn has_running_slots() -> bool {
    |               ^^^^^^^^^^^^^^^^^

warning: method `handled` is never used
  --> src/shell2/shell2_cmd.rs:39:25
   |
38 | impl ParseOutcome {
   | ----------------- method in this implementation
39 |     pub(crate) const fn handled(self) -> bool {
   |                         ^^^^^^^

warning: enum `RegisterCommandError` is never used
  --> src/shell2/shell2_cmd_registry.rs:28:10
   |
28 | pub enum RegisterCommandError {
   |          ^^^^^^^^^^^^^^^^^^^^

warning: function `name_in_use` is never used
   --> src/shell2/shell2_cmd_registry.rs:233:4
    |
233 | fn name_in_use(name: &str) -> bool {
    |    ^^^^^^^^^^^

warning: function `register_command` is never used
   --> src/shell2/shell2_cmd_registry.rs:247:8
    |
247 | pub fn register_command(
    |        ^^^^^^^^^^^^^^^^

warning: function `wait_all_online_aps` is never used
   --> src/smp.rs:215:8
    |
215 | pub fn wait_all_online_aps(seq: u64, spins: usize) -> bool {
    |        ^^^^^^^^^^^^^^^^^^^

warning: function `wait_all_aps` is never used
   --> src/smp.rs:249:8
    |
249 | pub fn wait_all_aps(seq: u64, spins: usize) -> bool {
    |        ^^^^^^^^^^^^

warning: fields `class`, `subclass`, and `protocol` are never read
  --> src/usb2/mod.rs:33:9
   |
27 | pub(crate) struct UsbDeviceSummary {
   |                   ---------------- fields in this struct
...
33 |     pub class: Option<u8>,
   |         ^^^^^
34 |     pub subclass: Option<u8>,
   |         ^^^^^^^^
35 |     pub protocol: Option<u8>,
   |         ^^^^^^^^
   |
   = note: `UsbDeviceSummary` has derived impls for the traits `Debug` and `Clone`, but these are intentionally ignored during dead code analysis

warning: function `discover_first_controller` is never used
   --> src/usb2/mod.rs:134:15
    |
134 | pub(crate) fn discover_first_controller() -> Option<TlbUsbController> {
    |               ^^^^^^^^^^^^^^^^^^^^^^^^^

warning: fields `address` and `expected` are never read
 --> src/usb2/api.rs:9:17
  |
9 |     WrongKind { address: u8, expected: &'static str },
  |     ---------   ^^^^^^^      ^^^^^^^^
  |     |
  |     fields in this variant
  |
  = note: `InterfaceEndpointError` has a derived impl for the trait `Debug`, but this is intentionally ignored during dead code analysis

warning: fields `interface_number` and `alternate_setting` are never read
  --> src/usb2/api.rs:20:5
   |
18 | pub(crate) struct ClaimedInterface<'a> {
   |                   ---------------- fields in this struct
19 |     device: &'a mut Device,
20 |     interface_number: u8,
   |     ^^^^^^^^^^^^^^^^
21 |     alternate_setting: u8,
   |     ^^^^^^^^^^^^^^^^^

warning: methods `interface_number` and `alternate_setting` are never used
  --> src/usb2/api.rs:40:19
   |
39 | impl ClaimedInterface<'_> {
   | ------------------------- methods in this implementation
40 |     pub(crate) fn interface_number(&self) -> u8 {
   |                   ^^^^^^^^^^^^^^^^
...
44 |     pub(crate) fn alternate_setting(&self) -> u8 {
   |                   ^^^^^^^^^^^^^^^^^

warning: constant `DEMO_WAV_EMBEDDED` is never used
  --> src/usb2/crabusb_service.rs:45:7
   |
45 | const DEMO_WAV_EMBEDDED: &[u8] = include_bytes!(concat!(env!("CARGO_MANI...
   |       ^^^^^^^^^^^^^^^^^

warning: field `source_id` is never read
   --> src/usb2/crabusb_service.rs:156:5
    |
153 | struct UacFeatureUnitTarget {
    |        -------------------- field in this struct
...
156 |     source_id: u8,
    |     ^^^^^^^^^
    |
    = note: `UacFeatureUnitTarget` has a derived impl for the trait `Clone`, but this is intentionally ignored during dead code analysis

warning: method `protocol` is never used
   --> src/usb2/crabusb_service.rs:229:8
    |
218 | impl HidBootKind {
    | ---------------- method in this implementation
...
229 |     fn protocol(self) -> u8 {
    |        ^^^^^^^^

warning: function `parse_wav_pcm_s16_stereo_48k` is never used
   --> src/usb2/crabusb_service.rs:716:4
    |
716 | fn parse_wav_pcm_s16_stereo_48k(bytes: &[u8]) -> Option<(usize, usize)> {
    |    ^^^^^^^^^^^^^^^^^^^^^^^^^^^^

warning: variant `Unknown` is never constructed
  --> src/usb2/hid/hut.rs:12:5
   |
11 | pub enum HidSourceKind {
   |          ------------- variant in this enum
12 |     Unknown = 0,
   |     ^^^^^^^
   |
   = note: `HidSourceKind` has derived impls for the traits `Debug` and `Clone`, but these are intentionally ignored during dead code analysis

warning: function `upsert_combo` is never used
   --> src/usb2/hid/hut.rs:258:8
    |
258 | pub fn upsert_combo(combo_id: u32, source_kind: HidSourceKind, source_t...
    |        ^^^^^^^^^^^^

warning: function `bind_combo_mouse` is never used
   --> src/usb2/hid/hut.rs:287:8
    |
287 | pub fn bind_combo_mouse(combo_id: u32, controller_id: u32, slot_id: u32...
    |        ^^^^^^^^^^^^^^^^

warning: function `bind_combo_keyboard` is never used
   --> src/usb2/hid/hut.rs:305:8
    |
305 | pub fn bind_combo_keyboard(
    |        ^^^^^^^^^^^^^^^^^^^

warning: function `mice_snapshot` is never used
   --> src/usb2/hid/hut.rs:357:8
    |
357 | pub fn mice_snapshot() -> Vec<HidMouseState, MAX_HID_HUT_MICE> {
    |        ^^^^^^^^^^^^^

warning: function `keyboards_snapshot` is never used
   --> src/usb2/hid/hut.rs:361:8
    |
361 | pub fn keyboards_snapshot() -> Vec<HidKeyboardState, MAX_HID_HUT_KEYBOA...
    |        ^^^^^^^^^^^^^^^^^^

warning: function `combos_snapshot` is never used
   --> src/usb2/hid/hut.rs:365:8
    |
365 | pub fn combos_snapshot() -> Vec<HidCombo, MAX_HID_HUT_COMBOS> {
    |        ^^^^^^^^^^^^^^^

warning: field `0` is never read
  --> src/usb2/hid/leds.rs:46:15
   |
46 |     Interrupt(EndpointInterruptOut),
   |     --------- ^^^^^^^^^^^^^^^^^^^^
   |     |
   |     field in this variant
   |
help: consider changing the field to be of unit type to suppress this warning while preserving the field numbering, or remove the field
   |
46 -     Interrupt(EndpointInterruptOut),
46 +     Interrupt(()),
   |

warning: field `0` is never read
  --> src/usb2/hid/leds.rs:47:10
   |
47 |     Bulk(EndpointBulkOut),
   |     ---- ^^^^^^^^^^^^^^^
   |     |
   |     field in this variant
   |
help: consider changing the field to be of unit type to suppress this warning while preserving the field numbering, or remove the field
   |
47 -     Bulk(EndpointBulkOut),
47 +     Bulk(()),
   |

warning: method `submit_and_wait` is never used
  --> src/usb2/hid/leds.rs:51:14
   |
50 | impl LedOutEndpoint {
   | ------------------- method in this implementation
51 |     async fn submit_and_wait(&mut self, buff: &[u8]) -> Result<usize, Tr...
   |              ^^^^^^^^^^^^^^^

warning: multiple fields are never read
  --> src/usb2/hid/leds.rs:62:5
   |
59 | struct LedRuntime {
   |        ---------- fields in this struct
...
62 |     vendor_id: u16,
   |     ^^^^^^^^^
63 |     product_id: u16,
   |     ^^^^^^^^^^
64 |     device: Device,
   |     ^^^^^^
65 |     interface_number: u8,
   |     ^^^^^^^^^^^^^^^^
66 |     out_report_id: u8,
   |     ^^^^^^^^^^^^^
67 |     out_report_total_len: u16,
   |     ^^^^^^^^^^^^^^^^^^^^
68 |     out_endpoint: LedOutEndpoint,
   |     ^^^^^^^^^^^^

warning: function `take_runtime` is never used
   --> src/usb2/hid/leds.rs:116:4
    |
116 | fn take_runtime(controller_id: u32, slot_id: u32) -> Option<LedRuntime> {
    |    ^^^^^^^^^^^^

warning: function `first_runtime_key` is never used
   --> src/usb2/hid/leds.rs:124:4
    |
124 | fn first_runtime_key() -> Option<(u32, u32)> {
    |    ^^^^^^^^^^^^^^^^^

warning: function `send_hid_set_report` is never used
   --> src/usb2/hid/leds.rs:129:10
    |
129 | async fn send_hid_set_report(
    |          ^^^^^^^^^^^^^^^^^^^

warning: function `build_report_bytes` is never used
   --> src/usb2/hid/leds.rs:150:4
    |
150 | fn build_report_bytes(report_id: u8, total_len: u16, payload: &[u8]) ->...
    |    ^^^^^^^^^^^^^^^^^^

warning: function `send_output_report` is never used
   --> src/usb2/hid/leds.rs:177:10
    |
177 | async fn send_output_report(
    |          ^^^^^^^^^^^^^^^^^^

warning: function `is_online` is never used
   --> src/usb2/hid/leds.rs:216:8
    |
216 | pub fn is_online() -> bool {
    |        ^^^^^^^^^

warning: function `send_output_report_first` is never used
   --> src/usb2/hid/leds.rs:220:14
    |
220 | pub async fn send_output_report_first(report_id: u8, payload: &[u8]) ->...
    |              ^^^^^^^^^^^^^^^^^^^^^^^^

warning: function `send_output_report_for_handle` is never used
   --> src/usb2/hid/leds.rs:227:14
    |
227 | pub async fn send_output_report_for_handle(
    |              ^^^^^^^^^^^^^^^^^^^^^^^^^^^^^

warning: function `send_preferred_output_report_first` is never used
   --> src/usb2/hid/leds.rs:236:14
    |
236 | pub async fn send_preferred_output_report_first(payload: &[u8]) -> Resu...
    |              ^^^^^^^^^^^^^^^^^^^^^^^^^^^^^^^^^^

warning: function `send_preferred_output_report_for_handle` is never used
   --> src/usb2/hid/leds.rs:243:14
    |
243 | pub async fn send_preferred_output_report_for_handle(
    |              ^^^^^^^^^^^^^^^^^^^^^^^^^^^^^^^^^^^^^^^

warning: method `pop` is never used
  --> src/usb2/hid/mouse.rs:70:19
   |
40 | impl MouseRing {
   | -------------- method in this implementation
...
70 |     pub(crate) fn pop(&mut self) -> Option<TrueosHidMouseSample> {
   |                   ^^^

warning: field `max_lun` is never read
   --> src/usb2/mass.rs:110:9
    |
109 | pub(crate) struct MassProbeInfo {
    |                   ------------- field in this struct
110 |     pub max_lun: u8,
    |         ^^^^^^^
    |
    = note: `MassProbeInfo` has derived impls for the traits `Debug` and `Clone`, but these are intentionally ignored during dead code analysis

warning: fields `cmd`, `got`, and `need` are never read
   --> src/usb2/mass.rs:121:9
    |
120 |     ShortData {
    |     --------- fields in this variant
121 |         cmd: &'static str,
    |         ^^^
122 |         got: usize,
    |         ^^^
123 |         need: usize,
    |         ^^^^
    |
    = note: `MassProbeError` has derived impls for the traits `Debug` and `Clone`, but these are intentionally ignored during dead code analysis

warning: fields `cmd`, `sig`, `tag`, `expected_tag`, and `status` are never read
   --> src/usb2/mass.rs:126:9
    |
125 |     Csw {
    |     --- fields in this variant
126 |         cmd: &'static str,
    |         ^^^
127 |         sig: u32,
    |         ^^^
128 |         tag: u32,
    |         ^^^
129 |         expected_tag: u32,
    |         ^^^^^^^^^^^^
130 |         status: u8,
    |         ^^^^^^
    |
    = note: `MassProbeError` has derived impls for the traits `Debug` and `Clone`, but these are intentionally ignored during dead code analysis

warning: function `read_mmio_u32` is never used
   --> src/usb2/mass.rs:199:4
    |
199 | fn read_mmio_u32(base: *const u8, offset: usize) -> u32 {
    |    ^^^^^^^^^^^^^

warning: function `read_mmio_u64` is never used
   --> src/usb2/mass.rs:203:4
    |
203 | fn read_mmio_u64(base: *const u8, offset: usize) -> u64 {
    |    ^^^^^^^^^^^^^

warning: function `endpoint_dci` is never used
   --> src/usb2/mass.rs:207:4
    |
207 | fn endpoint_dci(endpoint_addr: u8) -> u8 {
    |    ^^^^^^^^^^^^

warning: function `log_endpoint_context` is never used
   --> src/usb2/mass.rs:216:4
    |
216 | fn log_endpoint_context(label: &str, ctx_ptr: *const u8) {
    |    ^^^^^^^^^^^^^^^^^^^^

warning: function `log_slot_context` is never used
   --> src/usb2/mass.rs:255:4
    |
255 | fn log_slot_context(ctx_ptr: *const u8) {
    |    ^^^^^^^^^^^^^^^^

warning: function `log_xhci_mass_endpoint_state` is never used
   --> src/usb2/mass.rs:283:4
    |
283 | fn log_xhci_mass_endpoint_state(
    |    ^^^^^^^^^^^^^^^^^^^^^^^^^^^^

warning: struct `UsbMassGeometryPlaceholderDevice` is never constructed
    --> src/usb2/mass.rs:1057:8
     |
1057 | struct UsbMassGeometryPlaceholderDevice {
     |        ^^^^^^^^^^^^^^^^^^^^^^^^^^^^^^^^

warning: function `register_mass_geometry_placeholder` is never used
    --> src/usb2/mass.rs:1080:15
     |
1080 | pub(crate) fn register_mass_geometry_placeholder(
     |               ^^^^^^^^^^^^^^^^^^^^^^^^^^^^^^^^^^

warning: constant `OP_TEST_UNIT_READY` is never used
  --> src/usb2/scsi.rs:49:11
   |
49 | pub const OP_TEST_UNIT_READY: u8 = 0x00;
   |           ^^^^^^^^^^^^^^^^^^

warning: constant `OP_INQUIRY` is never used
  --> src/usb2/scsi.rs:51:11
   |
51 | pub const OP_INQUIRY: u8 = 0x12;
   |           ^^^^^^^^^^

warning: constant `OP_READ_CAPACITY_10` is never used
  --> src/usb2/scsi.rs:52:11
   |
52 | pub const OP_READ_CAPACITY_10: u8 = 0x25;
   |           ^^^^^^^^^^^^^^^^^^^

warning: function `cdb_test_unit_ready` is never used
  --> src/usb2/scsi.rs:57:8
   |
57 | pub fn cdb_test_unit_ready() -> [u8; 6] {
   |        ^^^^^^^^^^^^^^^^^^^

warning: function `cdb_inquiry` is never used
  --> src/usb2/scsi.rs:65:8
   |
65 | pub fn cdb_inquiry(allocation_len: u16) -> [u8; 6] {
   |        ^^^^^^^^^^^

warning: function `cdb_read_capacity_10` is never used
  --> src/usb2/scsi.rs:71:8
   |
71 | pub fn cdb_read_capacity_10() -> [u8; 10] {
   |        ^^^^^^^^^^^^^^^^^^^^

warning: struct `InquiryBasic` is never constructed
   --> src/usb2/scsi.rs:116:12
    |
116 | pub struct InquiryBasic {
    |            ^^^^^^^^^^^^

warning: function `parse_inquiry_basic` is never used
   --> src/usb2/scsi.rs:124:8
    |
124 | pub fn parse_inquiry_basic(buf: &[u8]) -> Option<InquiryBasic> {
    |        ^^^^^^^^^^^^^^^^^^^

warning: struct `Capacity10` is never constructed
   --> src/usb2/scsi.rs:151:12
    |
151 | pub struct Capacity10 {
    |            ^^^^^^^^^^

warning: function `parse_read_capacity_10` is never used
   --> src/usb2/scsi.rs:156:8
    |
156 | pub fn parse_read_capacity_10(buf: &[u8]) -> Option<Capacity10> {
    |        ^^^^^^^^^^^^^^^^^^^^^^

warning: static `RENDER_MANDELBROT_ONCE` is never used
   --> src/vga/mod.rs:531:8
    |
531 | static RENDER_MANDELBROT_ONCE: Once<()> = Once::new();
    |        ^^^^^^^^^^^^^^^^^^^^^^

warning: constant `MANDELBROT_W` is never used
   --> src/vga/mod.rs:532:7
    |
532 | const MANDELBROT_W: usize = 256;
    |       ^^^^^^^^^^^^

warning: constant `MANDELBROT_H` is never used
   --> src/vga/mod.rs:533:7
    |
533 | const MANDELBROT_H: usize = 256;
    |       ^^^^^^^^^^^^

warning: static `MANDELBROT_PIXELS` is never used
   --> src/vga/mod.rs:535:12
    |
535 | static mut MANDELBROT_PIXELS: [u32; MANDELBROT_W * MANDELBROT_H] = [0; ...
    |            ^^^^^^^^^^^^^^^^^

warning: function `draw_mandelbrot` is never used
   --> src/vga/mod.rs:537:15
    |
537 | pub(crate) fn draw_mandelbrot() {
    |               ^^^^^^^^^^^^^^^

warning: function `register_waker_slot` is never used
  --> src/wait.rs:16:8
   |
16 | pub fn register_waker_slot(slot: &mut Option<Waker>, waker: &Waker) -> b...
   |        ^^^^^^^^^^^^^^^^^^^

warning: function `take_and_wake` is never used
   --> src/wait.rs:116:8
    |
116 | pub fn take_and_wake(slot: &mut Option<Waker>) -> bool {
    |        ^^^^^^^^^^^^^

warning: enum `Either` is never used
   --> src/wait.rs:381:10
    |
381 | pub enum Either<A, B> {
    |          ^^^^^^

warning: function `select2` is never used
   --> src/wait.rs:389:14
    |
389 | pub async fn select2<A, B>(a: A, b: B) -> Either<A::Output, B::Output>
    |              ^^^^^^^

warning: `TRUEOS` (bin "TRUEOS") generated 238 warnings (run `cargo fix --bin "TRUEOS" -p TRUEOS` to apply 30 suggestions)
    Finished `dev` profile [unoptimized + debuginfo] target(s) in 1.43s
mkdir -p bld/artifacts/debug-9af8c850eb26
cp tgt/86_64/debug/TRUEOS bld/artifacts/debug-9af8c850eb26/TRUEOS.full.elf
cp tgt/86_64/debug/TRUEOS bld/artifacts/debug-9af8c850eb26/TRUEOS.elf
strip -s bld/artifacts/debug-9af8c850eb26/TRUEOS.elf || true
rm -rf bld/iso-bootroot
rm -f bld/trueos.iso
mkdir -p bld/iso-bootroot
cp bld/artifacts/debug-9af8c850eb26/TRUEOS.elf bld/iso-bootroot/TRUEOS.elf
cp limine.conf bld/iso-bootroot/limine.conf
mkdir -p bld/EFI/BOOT
cp bld/limine-prefix/share/limine/BOOTX64.EFI bld/EFI/BOOT/BOOTX64.EFI
cp limine.conf bld/EFI/BOOT/limine.conf
cp bld/iso-bootroot/TRUEOS.elf bld/TRUEOS.elf
mkdir -p bld/iso-bootroot/EFI/BOOT
cp bld/limine-prefix/share/limine/BOOTX64.EFI bld/iso-bootroot/EFI/BOOT/BOOTX64.EFI
rm -f bld/iso-bootroot/efi.img
dd if=/dev/zero of=bld/iso-bootroot/efi.img bs=1k count=512
512+0 records in
512+0 records out
524288 bytes (524 kB, 512 KiB) copied, 0.000983515 s, 524 MB/s
mkfs.vfat -n TRUEOS_EFI bld/iso-bootroot/efi.img
mkfs.fat 4.2 (2021-01-31)
mmd -i bld/iso-bootroot/efi.img ::/EFI ::/EFI/BOOT
mcopy -i bld/iso-bootroot/efi.img bld/limine-prefix/share/limine/BOOTX64.EFI ::/EFI/BOOT/BOOTX64.EFI
# Important: do NOT place limine.conf next to BOOTX64.EFI.
# Limine prioritizes <EFI app path>/limine.conf; many ISO-to-USB tools copy only
# /EFI/BOOT into a FAT ESP, which would shadow the intended /limine.conf on ISO.
xorriso -as mkisofs \
	-iso-level 3 -full-iso9660-filenames \
	-R \
	-r \
	-J -joliet-long \
	-e efi.img -no-emul-boot \
	-efi-boot-part --efi-boot-image --protective-msdos-label \
	-o bld/trueos.iso bld/iso-bootroot
xorriso 1.5.6 : RockRidge filesystem manipulator, libburnia project.

Drive current: -outdev 'stdio:bld/trueos.iso'
Media current: stdio file, overwriteable
Media status : is blank
Media summary: 0 sessions, 0 data blocks, 0 data, 1593g free
Added to ISO image: directory '/'='/home/t4ce/REPOS/TRUEOS/bld/iso-bootroot'
xorriso : UPDATE :       6 files added in 1 seconds
xorriso : UPDATE :       6 files added in 1 seconds
ISO image produced: 9236 sectors
Written to medium : 9236 sectors at LBA 0
Writing to 'stdio:bld/trueos.iso' completed successfully.

long_mode_active: true
pmm: regions=9 span=0x100000..0x7CDFF000 total=1775 MiB
heap: arena virt=0xFFFF800001800000 phys=0x1800000 size=1024 MiB
Boot Performance: reset=0_usec init=1505126_usec exec=1796058_usec
0xFFFF800001800020 lapic=0 cpu=0
dma: allocator-backed DMA boundary active
ACPI RSDP 0x7C97E014 tables=6
pci: MCFG present (regions=1, seg0=1)
pci: ECAM seg0 base=0xE0000000 bus=0-255
BGRT: addr=0x000000007AED6018 off=(543, 371) size=0x839E fmt=bmp 193x58 24bpp
pci/vrng: found virtio-rng 00:04.0 vid=1af4 did=1005 io_base=0x6060
pci/vrng: attached
pci/vrng: smoke ok (fnv1a64=0x99ad14d17f6f564d)
HPET @0xFED00000 freq=100000000Hz comps=2 counter_64bit legacy_capable=true
POWER: intel=true msr=true eist=false hwp=false msr_armed=false idle=hlt
tga: device not found (vid=0x22C2 did=0x1100, scanned 8 devices)
net/vio: found virtio-net 00:03.0 vid=1af4 did=1000 io_base=0x6080
net/vio: features=0x79bfffe7 guest=0x00000020 mac=52:54:00:12:34:56
net: primary=0 (link-up preference)
net: detected 1 NIC(s)
net: dev0 Virtio Net bdf=00:03.0 link_up=0
net: hint: prefer virtio-net in QEMU (e.g. -netdev user,id=net0,hostfwd=tcp::4245-:4245 -device virtio-net-pci,netdev=net0)
00xFFFF800001A1B280 lapic=7 cpu=7
000xFFFF800xFFFF800001A1B380 lapic=6 cpu=6
xxF0xFFFF800001A1B3C0 lapi0cx00FF=FF1FF4FAF810FF08FB008 300c000001p090 ul0aA30p1=ic4A=
111BA2 C1cB0p ul3=a4p1i0
 cla=p2 iccp=u3= 2c
pu=3
A8 lapic=5 cpu=5
time: tsc_hz calibrated via HPET: 2995212440
time: tsc_hz=2995212440
aapaspaaawpaapnp-pp:::s :j  u ivccejjd:u usiti jccusaleirdo tcseeltodd= e s3jtodb= -lr u1mo nta=s6n emmalrrkrka ==(13mort
k
a==6s
k4=0 xm00a:: j ujiuciecde ds lsolto=t=5 0m0arr0k70 =m05ak0)=

4
spawn-svc: started vga-font-cache (mask=0x00000000)
spawn-svcp: s:t arjtuedi cgeldo bsalloogt-=p2e rmsairskt=-2o
nce (mask=0xr00k0=070
000)
spawn-svc: started qjs-async-fs-service (mask=0x00000000)
spawn-svc: started trueosfs-mount-service (mask=0x00000000)
spabwono-ts-vpcr:o bset:a rhtve-ds thovr-ev m-tsatsokr es t(amratsk =m0sx=05010
00h0v0-0s)t
orsep:a wsnt-asrvtc :s lsottar=t1ed  lhavp-ivcm=-1s tkoirned-=nuentk n(omwans
k=b0oxo0t0-0p0r0o0b0e0:) 
hvs-psatwonr-sev ce:n ssutraer tbeedg inne tm-sp=o5l1l
-tasks (mask=0x00000000)
spawn-svc: started net-service (mask=0x00000000)
spawn-svc: started net-shell (mask=0x00000000)
spawn-svc: started gfx-backend-ready (mask=0x00000000)
spawn-svc: started browser-net (mask=0x00000000)
spawn-svc: started crabusb-bsp-service (mask=0x00000000)
boot-probe: hv-store ramdisk create done ms=81 dt=30
boot-probe: hv-store format done ms=81 dt=30
boot-probe: hv-store validate done ms=81 dt=30 step=0
boot-probe: hv-store probe write done ms=85 dt=34 step=4
boot-probe: hv-store probe read done ms=85 dt=34 step=0
boot-probe: hv-store ensure done ms=85 dt=34 tail=0
hv-store: ramdisk ready disk=1 bytes=67108864
hv-store-net: listening on tcp 32123 owner=hv-store-net@00:03.0
spawn-svc: started crabusb-event-pump (mask=0x00000000)
spawn-svc: started crabusb-audio (mask=0x00000000)
spawn-svc: started crabusb-truekey (mask=0x00000000)
spawn-svc: started piano-drain (mask=0x00000000)
spawn-svc: started uart-shell (mask=0x00000000)
spawn-svc: started net-tcp-shell (mask=0x00000000)
0crabusb: truekey service armed
crabusb: audio service armed
crabusb: BSP service binding controller 0 at 00:05.0 vid=1B36 pid=000D mmio=0xffffff00101b5000
crabusb: scout begin
virgl-backend: scanout backing=dma display=1280x800 bytes=4096000
virgl-backend: scanout backing cleared
virgl-backend: init ok scanout=0 display=1280x800 refresh_millihz=Some(74993) ctx=1 scanout_res=1 rt_res=2
virgl-present: frame=1 clears=0 draws=0 presents=1 reassert_ok=true flush_ok=true size=1280x800 fence=1
virgl-backend: bootstrap present ok display=1280x800
gfx: using virgl backend (auto)
gfx: backend=virgl
net-shell: routing dev=0 Virtio Net owner=net-shell@00:03.0 ip=none
net-shell: listening on tcp 4245 owner=net-shell@00:03.0
net: dev=0 mac=52:54:00:12:34:56
net: static fallback dev=0 ipv4=192.168.178.111 mask=255.255.255.0 gw=192.168.178.1
net: dhcp start dev=0 mode=static-fallback
net: dhcp6 start dev=0 reason=dns-needed ra_other=0 ra_dns6=0 dhcp6_dns6=0
net: dhcp6 info-request dev=0 xid=169271
net-shell: opened tcp handle=2
crabusb: pump port change on root port 13
spawn-svc: started gfx_loadscreen (mask=0x00400000)
boot-probe: spawn gfx_loadscreen ms=888
spawbno-ots-vpcr:o bset:a rtteexdt ugrfex--utpelxotaudr et-auspkl osatda-rste rmvsi=c88e8
 (mask=0x00400000)
spbaowont--spvrco:b es:t aurit2e dt ausik2  s(tmaarstk =m0sx=0808480
0000)
bboooott--pprroboeb:e :u is2p aswing nuail2e dm sl=o8a8d8s
creen_end ms=888
ui2: boot window manager
ui2: loop seq=1 begin
ui2: loop seq=1 locked
ui2: lobopo oste-pqr=o1b ed:i rltyo=atdrsucree ebnr oswtsaerrt_ smusr=f8a8c9e
_changed=false
ui2: compose seq=1 start
boot-probe: ui2 first compose begin ms=889
lyon-demo: icons=120 outlines=3px vertices=13060 indices=36900 (cached)
virgl-backend: bind blend BlendDesc { enabled: false, src: One, dst: Zero } -> handle=30
virgl-backend: bind blend BlendDesc { enabled: false, src: One, dst: Zero } -> handle=30
virgl-backend: bind blend BlendDesc { enabled: false, src: One, dst: Zero } -> handle=30
virgl-backend: bind blend BlendDesc { enabled: false, src: One, dst: Zero } -> handle=30
virgl-backend: bind blend BlendDesc { enabled: false, src: One, dst: Zero } -> handle=30
virgl-backend: bind blend BlendDesc { enabled: true, src: SrcAlpha, dst: OneMinusSrcAlpha } -> handle=33
virgl-backend: tex upload img=1 70x12 rev 0->2 res=6 view=65
virgl-backend: tex create_view img=1 res=6 view=65 fmt=67
virgl-backend: bind blend BlendDesc { enabled: true, src: SrcAlpha, dst: OneMinusSrcAlpha } -> handle=33
virgl-backend: tex upload img=2 384x192 rev 0->2 res=7 view=66
virgl-backend: tex create_view img=2 res=7 view=66 fmt=67
virgl-present: frame=8 clears=0 draws=1 presents=1 reassert_ok=true flush_ok=true size=1280x800 fence=8
gfx: virgl first frame ready seq=1 bytes=443760
gfx-cabi: virgl end_frame ok seq=1 rgb=120 tex=2 bytes=443760 first=1
uib2:o coomtpo-sep-frroambe ese:q= 1 lbeogian dwisndocwsr=0e deirnty =0e
nd ms=958 frviargml-eprses=ent0: f ralmei=9v cleedar_s=m1 sdr=aws6=09 p
resents=1 reassert_ok=true flush_ok=true size=1280x800 fence=9
gfx-cabi: virgl end_frame ok seq=2 rgb=0 tex=0 bytes=0 first=0
ui2: compose-frame seq=1 end
boot-probe: ui2 ready ms=959
ui2: compose seq=1 done
sbopota-pwronbe:- gsfxv-ccur:so r-osvetrlaayr ttasek sdta rt mgs=9f60
x-virgl-cursor-overlay (mask=0x00100000)
ui2-browser: created primary browser window=1 rect=1080x608@100,96
spawn-svc: started ui2-browser-primary-window (mask=0x00800000)
spawn-svc: started ui2-gfx-tetris (mask=0x00800000)
boot-probe: spawn ui2-gfx-tetris ms=962
spawn-svc: started ui2-triangle-demo (mask=0x00800000)
boot-probe: spawn ui2-triangle-demo ms=962
spawn-svc: started ui2-mandelbrot-demo (mask=0x00800000)
boot-probe: spawn ui2-mandelbrot-demo ms=963
spqjas-bwronws-esrv[1c]: :st artsingt braowsrer tbooetdst rapw
ebgpu-browser-primary (mask=0x00800000)
net: ipv6 ra-flags dev=0 M=0 O=1
net: dhcp acquired dev=0 ipv4=192.168.178.78 gw=192.168.178.1 ipv6=ra
net: route v4 default dev=0 gw=192.168.178.1 ok
net: dhcp dns-count dev=0 count=1
net: dhcp dns dev=0 idx=0 server=192.168.178.1
spawn-svc: started tls-socket-service (mask=0x00001000)
spawn-svc: started ntp-sync (mask=0x00001000)
spawn-svc: started ws-time (mask=0x00001000)
vnet: exuei2r: cloiops seeq =2o bweginn
euri2=: vlonope steq-=21 l@oc0ke0d
:03.0 mac=52:u5i24: :loo0p s0eq=:2 d1ir2ty=:tru3e 4br:ows5er_6sur
face_chanwgeds=t-rute
iuim2:e c:om polsei sseqt=2e sntairtn
gui 2: ocomnpos e-ftramce speq= 2 b5eg6in7 w6in5do wps=a1 tdihrt=y=/1
time
vnet: exercise ownveirrgl=-bvacnkeendt: -bi2nd@ bl0end0 B:lendD0esc3 {. e0na blmeda: ctr=ue,5 sr2c: :Src5Al4ph:a, 0ds0t:: On1eMi2nus:Src3Al4ph:a }5 ->6 ha
ndle=33
tls-socket: service running
virgl-present: frame=13 clears=0 draws=2 presents=1 reassert_ok=true flush_ok=true size=1280x800 fence=13
gfx-cabi: virgl end_frame ok seq=3 rgb=13 tex=3 bytes=16560 first=0
ui2: compose-frame seq=2 end
ui2: compose seq=2 done
gfx-tetris: window=2 tex=4701 size=192x370
ui2-triangle-demo: window=3 tex=4700 size=384x240
dns: resolved host=time.google.com dev=0 ip=216.239.35.4
vnet: exercise owner=vnet-3@00:03.0 mac=52:54:00:12:34:56
ui2: loop seq=3 begin
ui2: loop seq=3 locked
ui2: loop seq=3 dirty=true browser_surface_changed=false
ui2: compose seq=3 start
virgl-backend: tex upload img=4 384x240 rev 0->2 res=15 view=68
virgl-backend: tex create_view img=4 res=15 view=68 fmt=67
virgl-backend: tex upload img=3 192x370 rev 0->2 res=14 view=67
virgl-backend: tex create_view img=3 res=14 view=67 fmt=67
virgl-present: frame=27 clears=0 draws=2 presents=1 reassert_ok=true flush_ok=true size=1280x800 fence=27
gfx-cabi: virgl end_frame ok seq=4 rgb=31 tex=7 bytes=41784 first=0
ui2: compose seq=3 done
ui2: loop seq=4 begin
ui2: loop seq=4 locked
ui2: loop seq=4 dirty=false browser_surface_changed=false
ui2-mandelbrot-demo: window=4 tex=4702 size=768x512 start
virgl-present: frame=45 clears=0 draws=2 presents=1 reassert_ok=true flush_ok=true size=1280x800 fence=45
gfx-cabi: virgl end_frame ok seq=5 rgb=42 tex=9 bytes=54960 first=0
virgl-present: frame=62 clears=0 draws=2 presents=1 reassert_ok=true flush_ok=true size=1280x800 fence=62
gfx-cabi: virgl end_frame ok seq=6 rgb=42 tex=9 bytes=54960 first=0
crabusb: scout devices=4
crabusb: scout dev#0 vid=46F4 pid=0001 class=00 subclass=00 proto=00 cfgs=1
crabusb: scout dev#0 if#0 alt=0 class=08 subclass=06 proto=50 eps=2
crabusb: scout dev#1 vid=0v6ir2g7l- prpeisde=nt:0 f0ra0me1= 80c lcleaarss=s0 =dra0ws0=2  psreusebntcs=l1 aresasssert=_ok=0tru0e f lupshr_ook=ttroue= si0ze0=1 28c0xf800g fesnce==801

crabusb: scout degfvx-#ca1bi:  viriglf e#nd_f0ra mea olk tse=q=07  rcgbl=4a2 tsex=s9 b=yte0s=354 96s0 ufibrsct=0l
ass=01 proto=02 eps=1
crabusb: scout dev#2 vid=0627 pid=0001 class=00 subclass=00 proto=00 cfgs=1
crabusb: scout dev#2 if#0 alt=0 class=03 subclass=01 proto=01 eps=1
crabusb: scout dev#3 vid=0951 pid=16A4 class=00 subclass=00 proto=00 cfgs=1
crabusb: scout dev#3 if#0 alt=0 class=01 subclass=01 proto=00 eps=0
crabusb: scout dev#3 if#1 alt=0 class=01 subclass=02 proto=00 eps=0
crabusb: scout dev#3 if#2 alt=0 class=01 subclass=02 proto=00 eps=0
crabusb: scout dev#3 if#3 alt=0 class=03 subclass=00 proto=00 eps=1
crabusb: mass 46F4:0001 handoff if#0 alt=0 cfg=1 bulk_in=0x81 bulk_out=0x02 in_mps=1024 out_mps=1024
crabusb: hid mouse 0627:0001 handoff if#0 alt=0 cfg=1 int_in=0x81 mps=4 proto=02
crabusb: hid keyboard 0627:0001 handoff if#0 alt=0 cfg=1 int_in=0x81 mps=8 proto=01
virgl-present: frame=97 clears=0 draws=2 presents=1 reassert_ok=true flush_ok=true size=1280x800 fence=97
gfx-cabi: virgl end_frame ok seq=8 rgb=42 tex=9 bytes=54960 first=0
crabusb: hid keyboard 0627:0001 ready slot=3 if#0 alt=0 cfg=1 int_in=0x81 mps=8 ep_target=3 proto=01 boot=true idle=true
crabusb: hid mouse 0627:0001 ready slot=2 if#0 alt=0 cfg=1 int_in=0x81 mps=4 ep_target=3 proto=02 boot=true idle=true
crabusb: mass inquiry removable=false pdt=0x00
crabusb: mass 46F4:0001 ready slot=1 if#0 alt=0 cfg=1 bulk_in=0x81 bulk_out=0x02 in_mps=1024 out_mps=1024 disk=disc002 mode=registered label=Some("usbms-46F4:0001") serial=Some("1-0000:00:05.0-4") key=serial bs=512 blocks=2097152 vendor='QEMU' product='QEMU HARDDISK'
virgl-present: frame=116 clears=0 draws=1 presents=1 reassert_ok=true flush_ok=true size=1280x800 fence=116
gfx-cabi: virgl end_frame ok seq=9 rgb=42 tex=9 bytes=54960 first=0
virgl-present: frame=134 clears=0 draws=1 presents=1 reassert_ok=true flush_ok=true size=1280x800 fence=134
gfx-cabi: virgl end_frame ok seq=10 rgb=42 tex=9 bytes=54960 first=0
virgl-present: frame=153 clears=0 draws=1 presents=1 reassert_ok=true flush_ok=true size=1280x800 fence=153
gfx-cabi: virgl end_frame ok seq=11 rgb=42 tex=9 bytes=54960 first=0
gfx-cabi: virgl end_frame ok seq=12 rgb=42 tex=9 bytes=54960 first=0
crabusb: audio-route 0951:16A4 cfg=1 if#2 alt=1 ep=0x01 sync=2(adaptive) feedback=false max_payload=192 terminal_link=4 playback_link=6
crabusb: audio-topology 0951:16A4 input-term id=1 type=0x0402 assoc=6 if=0/0
crabusb: audio-topology 0951:16A4 feature-unit id=2 source=1 if=0/0
crabusb: audio-topology 0951:16A4 output-term id=3 type=0x0101 source=2 assoc=0 if=0/0
crabusb: audio-topology 0951:16A4 input-term id=4 type=0x0101 assoc=0 if=0/0
crabusb: audio-topology 0951:16A4 feature-unit id=5 source=4 if=0/0
crabusb: audio-topology 0951:16A4 output-term id=6 type=0x0402 source=5 assoc=0 if=0/0
crabusb: audio-topology 0951:16A4 as-general if#1 alt=1 terminal_link=3
crabusb: audio-topology 0951:16A4 input-term id=1 type=0x0202 assoc=16 if=1/1
crabusb: audio-topology 0951:16A4 as-general if#2 alt=1 terminal_link=4
crabusb: audio-topology 0951:16A4 input-term id=1 type=0x0202 assoc=16 if=2/1
crabusb: target 0951:16A4 audio stream sync=2 feedback=false max_payload=192
crabusb: target 0951:16A4 audio ownership cfg=1 if#2 alt=1 ep=0x01 interval=1
crabusb: target 0951:16A4 audio set-rate ok ep=0x01 hz=48000
crabusb: target 0951:16A4 audio control ac_if=0 uac2=false clock=0 feature=2
crabusb: target 0951:16A4 audio feature unit id=2 ac_if=0 mute=true volume=false
crabusb: target 0951:16A4 audio control policy=master-only (skip ch1/ch2 probes)
crabusb: target 0951:16A4 audio mute ok fu=2 ac_if=0 ch=0 muted=false
crabusb: audio streaming start 0951:16A4 if#2 alt=1 ep=0x01 packet=192 batch=8 sync=2(adaptive) feedback=false source=sine payload_limit=192 warmup_packets=0
crabusb: audio probe first_packet bytes=16 non_zero=12 head=[00, 00, 00, 00, 4E, 05, 4E, 05, 97, 0A, 97, 0A, D8, 0F, D8, 0F]
crabusb: audio heartbeat 0951:16A4 submits=1 bytes=1536 last_sent=1536 zero_submits=0 short_submits=0 phase=3.267 first_peak=23589 first_mean_abs=16372
crabusb: audio heartbeat 0951:16A4 submits=2 bytes=3072 last_sent=1536 zero_submits=0 short_submits=0 phase=0.251 first_peak=23591 first_mean_abs=16696
crabusb: audio heartbeat 0951:16A4 submits=3 bytes=4608 last_sent=1536 zero_submits=0 short_submits=0 phase=3.519 first_peak=23591 first_mean_abs=16757
crabusb: audio heartbeat 0951:16A4 submits=4 bytes=6144 last_sent=1536 zero_submits=0 short_submits=0 phase=0.503 first_peak=23589 first_mean_abs=16553
5312647crabusb: audio service streaming
crabusb: audio heartbeat 0951:16A4 submits=1024 bytes=1572864 last_sent=1536 zero_submits=0 short_submits=0 phase=3.007 first_peak=23590 first_mean_abs=15600
2453761crabusb: audio service streaming
5324671crabusb: audio service streaming
crabusb: audio heartbeat 0951:16A4 submits=2048 bytes=3145728 last_sent=1536 zero_submits=0 short_submits=0 phase=6.015 first_peak=23591 first_mean_abs=15230
5243671crabusb: audio service streaming
