usb_port_claim bus 0, port 1
usb_host_open_started dev 1:8
usb_host_parse_config dev 1:8, value 1, active 1
usb_host_parse_interface dev 1:8, num 0, alt 0, active 1
usb_host_parse_interface dev 1:8, num 1, alt 0, active 1
usb_host_parse_interface dev 1:8, num 2, alt 0, active 1
usb_host_parse_interface dev 1:8, num 3, alt 0, active 1
usb_host_parse_endpoint dev 1:8, ep 4, in, int, active 1
usb_port_attach bus 0, port 1, devspeed full, portspeed full
usb_host_open_success dev 1:8
usb_uhci_reset === RESET ===
usb_uhci_mmio_writew addr 0x0000, val 0x0002
usb_uhci_reset === RESET ===
usb_uhci_mmio_writew addr 0x0004, val 0x0000
usb_uhci_mmio_writew addr 0x0000, val 0x0000
usb_uhci_mmio_writew addr 0x000c, val 0x0040
usb_uhci_mmio_writew addr 0x0008, val 0xe000
usb_uhci_mmio_writew addr 0x000a, val 0x07fd
usb_uhci_mmio_writew addr 0x0006, val 0x0000
usb_uhci_mmio_writew addr 0x0000, val 0x00c1
usb_uhci_schedule_start 
usb_uhci_mmio_readw addr 0x0010, ret 0x0083
usb_uhci_mmio_writew addr 0x0010, val 0x0200
usb_uhci_mmio_readw addr 0x0012, ret 0x0080
usb_uhci_frame_start nr 0
usb_uhci_qh_load qh 0x7fdffd0
usb_uhci_qh_load qh 0x7fdffb0
usb_uhci_td_load qh 0x7fdffb0, td 0x7fdfff0, ctrl 0x0, token 0xffe07f69
usb_uhci_td_nextqh qh 0x7fdffb0, td 0x7fdfff0
usb_uhci_frame_start nr 1
usb_uhci_qh_load qh 0x7fdffd0
usb_uhci_qh_load qh 0x7fdffb0
usb_uhci_td_load qh 0x7fdffb0, td 0x7fdfff0, ctrl 0x0, token 0xffe07f69
usb_uhci_td_nextqh qh 0x7fdffb0, td 0x7fdfff0
usb_uhci_frame_start nr 2
usb_uhci_qh_load qh 0x7fdffd0
usb_uhci_qh_load qh 0x7fdffb0
usb_uhci_td_load qh 0x7fdffb0, td 0x7fdfff0, ctrl 0x0, token 0xffe07f69
usb_uhci_td_nextqh qh 0x7fdffb0, td 0x7fdfff0
usb_uhci_frame_start nr 3
usb_uhci_qh_load qh 0x7fdffd0
usb_uhci_qh_load qh 0x7fdffb0
usb_uhci_td_load qh 0x7fdffb0, td 0x7fdfff0, ctrl 0x0, token 0xffe07f69
usb_uhci_td_nextqh qh 0x7fdffb0, td 0x7fdfff0
usb_uhci_frame_start nr 4
usb_uhci_qh_load qh 0x7fdffd0
usb_uhci_qh_load qh 0x7fdffb0
usb_uhci_td_load qh 0x7fdffb0, td 0x7fdfff0, ctrl 0x0, token 0xffe07f69
usb_uhci_td_nextqh qh 0x7fdffb0, td 0x7fdfff0
usb_uhci_mmio_readw addr 0x0012, ret 0x0080
usb_uhci_frame_start nr 5
usb_uhci_qh_load qh 0x7fdffd0
usb_uhci_qh_load qh 0x7fdffb0
usb_uhci_td_load qh 0x7fdffb0, td 0x7fdfff0, ctrl 0x0, token 0xffe07f69
usb_uhci_td_nextqh qh 0x7fdffb0, td 0x7fdfff0
usb_uhci_frame_start nr 6
usb_uhci_qh_load qh 0x7fdffd0
usb_uhci_qh_load qh 0x7fdffb0
usb_uhci_td_load qh 0x7fdffb0, td 0x7fdfff0, ctrl 0x0, token 0xffe07f69
usb_uhci_td_nextqh qh 0x7fdffb0, td 0x7fdfff0
usb_uhci_frame_start nr 7
usb_uhci_qh_load qh 0x7fdffd0
usb_uhci_qh_load qh 0x7fdffb0
usb_uhci_td_load qh 0x7fdffb0, td 0x7fdfff0, ctrl 0x0, token 0xffe07f69
usb_uhci_td_nextqh qh 0x7fdffb0, td 0x7fdfff0
usb_uhci_frame_start nr 8
usb_uhci_qh_load qh 0x7fdffd0
usb_uhci_qh_load qh 0x7fdffb0
usb_uhci_td_load qh 0x7fdffb0, td 0x7fdfff0, ctrl 0x0, token 0xffe07f69
usb_uhci_td_nextqh qh 0x7fdffb0, td 0x7fdfff0
usb_uhci_frame_start nr 9
usb_uhci_qh_load qh 0x7fdffd0
usb_uhci_qh_load qh 0x7fdffb0
usb_uhci_td_load qh 0x7fdffb0, td 0x7fdfff0, ctrl 0x0, token 0xffe07f69
usb_uhci_td_nextqh qh 0x7fdffb0, td 0x7fdfff0
usb_uhci_mmio_readw addr 0x0012, ret 0x0080
usb_uhci_frame_start nr 10
usb_uhci_qh_load qh 0x7fdffd0
usb_uhci_qh_load qh 0x7fdffb0
usb_uhci_td_load qh 0x7fdffb0, td 0x7fdfff0, ctrl 0x0, token 0xffe07f69
usb_uhci_td_nextqh qh 0x7fdffb0, td 0x7fdfff0
usb_uhci_frame_start nr 11
usb_uhci_qh_load qh 0x7fdffd0
usb_uhci_qh_load qh 0x7fdffb0
usb_uhci_td_load qh 0x7fdffb0, td 0x7fdfff0, ctrl 0x0, token 0xffe07f69
usb_uhci_td_nextqh qh 0x7fdffb0, td 0x7fdfff0
usb_uhci_frame_start nr 12
usb_uhci_qh_load qh 0x7fdffd0
usb_uhci_qh_load qh 0x7fdffb0
usb_uhci_td_load qh 0x7fdffb0, td 0x7fdfff0, ctrl 0x0, token 0xffe07f69
usb_uhci_td_nextqh qh 0x7fdffb0, td 0x7fdfff0
usb_uhci_frame_start nr 13
usb_uhci_qh_load qh 0x7fdffd0
usb_uhci_qh_load qh 0x7fdffb0
usb_uhci_td_load qh 0x7fdffb0, td 0x7fdfff0, ctrl 0x0, token 0xffe07f69
usb_uhci_td_nextqh qh 0x7fdffb0, td 0x7fdfff0
usb_uhci_frame_start nr 14
usb_uhci_qh_load qh 0x7fdffd0
usb_uhci_qh_load qh 0x7fdffb0
usb_uhci_td_load qh 0x7fdffb0, td 0x7fdfff0, ctrl 0x0, token 0xffe07f69
usb_uhci_td_nextqh qh 0x7fdffb0, td 0x7fdfff0
usb_uhci_mmio_readw addr 0x0012, ret 0x0080
usb_uhci_frame_start nr 15
usb_uhci_qh_load qh 0x7fdffd0
usb_uhci_qh_load qh 0x7fdffb0
usb_uhci_td_load qh 0x7fdffb0, td 0x7fdfff0, ctrl 0x0, token 0xffe07f69
usb_uhci_td_nextqh qh 0x7fdffb0, td 0x7fdfff0
usb_uhci_frame_start nr 16
usb_uhci_qh_load qh 0x7fdffd0
usb_uhci_qh_load qh 0x7fdffb0
usb_uhci_td_load qh 0x7fdffb0, td 0x7fdfff0, ctrl 0x0, token 0xffe07f69
usb_uhci_td_nextqh qh 0x7fdffb0, td 0x7fdfff0
usb_uhci_frame_start nr 17
usb_uhci_qh_load qh 0x7fdffd0
usb_uhci_qh_load qh 0x7fdffb0
usb_uhci_td_load qh 0x7fdffb0, td 0x7fdfff0, ctrl 0x0, token 0xffe07f69
usb_uhci_td_nextqh qh 0x7fdffb0, td 0x7fdfff0
usb_uhci_frame_start nr 18
usb_uhci_qh_load qh 0x7fdffd0
usb_uhci_qh_load qh 0x7fdffb0
usb_uhci_td_load qh 0x7fdffb0, td 0x7fdfff0, ctrl 0x0, token 0xffe07f69
usb_uhci_td_nextqh qh 0x7fdffb0, td 0x7fdfff0
usb_uhci_frame_start nr 19
usb_uhci_qh_load qh 0x7fdffd0
usb_uhci_qh_load qh 0x7fdffb0
usb_uhci_td_load qh 0x7fdffb0, td 0x7fdfff0, ctrl 0x0, token 0xffe07f69
usb_uhci_td_nextqh qh 0x7fdffb0, td 0x7fdfff0
usb_uhci_mmio_readw addr 0x0012, ret 0x0080
usb_uhci_frame_start nr 20
usb_uhci_qh_load qh 0x7fdffd0
usb_uhci_qh_load qh 0x7fdffb0
usb_uhci_td_load qh 0x7fdffb0, td 0x7fdfff0, ctrl 0x0, token 0xffe07f69
usb_uhci_td_nextqh qh 0x7fdffb0, td 0x7fdfff0
usb_uhci_frame_start nr 21
usb_uhci_qh_load qh 0x7fdffd0
usb_uhci_qh_load qh 0x7fdffb0
usb_uhci_td_load qh 0x7fdffb0, td 0x7fdfff0, ctrl 0x0, token 0xffe07f69
usb_uhci_td_nextqh qh 0x7fdffb0, td 0x7fdfff0
usb_uhci_frame_start nr 22
usb_uhci_qh_load qh 0x7fdffd0
usb_uhci_qh_load qh 0x7fdffb0
usb_uhci_td_load qh 0x7fdffb0, td 0x7fdfff0, ctrl 0x0, token 0xffe07f69
usb_uhci_td_nextqh qh 0x7fdffb0, td 0x7fdfff0
usb_uhci_frame_start nr 23
usb_uhci_qh_load qh 0x7fdffd0
usb_uhci_qh_load qh 0x7fdffb0
usb_uhci_td_load qh 0x7fdffb0, td 0x7fdfff0, ctrl 0x0, token 0xffe07f69
usb_uhci_td_nextqh qh 0x7fdffb0, td 0x7fdfff0
usb_uhci_frame_start nr 24
usb_uhci_qh_load qh 0x7fdffd0
usb_uhci_qh_load qh 0x7fdffb0
usb_uhci_td_load qh 0x7fdffb0, td 0x7fdfff0, ctrl 0x0, token 0xffe07f69
usb_uhci_td_nextqh qh 0x7fdffb0, td 0x7fdfff0
usb_uhci_frame_start nr 25
usb_uhci_qh_load qh 0x7fdffd0
usb_uhci_qh_load qh 0x7fdffb0
usb_uhci_td_load qh 0x7fdffb0, td 0x7fdfff0, ctrl 0x0, token 0xffe07f69
usb_uhci_td_nextqh qh 0x7fdffb0, td 0x7fdfff0
usb_uhci_frame_start nr 26
usb_uhci_qh_load qh 0x7fdffd0
usb_uhci_qh_load qh 0x7fdffb0
usb_uhci_td_load qh 0x7fdffb0, td 0x7fdfff0, ctrl 0x0, token 0xffe07f69
usb_uhci_td_nextqh qh 0x7fdffb0, td 0x7fdfff0
usb_uhci_frame_start nr 27
usb_uhci_qh_load qh 0x7fdffd0
usb_uhci_qh_load qh 0x7fdffb0
usb_uhci_td_load qh 0x7fdffb0, td 0x7fdfff0, ctrl 0x0, token 0xffe07f69
usb_uhci_td_nextqh qh 0x7fdffb0, td 0x7fdfff0
usb_uhci_frame_start nr 28
usb_uhci_qh_load qh 0x7fdffd0
usb_uhci_qh_load qh 0x7fdffb0
usb_uhci_td_load qh 0x7fdffb0, td 0x7fdfff0, ctrl 0x0, token 0xffe07f69
usb_uhci_td_nextqh qh 0x7fdffb0, td 0x7fdfff0
usb_uhci_frame_start nr 29
usb_uhci_qh_load qh 0x7fdffd0
usb_uhci_qh_load qh 0x7fdffb0
usb_uhci_td_load qh 0x7fdffb0, td 0x7fdfff0, ctrl 0x0, token 0xffe07f69
usb_uhci_td_nextqh qh 0x7fdffb0, td 0x7fdfff0
usb_uhci_frame_start nr 30
usb_uhci_qh_load qh 0x7fdffd0
usb_uhci_qh_load qh 0x7fdffb0
usb_uhci_td_load qh 0x7fdffb0, td 0x7fdfff0, ctrl 0x0, token 0xffe07f69
usb_uhci_td_nextqh qh 0x7fdffb0, td 0x7fdfff0
usb_uhci_frame_start nr 31
usb_uhci_qh_load qh 0x7fdffd0
usb_uhci_qh_load qh 0x7fdffb0
usb_uhci_td_load qh 0x7fdffb0, td 0x7fdfff0, ctrl 0x0, token 0xffe07f69
usb_uhci_td_nextqh qh 0x7fdffb0, td 0x7fdfff0
usb_uhci_frame_start nr 32
usb_uhci_qh_load qh 0x7fdffd0
usb_uhci_qh_load qh 0x7fdffb0
usb_uhci_td_load qh 0x7fdffb0, td 0x7fdfff0, ctrl 0x0, token 0xffe07f69
usb_uhci_td_nextqh qh 0x7fdffb0, td 0x7fdfff0
usb_uhci_mmio_readw addr 0x0012, ret 0x0080
usb_uhci_frame_start nr 33
usb_uhci_qh_load qh 0x7fdffd0
usb_uhci_qh_load qh 0x7fdffb0
usb_uhci_td_load qh 0x7fdffb0, td 0x7fdfff0, ctrl 0x0, token 0xffe07f69
usb_uhci_td_nextqh qh 0x7fdffb0, td 0x7fdfff0
usb_uhci_frame_start nr 34
usb_uhci_qh_load qh 0x7fdffd0
usb_uhci_qh_load qh 0x7fdffb0
usb_uhci_td_load qh 0x7fdffb0, td 0x7fdfff0, ctrl 0x0, token 0xffe07f69
usb_uhci_td_nextqh qh 0x7fdffb0, td 0x7fdfff0
usb_uhci_frame_start nr 35
usb_uhci_qh_load qh 0x7fdffd0
usb_uhci_qh_load qh 0x7fdffb0
usb_uhci_td_load qh 0x7fdffb0, td 0x7fdfff0, ctrl 0x0, token 0xffe07f69
usb_uhci_td_nextqh qh 0x7fdffb0, td 0x7fdfff0
usb_uhci_frame_start nr 36
usb_uhci_qh_load qh 0x7fdffd0
usb_uhci_qh_load qh 0x7fdffb0
usb_uhci_td_load qh 0x7fdffb0, td 0x7fdfff0, ctrl 0x0, token 0xffe07f69
usb_uhci_td_nextqh qh 0x7fdffb0, td 0x7fdfff0
usb_uhci_frame_start nr 37
usb_uhci_qh_load qh 0x7fdffd0
usb_uhci_qh_load qh 0x7fdffb0
usb_uhci_td_load qh 0x7fdffb0, td 0x7fdfff0, ctrl 0x0, token 0xffe07f69
usb_uhci_td_nextqh qh 0x7fdffb0, td 0x7fdfff0
usb_uhci_mmio_readw addr 0x0012, ret 0x0080
usb_uhci_frame_start nr 38
usb_uhci_qh_load qh 0x7fdffd0
usb_uhci_qh_load qh 0x7fdffb0
usb_uhci_td_load qh 0x7fdffb0, td 0x7fdfff0, ctrl 0x0, token 0xffe07f69
usb_uhci_td_nextqh qh 0x7fdffb0, td 0x7fdfff0
usb_uhci_frame_start nr 39
usb_uhci_qh_load qh 0x7fdffd0
usb_uhci_qh_load qh 0x7fdffb0
usb_uhci_td_load qh 0x7fdffb0, td 0x7fdfff0, ctrl 0x0, token 0xffe07f69
usb_uhci_td_nextqh qh 0x7fdffb0, td 0x7fdfff0
usb_uhci_frame_start nr 40
usb_uhci_qh_load qh 0x7fdffd0
usb_uhci_qh_load qh 0x7fdffb0
usb_uhci_td_load qh 0x7fdffb0, td 0x7fdfff0, ctrl 0x0, token 0xffe07f69
usb_uhci_td_nextqh qh 0x7fdffb0, td 0x7fdfff0
usb_uhci_frame_start nr 41
usb_uhci_qh_load qh 0x7fdffd0
usb_uhci_qh_load qh 0x7fdffb0
usb_uhci_td_load qh 0x7fdffb0, td 0x7fdfff0, ctrl 0x0, token 0xffe07f69
usb_uhci_td_nextqh qh 0x7fdffb0, td 0x7fdfff0
usb_uhci_frame_start nr 42
usb_uhci_qh_load qh 0x7fdffd0
usb_uhci_qh_load qh 0x7fdffb0
usb_uhci_td_load qh 0x7fdffb0, td 0x7fdfff0, ctrl 0x0, token 0xffe07f69
usb_uhci_td_nextqh qh 0x7fdffb0, td 0x7fdfff0
usb_uhci_mmio_readw addr 0x0012, ret 0x0080
usb_uhci_frame_start nr 43
usb_uhci_qh_load qh 0x7fdffd0
usb_uhci_qh_load qh 0x7fdffb0
usb_uhci_td_load qh 0x7fdffb0, td 0x7fdfff0, ctrl 0x0, token 0xffe07f69
usb_uhci_td_nextqh qh 0x7fdffb0, td 0x7fdfff0
usb_uhci_frame_start nr 44
usb_uhci_qh_load qh 0x7fdffd0
usb_uhci_qh_load qh 0x7fdffb0
usb_uhci_td_load qh 0x7fdffb0, td 0x7fdfff0, ctrl 0x0, token 0xffe07f69
usb_uhci_td_nextqh qh 0x7fdffb0, td 0x7fdfff0
usb_uhci_frame_start nr 45
usb_uhci_qh_load qh 0x7fdffd0
usb_uhci_qh_load qh 0x7fdffb0
usb_uhci_td_load qh 0x7fdffb0, td 0x7fdfff0, ctrl 0x0, token 0xffe07f69
usb_uhci_td_nextqh qh 0x7fdffb0, td 0x7fdfff0
usb_uhci_frame_start nr 46
usb_uhci_qh_load qh 0x7fdffd0
usb_uhci_qh_load qh 0x7fdffb0
usb_uhci_td_load qh 0x7fdffb0, td 0x7fdfff0, ctrl 0x0, token 0xffe07f69
usb_uhci_td_nextqh qh 0x7fdffb0, td 0x7fdfff0
usb_uhci_frame_start nr 47
usb_uhci_qh_load qh 0x7fdffd0
usb_uhci_qh_load qh 0x7fdffb0
usb_uhci_td_load qh 0x7fdffb0, td 0x7fdfff0, ctrl 0x0, token 0xffe07f69
usb_uhci_td_nextqh qh 0x7fdffb0, td 0x7fdfff0
usb_uhci_mmio_readw addr 0x0012, ret 0x0080
usb_uhci_frame_start nr 48
usb_uhci_qh_load qh 0x7fdffd0
usb_uhci_qh_load qh 0x7fdffb0
usb_uhci_td_load qh 0x7fdffb0, td 0x7fdfff0, ctrl 0x0, token 0xffe07f69
usb_uhci_td_nextqh qh 0x7fdffb0, td 0x7fdfff0
usb_uhci_mmio_writew addr 0x0010, val 0x0000
usb_uhci_mmio_readw addr 0x0010, ret 0x0083
usb_uhci_mmio_writew addr 0x0010, val 0x0004
usb_uhci_frame_start nr 49
usb_uhci_qh_load qh 0x7fdffd0
usb_uhci_qh_load qh 0x7fdffb0
usb_uhci_td_load qh 0x7fdffb0, td 0x7fdfff0, ctrl 0x0, token 0xffe07f69
usb_uhci_td_nextqh qh 0x7fdffb0, td 0x7fdfff0
usb_uhci_frame_start nr 50
usb_uhci_qh_load qh 0x7fdffd0
usb_uhci_qh_load qh 0x7fdffb0
usb_uhci_td_load qh 0x7fdffb0, td 0x7fdfff0, ctrl 0x0, token 0xffe07f69
usb_uhci_td_nextqh qh 0x7fdffb0, td 0x7fdfff0
usb_uhci_frame_start nr 51
usb_uhci_qh_load qh 0x7fdffd0
usb_uhci_qh_load qh 0x7fdffb0
usb_uhci_td_load qh 0x7fdffb0, td 0x7fdfff0, ctrl 0x0, token 0xffe07f69
usb_uhci_td_nextqh qh 0x7fdffb0, td 0x7fdfff0
usb_uhci_frame_start nr 52
usb_uhci_qh_load qh 0x7fdffd0
usb_uhci_qh_load qh 0x7fdffb0
usb_uhci_td_load qh 0x7fdffb0, td 0x7fdfff0, ctrl 0x0, token 0xffe07f69
usb_uhci_td_nextqh qh 0x7fdffb0, td 0x7fdfff0
usb_uhci_frame_start nr 53
usb_uhci_qh_load qh 0x7fdffd0
usb_uhci_qh_load qh 0x7fdffb0
usb_uhci_td_load qh 0x7fdffb0, td 0x7fdfff0, ctrl 0x0, token 0xffe07f69
usb_uhci_td_nextqh qh 0x7fdffb0, td 0x7fdfff0
usb_uhci_mmio_readw addr 0x0012, ret 0x0080
usb_uhci_frame_start nr 54
usb_uhci_qh_load qh 0x7fdffd0
usb_uhci_qh_load qh 0x7fdffb0
usb_uhci_td_load qh 0x7fdffb0, td 0x7fdfff0, ctrl 0x0, token 0xffe07f69
usb_uhci_td_nextqh qh 0x7fdffb0, td 0x7fdfff0
usb_uhci_frame_start nr 55
usb_uhci_qh_load qh 0x7fdffd0
usb_uhci_qh_load qh 0x7fdffb0
usb_uhci_td_load qh 0x7fdffb0, td 0x7fdfff0, ctrl 0x0, token 0xffe07f69
usb_uhci_td_nextqh qh 0x7fdffb0, td 0x7fdfff0
usb_uhci_frame_start nr 56
usb_uhci_qh_load qh 0x7fdffd0
usb_uhci_qh_load qh 0x7fdffb0
usb_uhci_td_load qh 0x7fdffb0, td 0x7fdfff0, ctrl 0x0, token 0xffe07f69
usb_uhci_td_nextqh qh 0x7fdffb0, td 0x7fdfff0
usb_uhci_frame_start nr 57
usb_uhci_qh_load qh 0x7fdffd0
usb_uhci_qh_load qh 0x7fdffb0
usb_uhci_td_load qh 0x7fdffb0, td 0x7fdfff0, ctrl 0x0, token 0xffe07f69
usb_uhci_td_nextqh qh 0x7fdffb0, td 0x7fdfff0
usb_uhci_mmio_readw addr 0x0012, ret 0x0080
usb_uhci_frame_start nr 58
usb_uhci_qh_load qh 0x7fdffd0
usb_uhci_qh_load qh 0x7fdffb0
usb_uhci_td_load qh 0x7fdffb0, td 0x7fdfff0, ctrl 0x0, token 0xffe07f69
usb_uhci_td_nextqh qh 0x7fdffb0, td 0x7fdfff0
usb_uhci_frame_start nr 59
usb_uhci_qh_load qh 0x7fdffd0
usb_uhci_qh_load qh 0x7fdffb0
usb_uhci_td_load qh 0x7fdffb0, td 0x7fdfff0, ctrl 0x0, token 0xffe07f69
usb_uhci_td_nextqh qh 0x7fdffb0, td 0x7fdfff0
usb_uhci_frame_start nr 60
usb_uhci_qh_load qh 0x7fdffd0
usb_uhci_qh_load qh 0x6fe8730
usb_uhci_td_load qh 0x6fe8730, td 0x6fe6e30, ctrl 0x18800000, token 0xe0002d
usb_uhci_queue_add token 0x0
usb_uhci_packet_add token 0x0, td 0x6fe6e30
usb_packet_state_change bus 0, port 1, ep 0, packet 0x565049b0a5a0, state undef -> setup
usb_packet_state_change bus 0, port 1, ep 0, packet 0x565049b0a5a0, state setup -> complete
usb_uhci_packet_complete_success token 0x0, td 0x6fe6e30
usb_uhci_packet_del token 0x0, td 0x6fe6e30
usb_uhci_td_complete qh 0x6fe8730, td 0x6fe6e30
usb_uhci_td_load qh 0x6fe8730, td 0x6fe6e40, ctrl 0x800000, token 0xffe80069
usb_uhci_packet_add token 0x0, td 0x6fe6e44
usb_packet_state_change bus 0, port 1, ep 0, packet 0x565049b0a5a0, state undef -> setup
usb_host_req_control dev 1:8, packet 0x565049b0a5a0, req 0x5, value 1, index 0
usb_host_set_address dev 1:8, address 1
usb_host_req_emulated dev 1:8, packet 0x565049b0a5a0, status 0
usb_packet_state_change bus 0, port 1, ep 0, packet 0x565049b0a5a0, state setup -> complete
usb_uhci_packet_complete_success token 0x0, td 0x6fe6e44
usb_uhci_packet_del token 0x0, td 0x6fe6e44
usb_uhci_td_complete qh 0x6fe8730, td 0x6fe6e40
usb_uhci_frame_stop_bandwidth 
usb_uhci_frame_start nr 61
usb_uhci_qh_load qh 0x7fdffd0
usb_uhci_qh_load qh 0x6fe8730
usb_uhci_qh_load qh 0x7fdffb0
usb_uhci_td_load qh 0x7fdffb0, td 0x7fdfff0, ctrl 0x0, token 0xffe07f69
usb_uhci_td_nextqh qh 0x7fdffb0, td 0x7fdfff0
usb_uhci_frame_start nr 62
usb_uhci_qh_load qh 0x7fdffd0
usb_uhci_qh_load qh 0x6fe8730
usb_uhci_qh_load qh 0x7fdffb0
usb_uhci_td_load qh 0x7fdffb0, td 0x7fdfff0, ctrl 0x0, token 0xffe07f69
usb_uhci_td_nextqh qh 0x7fdffb0, td 0x7fdfff0
usb_uhci_mmio_readw addr 0x0012, ret 0x0080
usb_uhci_frame_start nr 63
usb_uhci_qh_load qh 0x7fdffd0
usb_uhci_qh_load qh 0x6fe8730
usb_uhci_td_load qh 0x6fe8730, td 0x6fe6e30, ctrl 0x18800000, token 0xe0012d
usb_uhci_queue_add token 0x100
usb_uhci_packet_add token 0x100, td 0x6fe6e30
usb_packet_state_change bus 0, port 1, ep 0, packet 0x565049b0a5a0, state undef -> setup
usb_host_req_control dev 1:8, packet 0x565049b0a5a0, req 0x8006, value 256, index 0
usb_packet_state_change bus 0, port 1, ep 0, packet 0x565049b0a5a0, state setup -> async
usb_uhci_packet_link_async token 0x100, td 0x6fe6e30
usb_uhci_td_queue td 0x6fe6e40, ctrl 0x18800000, token 0xe80169
usb_uhci_packet_add token 0x100, td 0x6fe6e44
usb_packet_state_change bus 0, port 1, ep 0, packet 0x56504ac776c0, state undef -> setup
usb_packet_state_change bus 0, port 1, ep 0, packet 0x56504ac776c0, state setup -> queued
usb_uhci_packet_link_async token 0x100, td 0x6fe6e44
usb_uhci_td_queue td 0x6fe6e50, ctrl 0x800000, token 0xffe801e1
usb_uhci_packet_add token 0x100, td 0x6fe6e54
usb_packet_state_change bus 0, port 1, ep 0, packet 0x56504a915a20, state undef -> setup
usb_packet_state_change bus 0, port 1, ep 0, packet 0x56504a915a20, state setup -> queued
usb_uhci_packet_link_async token 0x100, td 0x6fe6e54
usb_uhci_td_async qh 0x6fe8730, td 0x6fe6e30
usb_uhci_qh_load qh 0x7fdffb0
usb_uhci_td_load qh 0x7fdffb0, td 0x7fdfff0, ctrl 0x0, token 0xffe07f69
usb_uhci_td_nextqh qh 0x7fdffb0, td 0x7fdfff0
usb_uhci_frame_start nr 64
usb_uhci_qh_load qh 0x7fdffd0
usb_uhci_qh_load qh 0x6fe8730
usb_uhci_td_load qh 0x6fe8730, td 0x6fe6e30, ctrl 0x18800000, token 0xe0012d
usb_uhci_td_nextqh qh 0x6fe8730, td 0x6fe6e30
usb_uhci_qh_load qh 0x7fdffb0
usb_uhci_td_load qh 0x7fdffb0, td 0x7fdfff0, ctrl 0x0, token 0xffe07f69
usb_uhci_td_nextqh qh 0x7fdffb0, td 0x7fdfff0
usb_uhci_frame_start nr 65
usb_uhci_qh_load qh 0x7fdffd0
usb_uhci_qh_load qh 0x6fe8730
usb_uhci_td_load qh 0x6fe8730, td 0x6fe6e30, ctrl 0x18800000, token 0xe0012d
usb_uhci_td_nextqh qh 0x6fe8730, td 0x6fe6e30
usb_uhci_qh_load qh 0x7fdffb0
usb_uhci_td_load qh 0x7fdffb0, td 0x7fdfff0, ctrl 0x0, token 0xffe07f69
usb_uhci_td_nextqh qh 0x7fdffb0, td 0x7fdfff0
usb_uhci_frame_start nr 66
usb_uhci_qh_load qh 0x7fdffd0
usb_uhci_qh_load qh 0x6fe8730
usb_uhci_td_load qh 0x6fe8730, td 0x6fe6e30, ctrl 0x18800000, token 0xe0012d
usb_uhci_td_nextqh qh 0x6fe8730, td 0x6fe6e30
usb_uhci_qh_load qh 0x7fdffb0
usb_uhci_td_load qh 0x7fdffb0, td 0x7fdfff0, ctrl 0x0, token 0xffe07f69
usb_uhci_td_nextqh qh 0x7fdffb0, td 0x7fdfff0
usb_host_req_complete dev 1:8, packet 0x565049b0a5a0, status 0, length 8
usb_packet_state_change bus 0, port 1, ep 0, packet 0x565049b0a5a0, state async -> complete
usb_packet_state_change bus 0, port 1, ep 0, packet 0x56504ac776c0, state queued -> complete
usb_packet_state_change bus 0, port 1, ep 0, packet 0x56504a915a20, state queued -> complete
usb_uhci_qh_load qh 0x7fdffd0
usb_uhci_qh_load qh 0x6fe8730
usb_uhci_td_load qh 0x6fe8730, td 0x6fe6e30, ctrl 0x18800000, token 0xe0012d
usb_uhci_packet_unlink_async token 0x100, td 0x6fe6e30
usb_uhci_packet_complete_success token 0x100, td 0x6fe6e30
usb_uhci_packet_del token 0x100, td 0x6fe6e30
usb_uhci_td_complete qh 0x6fe8730, td 0x6fe6e30
usb_uhci_td_load qh 0x6fe8730, td 0x6fe6e40, ctrl 0x18800000, token 0xe80169
usb_uhci_packet_unlink_async token 0x100, td 0x6fe6e44
usb_uhci_packet_complete_success token 0x100, td 0x6fe6e44
usb_uhci_packet_del token 0x100, td 0x6fe6e44
usb_uhci_td_complete qh 0x6fe8730, td 0x6fe6e40
usb_uhci_td_load qh 0x6fe8730, td 0x6fe6e50, ctrl 0x800000, token 0xffe801e1
usb_uhci_packet_unlink_async token 0x100, td 0x6fe6e54
usb_uhci_packet_complete_success token 0x100, td 0x6fe6e54
usb_uhci_packet_del token 0x100, td 0x6fe6e54
usb_uhci_td_complete qh 0x6fe8730, td 0x6fe6e50
usb_uhci_qh_load qh 0x7fdffb0
usb_uhci_td_load qh 0x7fdffb0, td 0x7fdfff0, ctrl 0x0, token 0xffe07f69
usb_uhci_td_nextqh qh 0x7fdffb0, td 0x7fdfff0
usb_uhci_frame_start nr 67
usb_uhci_qh_load qh 0x7fdffd0
usb_uhci_qh_load qh 0x6fe8730
usb_uhci_td_load qh 0x6fe8730, td 0x6fe6e30, ctrl 0x18800000, token 0xe0012d
usb_uhci_packet_add token 0x100, td 0x6fe6e30
usb_packet_state_change bus 0, port 1, ep 0, packet 0x565049b0a5a0, state undef -> setup
usb_host_req_control dev 1:8, packet 0x565049b0a5a0, req 0x8006, value 512, index 0
usb_packet_state_change bus 0, port 1, ep 0, packet 0x565049b0a5a0, state setup -> async
usb_uhci_packet_link_async token 0x100, td 0x6fe6e30
usb_uhci_td_queue td 0x6fe6e40, ctrl 0x18800000, token 0x1080169
usb_uhci_packet_add token 0x100, td 0x6fe6e44
usb_packet_state_change bus 0, port 1, ep 0, packet 0x56504ac776c0, state undef -> setup
usb_packet_state_change bus 0, port 1, ep 0, packet 0x56504ac776c0, state setup -> queued
usb_uhci_packet_link_async token 0x100, td 0x6fe6e44
usb_uhci_td_queue td 0x6fe6e50, ctrl 0x800000, token 0xffe801e1
usb_uhci_packet_add token 0x100, td 0x6fe6e54
usb_packet_state_change bus 0, port 1, ep 0, packet 0x56504a915a20, state undef -> setup
usb_packet_state_change bus 0, port 1, ep 0, packet 0x56504a915a20, state setup -> queued
usb_uhci_packet_link_async token 0x100, td 0x6fe6e54
usb_uhci_td_async qh 0x6fe8730, td 0x6fe6e30
usb_uhci_qh_load qh 0x7fdffb0
usb_uhci_td_load qh 0x7fdffb0, td 0x7fdfff0, ctrl 0x0, token 0xffe07f69
usb_uhci_td_nextqh qh 0x7fdffb0, td 0x7fdfff0
usb_uhci_mmio_readw addr 0x0012, ret 0x0080
usb_uhci_frame_start nr 68
usb_uhci_qh_load qh 0x7fdffd0
usb_uhci_qh_load qh 0x6fe8730
usb_uhci_td_load qh 0x6fe8730, td 0x6fe6e30, ctrl 0x18800000, token 0xe0012d
usb_uhci_td_nextqh qh 0x6fe8730, td 0x6fe6e30
usb_uhci_qh_load qh 0x7fdffb0
usb_uhci_td_load qh 0x7fdffb0, td 0x7fdfff0, ctrl 0x0, token 0xffe07f69
usb_uhci_td_nextqh qh 0x7fdffb0, td 0x7fdfff0
usb_uhci_frame_start nr 69
usb_uhci_qh_load qh 0x7fdffd0
usb_uhci_qh_load qh 0x6fe8730
usb_uhci_td_load qh 0x6fe8730, td 0x6fe6e30, ctrl 0x18800000, token 0xe0012d
usb_uhci_td_nextqh qh 0x6fe8730, td 0x6fe6e30
usb_uhci_qh_load qh 0x7fdffb0
usb_uhci_td_load qh 0x7fdffb0, td 0x7fdfff0, ctrl 0x0, token 0xffe07f69
usb_uhci_td_nextqh qh 0x7fdffb0, td 0x7fdfff0
usb_uhci_frame_start nr 70
usb_uhci_qh_load qh 0x7fdffd0
usb_uhci_qh_load qh 0x6fe8730
usb_uhci_td_load qh 0x6fe8730, td 0x6fe6e30, ctrl 0x18800000, token 0xe0012d
usb_uhci_td_nextqh qh 0x6fe8730, td 0x6fe6e30
usb_uhci_qh_load qh 0x7fdffb0
usb_uhci_td_load qh 0x7fdffb0, td 0x7fdfff0, ctrl 0x0, token 0xffe07f69
usb_uhci_td_nextqh qh 0x7fdffb0, td 0x7fdfff0
usb_uhci_frame_start nr 71
usb_uhci_qh_load qh 0x7fdffd0
usb_uhci_qh_load qh 0x6fe8730
usb_uhci_td_load qh 0x6fe8730, td 0x6fe6e30, ctrl 0x18800000, token 0xe0012d
usb_uhci_td_nextqh qh 0x6fe8730, td 0x6fe6e30
usb_uhci_qh_load qh 0x7fdffb0
usb_uhci_td_load qh 0x7fdffb0, td 0x7fdfff0, ctrl 0x0, token 0xffe07f69
usb_uhci_td_nextqh qh 0x7fdffb0, td 0x7fdfff0
usb_host_remote_wakeup_removed dev 1:8
usb_host_req_complete dev 1:8, packet 0x565049b0a5a0, status 0, length 9
usb_packet_state_change bus 0, port 1, ep 0, packet 0x565049b0a5a0, state async -> complete
usb_packet_state_change bus 0, port 1, ep 0, packet 0x56504ac776c0, state queued -> complete
usb_packet_state_change bus 0, port 1, ep 0, packet 0x56504a915a20, state queued -> complete
usb_uhci_qh_load qh 0x7fdffd0
usb_uhci_qh_load qh 0x6fe8730
usb_uhci_td_load qh 0x6fe8730, td 0x6fe6e30, ctrl 0x18800000, token 0xe0012d
usb_uhci_packet_unlink_async token 0x100, td 0x6fe6e30
usb_uhci_packet_complete_success token 0x100, td 0x6fe6e30
usb_uhci_packet_del token 0x100, td 0x6fe6e30
usb_uhci_td_complete qh 0x6fe8730, td 0x6fe6e30
usb_uhci_td_load qh 0x6fe8730, td 0x6fe6e40, ctrl 0x18800000, token 0x1080169
usb_uhci_packet_unlink_async token 0x100, td 0x6fe6e44
usb_uhci_packet_complete_success token 0x100, td 0x6fe6e44
usb_uhci_packet_del token 0x100, td 0x6fe6e44
usb_uhci_td_complete qh 0x6fe8730, td 0x6fe6e40
usb_uhci_td_load qh 0x6fe8730, td 0x6fe6e50, ctrl 0x800000, token 0xffe801e1
usb_uhci_packet_unlink_async token 0x100, td 0x6fe6e54
usb_uhci_packet_complete_success token 0x100, td 0x6fe6e54
usb_uhci_packet_del token 0x100, td 0x6fe6e54
usb_uhci_td_complete qh 0x6fe8730, td 0x6fe6e50
usb_uhci_qh_load qh 0x7fdffb0
usb_uhci_td_load qh 0x7fdffb0, td 0x7fdfff0, ctrl 0x0, token 0xffe07f69
usb_uhci_td_nextqh qh 0x7fdffb0, td 0x7fdfff0
usb_uhci_frame_start nr 72
usb_uhci_qh_load qh 0x7fdffd0
usb_uhci_qh_load qh 0x6fe8730
usb_uhci_td_load qh 0x6fe8730, td 0x6fe6e30, ctrl 0x18800000, token 0xe0012d
usb_uhci_packet_add token 0x100, td 0x6fe6e30
usb_packet_state_change bus 0, port 1, ep 0, packet 0x565049b0a5a0, state undef -> setup
usb_host_req_control dev 1:8, packet 0x565049b0a5a0, req 0x8006, value 512, index 0
usb_packet_state_change bus 0, port 1, ep 0, packet 0x565049b0a5a0, state setup -> async
usb_uhci_packet_link_async token 0x100, td 0x6fe6e30
usb_uhci_td_queue td 0x6fe6e40, ctrl 0x18800000, token 0x7e80169
usb_uhci_packet_add token 0x100, td 0x6fe6e44
usb_packet_state_change bus 0, port 1, ep 0, packet 0x56504ac776c0, state undef -> setup
usb_packet_state_change bus 0, port 1, ep 0, packet 0x56504ac776c0, state setup -> queued
usb_uhci_packet_link_async token 0x100, td 0x6fe6e44
usb_uhci_td_queue td 0x6fe6e50, ctrl 0x18800000, token 0x7e00169
usb_uhci_packet_add token 0x100, td 0x6fe6e54
usb_packet_state_change bus 0, port 1, ep 0, packet 0x56504a915a20, state undef -> setup
usb_packet_state_change bus 0, port 1, ep 0, packet 0x56504a915a20, state setup -> queued
usb_uhci_packet_link_async token 0x100, td 0x6fe6e54
usb_uhci_td_queue td 0x6fe6e60, ctrl 0x18800000, token 0x7e80169
usb_uhci_packet_add token 0x100, td 0x6fe6e64
usb_packet_state_change bus 0, port 1, ep 0, packet 0x56504ae54ec0, state undef -> setup
usb_packet_state_change bus 0, port 1, ep 0, packet 0x56504ae54ec0, state setup -> queued
usb_uhci_packet_link_async token 0x100, td 0x6fe6e64
usb_uhci_td_queue td 0x6fe6e70, ctrl 0x18800000, token 0x7000169
usb_uhci_packet_add token 0x100, td 0x6fe6e74
usb_packet_state_change bus 0, port 1, ep 0, packet 0x565049983da0, state undef -> setup
usb_packet_state_change bus 0, port 1, ep 0, packet 0x565049983da0, state setup -> queued
usb_uhci_packet_link_async token 0x100, td 0x6fe6e74
usb_uhci_td_queue td 0x6fe6e80, ctrl 0x800000, token 0xffe801e1
usb_uhci_packet_add token 0x100, td 0x6fe6e84
usb_packet_state_change bus 0, port 1, ep 0, packet 0x56504aca5100, state undef -> setup
usb_packet_state_change bus 0, port 1, ep 0, packet 0x56504aca5100, state setup -> queued
usb_uhci_packet_link_async token 0x100, td 0x6fe6e84
usb_uhci_td_async qh 0x6fe8730, td 0x6fe6e30
usb_uhci_qh_load qh 0x7fdffb0
usb_uhci_td_load qh 0x7fdffb0, td 0x7fdfff0, ctrl 0x0, token 0xffe07f69
usb_uhci_td_nextqh qh 0x7fdffb0, td 0x7fdfff0
usb_uhci_mmio_readw addr 0x0012, ret 0x0080
usb_uhci_frame_start nr 73
usb_uhci_qh_load qh 0x7fdffd0
usb_uhci_qh_load qh 0x6fe8730
usb_uhci_td_load qh 0x6fe8730, td 0x6fe6e30, ctrl 0x18800000, token 0xe0012d
usb_uhci_td_nextqh qh 0x6fe8730, td 0x6fe6e30
usb_uhci_qh_load qh 0x7fdffb0
usb_uhci_td_load qh 0x7fdffb0, td 0x7fdfff0, ctrl 0x0, token 0xffe07f69
usb_uhci_td_nextqh qh 0x7fdffb0, td 0x7fdfff0
usb_uhci_frame_start nr 74
usb_uhci_qh_load qh 0x7fdffd0
usb_uhci_qh_load qh 0x6fe8730
usb_uhci_td_load qh 0x6fe8730, td 0x6fe6e30, ctrl 0x18800000, token 0xe0012d
usb_uhci_td_nextqh qh 0x6fe8730, td 0x6fe6e30
usb_uhci_qh_load qh 0x7fdffb0
usb_uhci_td_load qh 0x7fdffb0, td 0x7fdfff0, ctrl 0x0, token 0xffe07f69
usb_uhci_td_nextqh qh 0x7fdffb0, td 0x7fdfff0
usb_uhci_frame_start nr 75
usb_uhci_qh_load qh 0x7fdffd0
usb_uhci_qh_load qh 0x6fe8730
usb_uhci_td_load qh 0x6fe8730, td 0x6fe6e30, ctrl 0x18800000, token 0xe0012d
usb_uhci_td_nextqh qh 0x6fe8730, td 0x6fe6e30
usb_uhci_qh_load qh 0x7fdffb0
usb_uhci_td_load qh 0x7fdffb0, td 0x7fdfff0, ctrl 0x0, token 0xffe07f69
usb_uhci_td_nextqh qh 0x7fdffb0, td 0x7fdfff0
usb_uhci_frame_start nr 76
usb_uhci_qh_load qh 0x7fdffd0
usb_uhci_qh_load qh 0x6fe8730
usb_uhci_td_load qh 0x6fe8730, td 0x6fe6e30, ctrl 0x18800000, token 0xe0012d
usb_uhci_td_nextqh qh 0x6fe8730, td 0x6fe6e30
usb_uhci_qh_load qh 0x7fdffb0
usb_uhci_td_load qh 0x7fdffb0, td 0x7fdfff0, ctrl 0x0, token 0xffe07f69
usb_uhci_td_nextqh qh 0x7fdffb0, td 0x7fdfff0
usb_uhci_frame_start nr 77
usb_uhci_qh_load qh 0x7fdffd0
usb_uhci_qh_load qh 0x6fe8730
usb_uhci_td_load qh 0x6fe8730, td 0x6fe6e30, ctrl 0x18800000, token 0xe0012d
usb_uhci_td_nextqh qh 0x6fe8730, td 0x6fe6e30
usb_uhci_qh_load qh 0x7fdffb0
usb_uhci_td_load qh 0x7fdffb0, td 0x7fdfff0, ctrl 0x0, token 0xffe07f69
usb_uhci_td_nextqh qh 0x7fdffb0, td 0x7fdfff0
usb_uhci_mmio_readw addr 0x0012, ret 0x0080
usb_uhci_frame_start nr 78
usb_uhci_qh_load qh 0x7fdffd0
usb_uhci_qh_load qh 0x6fe8730
usb_uhci_td_load qh 0x6fe8730, td 0x6fe6e30, ctrl 0x18800000, token 0xe0012d
usb_uhci_td_nextqh qh 0x6fe8730, td 0x6fe6e30
usb_uhci_qh_load qh 0x7fdffb0
usb_uhci_td_load qh 0x7fdffb0, td 0x7fdfff0, ctrl 0x0, token 0xffe07f69
usb_uhci_td_nextqh qh 0x7fdffb0, td 0x7fdfff0
usb_uhci_frame_start nr 79
usb_uhci_qh_load qh 0x7fdffd0
usb_uhci_qh_load qh 0x6fe8730
usb_uhci_td_load qh 0x6fe8730, td 0x6fe6e30, ctrl 0x18800000, token 0xe0012d
usb_uhci_td_nextqh qh 0x6fe8730, td 0x6fe6e30
usb_uhci_qh_load qh 0x7fdffb0
usb_uhci_td_load qh 0x7fdffb0, td 0x7fdfff0, ctrl 0x0, token 0xffe07f69
usb_uhci_td_nextqh qh 0x7fdffb0, td 0x7fdfff0
usb_uhci_frame_start nr 80
usb_uhci_qh_load qh 0x7fdffd0
usb_uhci_qh_load qh 0x6fe8730
usb_uhci_td_load qh 0x6fe8730, td 0x6fe6e30, ctrl 0x18800000, token 0xe0012d
usb_uhci_td_nextqh qh 0x6fe8730, td 0x6fe6e30
usb_uhci_qh_load qh 0x7fdffb0
usb_uhci_td_load qh 0x7fdffb0, td 0x7fdfff0, ctrl 0x0, token 0xffe07f69
usb_uhci_td_nextqh qh 0x7fdffb0, td 0x7fdfff0
usb_uhci_frame_start nr 81
usb_uhci_qh_load qh 0x7fdffd0
usb_uhci_qh_load qh 0x6fe8730
usb_uhci_td_load qh 0x6fe8730, td 0x6fe6e30, ctrl 0x18800000, token 0xe0012d
usb_uhci_td_nextqh qh 0x6fe8730, td 0x6fe6e30
usb_uhci_qh_load qh 0x7fdffb0
usb_uhci_td_load qh 0x7fdffb0, td 0x7fdfff0, ctrl 0x0, token 0xffe07f69
usb_uhci_td_nextqh qh 0x7fdffb0, td 0x7fdfff0
usb_uhci_frame_start nr 82
usb_uhci_qh_load qh 0x7fdffd0
usb_uhci_qh_load qh 0x6fe8730
usb_uhci_td_load qh 0x6fe8730, td 0x6fe6e30, ctrl 0x18800000, token 0xe0012d
usb_uhci_td_nextqh qh 0x6fe8730, td 0x6fe6e30
usb_uhci_qh_load qh 0x7fdffb0
usb_uhci_td_load qh 0x7fdffb0, td 0x7fdfff0, ctrl 0x0, token 0xffe07f69
usb_uhci_td_nextqh qh 0x7fdffb0, td 0x7fdfff0
usb_uhci_mmio_readw addr 0x0012, ret 0x0080
usb_uhci_frame_start nr 83
usb_uhci_qh_load qh 0x7fdffd0
usb_uhci_qh_load qh 0x6fe8730
usb_uhci_td_load qh 0x6fe8730, td 0x6fe6e30, ctrl 0x18800000, token 0xe0012d
usb_uhci_td_nextqh qh 0x6fe8730, td 0x6fe6e30
usb_uhci_qh_load qh 0x7fdffb0
usb_uhci_td_load qh 0x7fdffb0, td 0x7fdfff0, ctrl 0x0, token 0xffe07f69
usb_uhci_td_nextqh qh 0x7fdffb0, td 0x7fdfff0
usb_uhci_frame_start nr 84
usb_uhci_qh_load qh 0x7fdffd0
usb_uhci_qh_load qh 0x6fe8730
usb_uhci_td_load qh 0x6fe8730, td 0x6fe6e30, ctrl 0x18800000, token 0xe0012d
usb_uhci_td_nextqh qh 0x6fe8730, td 0x6fe6e30
usb_uhci_qh_load qh 0x7fdffb0
usb_uhci_td_load qh 0x7fdffb0, td 0x7fdfff0, ctrl 0x0, token 0xffe07f69
usb_uhci_td_nextqh qh 0x7fdffb0, td 0x7fdfff0
usb_uhci_frame_start nr 85
usb_uhci_qh_load qh 0x7fdffd0
usb_uhci_qh_load qh 0x6fe8730
usb_uhci_td_load qh 0x6fe8730, td 0x6fe6e30, ctrl 0x18800000, token 0xe0012d
usb_uhci_td_nextqh qh 0x6fe8730, td 0x6fe6e30
usb_uhci_qh_load qh 0x7fdffb0
usb_uhci_td_load qh 0x7fdffb0, td 0x7fdfff0, ctrl 0x0, token 0xffe07f69
usb_uhci_td_nextqh qh 0x7fdffb0, td 0x7fdfff0
usb_uhci_frame_start nr 86
usb_uhci_qh_load qh 0x7fdffd0
usb_uhci_qh_load qh 0x6fe8730
usb_uhci_td_load qh 0x6fe8730, td 0x6fe6e30, ctrl 0x18800000, token 0xe0012d
usb_uhci_td_nextqh qh 0x6fe8730, td 0x6fe6e30
usb_uhci_qh_load qh 0x7fdffb0
usb_uhci_td_load qh 0x7fdffb0, td 0x7fdfff0, ctrl 0x0, token 0xffe07f69
usb_uhci_td_nextqh qh 0x7fdffb0, td 0x7fdfff0
usb_uhci_frame_start nr 87
usb_uhci_qh_load qh 0x7fdffd0
usb_uhci_qh_load qh 0x6fe8730
usb_uhci_td_load qh 0x6fe8730, td 0x6fe6e30, ctrl 0x18800000, token 0xe0012d
usb_uhci_td_nextqh qh 0x6fe8730, td 0x6fe6e30
usb_uhci_qh_load qh 0x7fdffb0
usb_uhci_td_load qh 0x7fdffb0, td 0x7fdfff0, ctrl 0x0, token 0xffe07f69
usb_uhci_td_nextqh qh 0x7fdffb0, td 0x7fdfff0
usb_uhci_mmio_readw addr 0x0012, ret 0x0080
usb_uhci_frame_start nr 88
usb_uhci_qh_load qh 0x7fdffd0
usb_uhci_qh_load qh 0x6fe8730
usb_uhci_td_load qh 0x6fe8730, td 0x6fe6e30, ctrl 0x18800000, token 0xe0012d
usb_uhci_td_nextqh qh 0x6fe8730, td 0x6fe6e30
usb_uhci_qh_load qh 0x7fdffb0
usb_uhci_td_load qh 0x7fdffb0, td 0x7fdfff0, ctrl 0x0, token 0xffe07f69
usb_uhci_td_nextqh qh 0x7fdffb0, td 0x7fdfff0
usb_uhci_frame_start nr 89
usb_uhci_qh_load qh 0x7fdffd0
usb_uhci_qh_load qh 0x6fe8730
usb_uhci_td_load qh 0x6fe8730, td 0x6fe6e30, ctrl 0x18800000, token 0xe0012d
usb_uhci_td_nextqh qh 0x6fe8730, td 0x6fe6e30
usb_uhci_qh_load qh 0x7fdffb0
usb_uhci_td_load qh 0x7fdffb0, td 0x7fdfff0, ctrl 0x0, token 0xffe07f69
usb_uhci_td_nextqh qh 0x7fdffb0, td 0x7fdfff0
usb_uhci_frame_start nr 90
usb_uhci_qh_load qh 0x7fdffd0
usb_uhci_qh_load qh 0x6fe8730
usb_uhci_td_load qh 0x6fe8730, td 0x6fe6e30, ctrl 0x18800000, token 0xe0012d
usb_uhci_td_nextqh qh 0x6fe8730, td 0x6fe6e30
usb_uhci_qh_load qh 0x7fdffb0
usb_uhci_td_load qh 0x7fdffb0, td 0x7fdfff0, ctrl 0x0, token 0xffe07f69
usb_uhci_td_nextqh qh 0x7fdffb0, td 0x7fdfff0
usb_uhci_frame_start nr 91
usb_uhci_qh_load qh 0x7fdffd0
usb_uhci_qh_load qh 0x6fe8730
usb_uhci_td_load qh 0x6fe8730, td 0x6fe6e30, ctrl 0x18800000, token 0xe0012d
usb_uhci_td_nextqh qh 0x6fe8730, td 0x6fe6e30
usb_uhci_qh_load qh 0x7fdffb0
usb_uhci_td_load qh 0x7fdffb0, td 0x7fdfff0, ctrl 0x0, token 0xffe07f69
usb_uhci_td_nextqh qh 0x7fdffb0, td 0x7fdfff0
usb_uhci_frame_start nr 92
usb_uhci_qh_load qh 0x7fdffd0
usb_uhci_qh_load qh 0x6fe8730
usb_uhci_td_load qh 0x6fe8730, td 0x6fe6e30, ctrl 0x18800000, token 0xe0012d
usb_uhci_td_nextqh qh 0x6fe8730, td 0x6fe6e30
usb_uhci_qh_load qh 0x7fdffb0
usb_uhci_td_load qh 0x7fdffb0, td 0x7fdfff0, ctrl 0x0, token 0xffe07f69
usb_uhci_td_nextqh qh 0x7fdffb0, td 0x7fdfff0
usb_uhci_queue_del token 0x0: validate-end
usb_uhci_mmio_readw addr 0x0012, ret 0x0080
usb_uhci_frame_start nr 93
usb_uhci_qh_load qh 0x7fdffd0
usb_uhci_qh_load qh 0x6fe8730
usb_uhci_td_load qh 0x6fe8730, td 0x6fe6e30, ctrl 0x18800000, token 0xe0012d
usb_uhci_td_nextqh qh 0x6fe8730, td 0x6fe6e30
usb_uhci_qh_load qh 0x7fdffb0
usb_uhci_td_load qh 0x7fdffb0, td 0x7fdfff0, ctrl 0x0, token 0xffe07f69
usb_uhci_td_nextqh qh 0x7fdffb0, td 0x7fdfff0
usb_uhci_frame_start nr 94
usb_uhci_qh_load qh 0x7fdffd0
usb_uhci_qh_load qh 0x6fe8730
usb_uhci_td_load qh 0x6fe8730, td 0x6fe6e30, ctrl 0x18800000, token 0xe0012d
usb_uhci_td_nextqh qh 0x6fe8730, td 0x6fe6e30
usb_uhci_qh_load qh 0x7fdffb0
usb_uhci_td_load qh 0x7fdffb0, td 0x7fdfff0, ctrl 0x0, token 0xffe07f69
usb_uhci_td_nextqh qh 0x7fdffb0, td 0x7fdfff0
usb_uhci_frame_start nr 95
usb_uhci_qh_load qh 0x7fdffd0
usb_uhci_qh_load qh 0x6fe8730
usb_uhci_td_load qh 0x6fe8730, td 0x6fe6e30, ctrl 0x18800000, token 0xe0012d
usb_uhci_td_nextqh qh 0x6fe8730, td 0x6fe6e30
usb_uhci_qh_load qh 0x7fdffb0
usb_uhci_td_load qh 0x7fdffb0, td 0x7fdfff0, ctrl 0x0, token 0xffe07f69
usb_uhci_td_nextqh qh 0x7fdffb0, td 0x7fdfff0
usb_uhci_frame_start nr 96
usb_uhci_qh_load qh 0x7fdffd0
usb_uhci_qh_load qh 0x6fe8730
usb_uhci_td_load qh 0x6fe8730, td 0x6fe6e30, ctrl 0x18800000, token 0xe0012d
usb_uhci_td_nextqh qh 0x6fe8730, td 0x6fe6e30
usb_uhci_qh_load qh 0x7fdffb0
usb_uhci_td_load qh 0x7fdffb0, td 0x7fdfff0, ctrl 0x0, token 0xffe07f69
usb_uhci_td_nextqh qh 0x7fdffb0, td 0x7fdfff0
usb_uhci_frame_start nr 97
usb_uhci_qh_load qh 0x7fdffd0
usb_uhci_qh_load qh 0x6fe8730
usb_uhci_td_load qh 0x6fe8730, td 0x6fe6e30, ctrl 0x18800000, token 0xe0012d
usb_uhci_td_nextqh qh 0x6fe8730, td 0x6fe6e30
usb_uhci_qh_load qh 0x7fdffb0
usb_uhci_td_load qh 0x7fdffb0, td 0x7fdfff0, ctrl 0x0, token 0xffe07f69
usb_uhci_td_nextqh qh 0x7fdffb0, td 0x7fdfff0
usb_uhci_mmio_readw addr 0x0012, ret 0x0080
usb_uhci_frame_start nr 98
usb_uhci_qh_load qh 0x7fdffd0
usb_uhci_qh_load qh 0x6fe8730
usb_uhci_td_load qh 0x6fe8730, td 0x6fe6e30, ctrl 0x18800000, token 0xe0012d
usb_uhci_td_nextqh qh 0x6fe8730, td 0x6fe6e30
usb_uhci_qh_load qh 0x7fdffb0
usb_uhci_td_load qh 0x7fdffb0, td 0x7fdfff0, ctrl 0x0, token 0xffe07f69
usb_uhci_td_nextqh qh 0x7fdffb0, td 0x7fdfff0
usb_uhci_frame_start nr 99
usb_uhci_qh_load qh 0x7fdffd0
usb_uhci_qh_load qh 0x6fe8730
usb_uhci_td_load qh 0x6fe8730, td 0x6fe6e30, ctrl 0x18800000, token 0xe0012d
usb_uhci_td_nextqh qh 0x6fe8730, td 0x6fe6e30
usb_uhci_qh_load qh 0x7fdffb0
usb_uhci_td_load qh 0x7fdffb0, td 0x7fdfff0, ctrl 0x0, token 0xffe07f69
usb_uhci_td_nextqh qh 0x7fdffb0, td 0x7fdfff0
usb_uhci_frame_start nr 100
usb_uhci_qh_load qh 0x7fdffd0
usb_uhci_qh_load qh 0x6fe8730
usb_uhci_td_load qh 0x6fe8730, td 0x6fe6e30, ctrl 0x18800000, token 0xe0012d
usb_uhci_td_nextqh qh 0x6fe8730, td 0x6fe6e30
usb_uhci_qh_load qh 0x7fdffb0
usb_uhci_td_load qh 0x7fdffb0, td 0x7fdfff0, ctrl 0x0, token 0xffe07f69
usb_uhci_td_nextqh qh 0x7fdffb0, td 0x7fdfff0
usb_uhci_frame_start nr 101
usb_uhci_qh_load qh 0x7fdffd0
usb_uhci_qh_load qh 0x6fe8730
usb_uhci_td_load qh 0x6fe8730, td 0x6fe6e30, ctrl 0x18800000, token 0xe0012d
usb_uhci_td_nextqh qh 0x6fe8730, td 0x6fe6e30
usb_uhci_qh_load qh 0x7fdffb0
usb_uhci_td_load qh 0x7fdffb0, td 0x7fdfff0, ctrl 0x0, token 0xffe07f69
usb_uhci_td_nextqh qh 0x7fdffb0, td 0x7fdfff0
usb_uhci_frame_start nr 102
usb_uhci_qh_load qh 0x7fdffd0
usb_uhci_qh_load qh 0x6fe8730
usb_uhci_td_load qh 0x6fe8730, td 0x6fe6e30, ctrl 0x18800000, token 0xe0012d
usb_uhci_td_nextqh qh 0x6fe8730, td 0x6fe6e30
usb_uhci_qh_load qh 0x7fdffb0
usb_uhci_td_load qh 0x7fdffb0, td 0x7fdfff0, ctrl 0x0, token 0xffe07f69
usb_uhci_td_nextqh qh 0x7fdffb0, td 0x7fdfff0
usb_uhci_mmio_readw addr 0x0012, ret 0x0080
usb_uhci_frame_start nr 103
usb_uhci_qh_load qh 0x7fdffd0
usb_uhci_qh_load qh 0x6fe8730
usb_uhci_td_load qh 0x6fe8730, td 0x6fe6e30, ctrl 0x18800000, token 0xe0012d
usb_uhci_td_nextqh qh 0x6fe8730, td 0x6fe6e30
usb_uhci_qh_load qh 0x7fdffb0
usb_uhci_td_load qh 0x7fdffb0, td 0x7fdfff0, ctrl 0x0, token 0xffe07f69
usb_uhci_td_nextqh qh 0x7fdffb0, td 0x7fdfff0
usb_uhci_frame_start nr 104
usb_uhci_qh_load qh 0x7fdffd0
usb_uhci_qh_load qh 0x6fe8730
usb_uhci_td_load qh 0x6fe8730, td 0x6fe6e30, ctrl 0x18800000, token 0xe0012d
usb_uhci_td_nextqh qh 0x6fe8730, td 0x6fe6e30
usb_uhci_qh_load qh 0x7fdffb0
usb_uhci_td_load qh 0x7fdffb0, td 0x7fdfff0, ctrl 0x0, token 0xffe07f69
usb_uhci_td_nextqh qh 0x7fdffb0, td 0x7fdfff0
usb_uhci_frame_start nr 105
usb_uhci_qh_load qh 0x7fdffd0
usb_uhci_qh_load qh 0x6fe8730
usb_uhci_td_load qh 0x6fe8730, td 0x6fe6e30, ctrl 0x18800000, token 0xe0012d
usb_uhci_td_nextqh qh 0x6fe8730, td 0x6fe6e30
usb_uhci_qh_load qh 0x7fdffb0
usb_uhci_td_load qh 0x7fdffb0, td 0x7fdfff0, ctrl 0x0, token 0xffe07f69
usb_uhci_td_nextqh qh 0x7fdffb0, td 0x7fdfff0
usb_uhci_frame_start nr 106
usb_uhci_qh_load qh 0x7fdffd0
usb_uhci_qh_load qh 0x6fe8730
usb_uhci_td_load qh 0x6fe8730, td 0x6fe6e30, ctrl 0x18800000, token 0xe0012d
usb_uhci_td_nextqh qh 0x6fe8730, td 0x6fe6e30
usb_uhci_qh_load qh 0x7fdffb0
usb_uhci_td_load qh 0x7fdffb0, td 0x7fdfff0, ctrl 0x0, token 0xffe07f69
usb_uhci_td_nextqh qh 0x7fdffb0, td 0x7fdfff0
usb_uhci_frame_start nr 107
usb_uhci_qh_load qh 0x7fdffd0
usb_uhci_qh_load qh 0x6fe8730
usb_uhci_td_load qh 0x6fe8730, td 0x6fe6e30, ctrl 0x18800000, token 0xe0012d
usb_uhci_td_nextqh qh 0x6fe8730, td 0x6fe6e30
usb_uhci_qh_load qh 0x7fdffb0
usb_uhci_td_load qh 0x7fdffb0, td 0x7fdfff0, ctrl 0x0, token 0xffe07f69
usb_uhci_td_nextqh qh 0x7fdffb0, td 0x7fdfff0
usb_uhci_frame_start nr 108
usb_uhci_qh_load qh 0x7fdffd0
usb_uhci_qh_load qh 0x6fe8730
usb_uhci_td_load qh 0x6fe8730, td 0x6fe6e30, ctrl 0x18800000, token 0xe0012d
usb_uhci_td_nextqh qh 0x6fe8730, td 0x6fe6e30
usb_uhci_qh_load qh 0x7fdffb0
usb_uhci_td_load qh 0x7fdffb0, td 0x7fdfff0, ctrl 0x0, token 0xffe07f69
usb_uhci_td_nextqh qh 0x7fdffb0, td 0x7fdfff0
usb_uhci_frame_start nr 109
usb_uhci_qh_load qh 0x7fdffd0
usb_uhci_qh_load qh 0x6fe8730
usb_uhci_td_load qh 0x6fe8730, td 0x6fe6e30, ctrl 0x18800000, token 0xe0012d
usb_uhci_td_nextqh qh 0x6fe8730, td 0x6fe6e30
usb_uhci_qh_load qh 0x7fdffb0
usb_uhci_td_load qh 0x7fdffb0, td 0x7fdfff0, ctrl 0x0, token 0xffe07f69
usb_uhci_td_nextqh qh 0x7fdffb0, td 0x7fdfff0
usb_uhci_frame_start nr 110
usb_uhci_qh_load qh 0x7fdffd0
usb_uhci_qh_load qh 0x6fe8730
usb_uhci_td_load qh 0x6fe8730, td 0x6fe6e30, ctrl 0x18800000, token 0xe0012d
usb_uhci_td_nextqh qh 0x6fe8730, td 0x6fe6e30
usb_uhci_qh_load qh 0x7fdffb0
usb_uhci_td_load qh 0x7fdffb0, td 0x7fdfff0, ctrl 0x0, token 0xffe07f69
usb_uhci_td_nextqh qh 0x7fdffb0, td 0x7fdfff0
usb_uhci_frame_start nr 111
usb_uhci_qh_load qh 0x7fdffd0
usb_uhci_qh_load qh 0x6fe8730
usb_uhci_td_load qh 0x6fe8730, td 0x6fe6e30, ctrl 0x18800000, token 0xe0012d
usb_uhci_td_nextqh qh 0x6fe8730, td 0x6fe6e30
usb_uhci_qh_load qh 0x7fdffb0
usb_uhci_td_load qh 0x7fdffb0, td 0x7fdfff0, ctrl 0x0, token 0xffe07f69
usb_uhci_td_nextqh qh 0x7fdffb0, td 0x7fdfff0
usb_uhci_frame_start nr 112
usb_uhci_qh_load qh 0x7fdffd0
usb_uhci_qh_load qh 0x6fe8730
usb_uhci_td_load qh 0x6fe8730, td 0x6fe6e30, ctrl 0x18800000, token 0xe0012d
usb_uhci_td_nextqh qh 0x6fe8730, td 0x6fe6e30
usb_uhci_qh_load qh 0x7fdffb0
usb_uhci_td_load qh 0x7fdffb0, td 0x7fdfff0, ctrl 0x0, token 0xffe07f69
usb_uhci_td_nextqh qh 0x7fdffb0, td 0x7fdfff0
usb_uhci_frame_start nr 113
usb_uhci_qh_load qh 0x7fdffd0
usb_uhci_qh_load qh 0x6fe8730
usb_uhci_td_load qh 0x6fe8730, td 0x6fe6e30, ctrl 0x18800000, token 0xe0012d
usb_uhci_td_nextqh qh 0x6fe8730, td 0x6fe6e30
usb_uhci_qh_load qh 0x7fdffb0
usb_uhci_td_load qh 0x7fdffb0, td 0x7fdfff0, ctrl 0x0, token 0xffe07f69
usb_uhci_td_nextqh qh 0x7fdffb0, td 0x7fdfff0
usb_uhci_frame_start nr 114
usb_uhci_qh_load qh 0x7fdffd0
usb_uhci_qh_load qh 0x6fe8730
usb_uhci_td_load qh 0x6fe8730, td 0x6fe6e30, ctrl 0x18800000, token 0xe0012d
usb_uhci_td_nextqh qh 0x6fe8730, td 0x6fe6e30
usb_uhci_qh_load qh 0x7fdffb0
usb_uhci_td_load qh 0x7fdffb0, td 0x7fdfff0, ctrl 0x0, token 0xffe07f69
usb_uhci_td_nextqh qh 0x7fdffb0, td 0x7fdfff0
usb_uhci_frame_start nr 115
usb_uhci_qh_load qh 0x7fdffd0
usb_uhci_qh_load qh 0x6fe8730
usb_uhci_td_load qh 0x6fe8730, td 0x6fe6e30, ctrl 0x18800000, token 0xe0012d
usb_uhci_td_nextqh qh 0x6fe8730, td 0x6fe6e30
usb_uhci_qh_load qh 0x7fdffb0
usb_uhci_td_load qh 0x7fdffb0, td 0x7fdfff0, ctrl 0x0, token 0xffe07f69
usb_uhci_td_nextqh qh 0x7fdffb0, td 0x7fdfff0
usb_uhci_frame_start nr 116
usb_uhci_qh_load qh 0x7fdffd0
usb_uhci_qh_load qh 0x6fe8730
usb_uhci_td_load qh 0x6fe8730, td 0x6fe6e30, ctrl 0x18800000, token 0xe0012d
usb_uhci_td_nextqh qh 0x6fe8730, td 0x6fe6e30
usb_uhci_qh_load qh 0x7fdffb0
usb_uhci_td_load qh 0x7fdffb0, td 0x7fdfff0, ctrl 0x0, token 0xffe07f69
usb_uhci_td_nextqh qh 0x7fdffb0, td 0x7fdfff0
usb_uhci_frame_start nr 117
usb_uhci_qh_load qh 0x7fdffd0
usb_uhci_qh_load qh 0x6fe8730
usb_uhci_td_load qh 0x6fe8730, td 0x6fe6e30, ctrl 0x18800000, token 0xe0012d
usb_uhci_td_nextqh qh 0x6fe8730, td 0x6fe6e30
usb_uhci_qh_load qh 0x7fdffb0
usb_uhci_td_load qh 0x7fdffb0, td 0x7fdfff0, ctrl 0x0, token 0xffe07f69
usb_uhci_td_nextqh qh 0x7fdffb0, td 0x7fdfff0
usb_uhci_frame_start nr 118
usb_uhci_qh_load qh 0x7fdffd0
usb_uhci_qh_load qh 0x6fe8730
usb_uhci_td_load qh 0x6fe8730, td 0x6fe6e30, ctrl 0x18800000, token 0xe0012d
usb_uhci_td_nextqh qh 0x6fe8730, td 0x6fe6e30
usb_uhci_qh_load qh 0x7fdffb0
usb_uhci_td_load qh 0x7fdffb0, td 0x7fdfff0, ctrl 0x0, token 0xffe07f69
usb_uhci_td_nextqh qh 0x7fdffb0, td 0x7fdfff0
usb_uhci_frame_start nr 119
usb_uhci_qh_load qh 0x7fdffd0
usb_uhci_qh_load qh 0x6fe8730
usb_uhci_td_load qh 0x6fe8730, td 0x6fe6e30, ctrl 0x18800000, token 0xe0012d
usb_uhci_td_nextqh qh 0x6fe8730, td 0x6fe6e30
usb_uhci_qh_load qh 0x7fdffb0
usb_uhci_td_load qh 0x7fdffb0, td 0x7fdfff0, ctrl 0x0, token 0xffe07f69
usb_uhci_td_nextqh qh 0x7fdffb0, td 0x7fdfff0
usb_uhci_frame_start nr 120
usb_uhci_qh_load qh 0x7fdffd0
usb_uhci_qh_load qh 0x6fe8730
usb_uhci_td_load qh 0x6fe8730, td 0x6fe6e30, ctrl 0x18800000, token 0xe0012d
usb_uhci_td_nextqh qh 0x6fe8730, td 0x6fe6e30
usb_uhci_qh_load qh 0x7fdffb0
usb_uhci_td_load qh 0x7fdffb0, td 0x7fdfff0, ctrl 0x0, token 0xffe07f69
usb_uhci_td_nextqh qh 0x7fdffb0, td 0x7fdfff0
usb_uhci_frame_start nr 121
usb_uhci_qh_load qh 0x7fdffd0
usb_uhci_qh_load qh 0x6fe8730
usb_uhci_td_load qh 0x6fe8730, td 0x6fe6e30, ctrl 0x18800000, token 0xe0012d
usb_uhci_td_nextqh qh 0x6fe8730, td 0x6fe6e30
usb_uhci_qh_load qh 0x7fdffb0
usb_uhci_td_load qh 0x7fdffb0, td 0x7fdfff0, ctrl 0x0, token 0xffe07f69
usb_uhci_td_nextqh qh 0x7fdffb0, td 0x7fdfff0
usb_uhci_frame_start nr 122
usb_uhci_qh_load qh 0x7fdffd0
usb_uhci_qh_load qh 0x6fe8730
usb_uhci_td_load qh 0x6fe8730, td 0x6fe6e30, ctrl 0x18800000, token 0xe0012d
usb_uhci_td_nextqh qh 0x6fe8730, td 0x6fe6e30
usb_uhci_qh_load qh 0x7fdffb0
usb_uhci_td_load qh 0x7fdffb0, td 0x7fdfff0, ctrl 0x0, token 0xffe07f69
usb_uhci_td_nextqh qh 0x7fdffb0, td 0x7fdfff0
usb_uhci_frame_start nr 123
usb_uhci_qh_load qh 0x7fdffd0
usb_uhci_qh_load qh 0x6fe8730
usb_uhci_td_load qh 0x6fe8730, td 0x6fe6e30, ctrl 0x18800000, token 0xe0012d
usb_uhci_td_nextqh qh 0x6fe8730, td 0x6fe6e30
usb_uhci_qh_load qh 0x7fdffb0
usb_uhci_td_load qh 0x7fdffb0, td 0x7fdfff0, ctrl 0x0, token 0xffe07f69
usb_uhci_td_nextqh qh 0x7fdffb0, td 0x7fdfff0
usb_uhci_frame_start nr 124
usb_uhci_qh_load qh 0x7fdffd0
usb_uhci_qh_load qh 0x6fe8730
usb_uhci_td_load qh 0x6fe8730, td 0x6fe6e30, ctrl 0x18800000, token 0xe0012d
usb_uhci_td_nextqh qh 0x6fe8730, td 0x6fe6e30
usb_uhci_qh_load qh 0x7fdffb0
usb_uhci_td_load qh 0x7fdffb0, td 0x7fdfff0, ctrl 0x0, token 0xffe07f69
usb_uhci_td_nextqh qh 0x7fdffb0, td 0x7fdfff0
usb_uhci_frame_start nr 125
usb_uhci_qh_load qh 0x7fdffd0
usb_uhci_qh_load qh 0x6fe8730
usb_uhci_td_load qh 0x6fe8730, td 0x6fe6e30, ctrl 0x18800000, token 0xe0012d
usb_uhci_td_nextqh qh 0x6fe8730, td 0x6fe6e30
usb_uhci_qh_load qh 0x7fdffb0
usb_uhci_td_load qh 0x7fdffb0, td 0x7fdfff0, ctrl 0x0, token 0xffe07f69
usb_uhci_td_nextqh qh 0x7fdffb0, td 0x7fdfff0
usb_uhci_frame_start nr 126
usb_uhci_qh_load qh 0x7fdffd0
usb_uhci_qh_load qh 0x6fe8730
usb_uhci_td_load qh 0x6fe8730, td 0x6fe6e30, ctrl 0x18800000, token 0xe0012d
usb_uhci_td_nextqh qh 0x6fe8730, td 0x6fe6e30
usb_uhci_qh_load qh 0x7fdffb0
usb_uhci_td_load qh 0x7fdffb0, td 0x7fdfff0, ctrl 0x0, token 0xffe07f69
usb_uhci_td_nextqh qh 0x7fdffb0, td 0x7fdfff0
usb_uhci_frame_start nr 127
usb_uhci_qh_load qh 0x7fdffd0
usb_uhci_qh_load qh 0x6fe8730
usb_uhci_td_load qh 0x6fe8730, td 0x6fe6e30, ctrl 0x18800000, token 0xe0012d
usb_uhci_td_nextqh qh 0x6fe8730, td 0x6fe6e30
usb_uhci_qh_load qh 0x7fdffb0
usb_uhci_td_load qh 0x7fdffb0, td 0x7fdfff0, ctrl 0x0, token 0xffe07f69
usb_uhci_td_nextqh qh 0x7fdffb0, td 0x7fdfff0
usb_uhci_frame_start nr 128
usb_uhci_qh_load qh 0x7fdffd0
usb_uhci_qh_load qh 0x6fe8730
usb_uhci_td_load qh 0x6fe8730, td 0x6fe6e30, ctrl 0x18800000, token 0xe0012d
usb_uhci_td_nextqh qh 0x6fe8730, td 0x6fe6e30
usb_uhci_qh_load qh 0x7fdffb0
usb_uhci_td_load qh 0x7fdffb0, td 0x7fdfff0, ctrl 0x0, token 0xffe07f69
usb_uhci_td_nextqh qh 0x7fdffb0, td 0x7fdfff0
usb_uhci_frame_start nr 129
usb_uhci_qh_load qh 0x7fdffd0
usb_uhci_qh_load qh 0x6fe8730
usb_uhci_td_load qh 0x6fe8730, td 0x6fe6e30, ctrl 0x18800000, token 0xe0012d
usb_uhci_td_nextqh qh 0x6fe8730, td 0x6fe6e30
usb_uhci_qh_load qh 0x7fdffb0
usb_uhci_td_load qh 0x7fdffb0, td 0x7fdfff0, ctrl 0x0, token 0xffe07f69
usb_uhci_td_nextqh qh 0x7fdffb0, td 0x7fdfff0
usb_uhci_frame_start nr 130
usb_uhci_qh_load qh 0x7fdffd0
usb_uhci_qh_load qh 0x6fe8730
usb_uhci_td_load qh 0x6fe8730, td 0x6fe6e30, ctrl 0x18800000, token 0xe0012d
usb_uhci_td_nextqh qh 0x6fe8730, td 0x6fe6e30
usb_uhci_qh_load qh 0x7fdffb0
usb_uhci_td_load qh 0x7fdffb0, td 0x7fdfff0, ctrl 0x0, token 0xffe07f69
usb_uhci_td_nextqh qh 0x7fdffb0, td 0x7fdfff0
usb_uhci_frame_start nr 131
usb_uhci_qh_load qh 0x7fdffd0
usb_uhci_qh_load qh 0x6fe8730
usb_uhci_td_load qh 0x6fe8730, td 0x6fe6e30, ctrl 0x18800000, token 0xe0012d
usb_uhci_td_nextqh qh 0x6fe8730, td 0x6fe6e30
usb_uhci_qh_load qh 0x7fdffb0
usb_uhci_td_load qh 0x7fdffb0, td 0x7fdfff0, ctrl 0x0, token 0xffe07f69
usb_uhci_td_nextqh qh 0x7fdffb0, td 0x7fdfff0
usb_uhci_frame_start nr 132
usb_uhci_qh_load qh 0x7fdffd0
usb_uhci_qh_load qh 0x6fe8730
usb_uhci_td_load qh 0x6fe8730, td 0x6fe6e30, ctrl 0x18800000, token 0xe0012d
usb_uhci_td_nextqh qh 0x6fe8730, td 0x6fe6e30
usb_uhci_qh_load qh 0x7fdffb0
usb_uhci_td_load qh 0x7fdffb0, td 0x7fdfff0, ctrl 0x0, token 0xffe07f69
usb_uhci_td_nextqh qh 0x7fdffb0, td 0x7fdfff0
usb_uhci_frame_start nr 133
usb_uhci_qh_load qh 0x7fdffd0
usb_uhci_qh_load qh 0x6fe8730
usb_uhci_td_load qh 0x6fe8730, td 0x6fe6e30, ctrl 0x18800000, token 0xe0012d
usb_uhci_td_nextqh qh 0x6fe8730, td 0x6fe6e30
usb_uhci_qh_load qh 0x7fdffb0
usb_uhci_td_load qh 0x7fdffb0, td 0x7fdfff0, ctrl 0x0, token 0xffe07f69
usb_uhci_td_nextqh qh 0x7fdffb0, td 0x7fdfff0
usb_uhci_frame_start nr 134
usb_uhci_qh_load qh 0x7fdffd0
usb_uhci_qh_load qh 0x6fe8730
usb_uhci_td_load qh 0x6fe8730, td 0x6fe6e30, ctrl 0x18800000, token 0xe0012d
usb_uhci_td_nextqh qh 0x6fe8730, td 0x6fe6e30
usb_uhci_qh_load qh 0x7fdffb0
usb_uhci_td_load qh 0x7fdffb0, td 0x7fdfff0, ctrl 0x0, token 0xffe07f69
usb_uhci_td_nextqh qh 0x7fdffb0, td 0x7fdfff0
usb_uhci_frame_start nr 135
usb_uhci_qh_load qh 0x7fdffd0
usb_uhci_qh_load qh 0x6fe8730
usb_uhci_td_load qh 0x6fe8730, td 0x6fe6e30, ctrl 0x18800000, token 0xe0012d
usb_uhci_td_nextqh qh 0x6fe8730, td 0x6fe6e30
usb_uhci_qh_load qh 0x7fdffb0
usb_uhci_td_load qh 0x7fdffb0, td 0x7fdfff0, ctrl 0x0, token 0xffe07f69
usb_uhci_td_nextqh qh 0x7fdffb0, td 0x7fdfff0
usb_uhci_frame_start nr 136
usb_uhci_qh_load qh 0x7fdffd0
usb_uhci_qh_load qh 0x6fe8730
usb_uhci_td_load qh 0x6fe8730, td 0x6fe6e30, ctrl 0x18800000, token 0xe0012d
usb_uhci_td_nextqh qh 0x6fe8730, td 0x6fe6e30
usb_uhci_qh_load qh 0x7fdffb0
usb_uhci_td_load qh 0x7fdffb0, td 0x7fdfff0, ctrl 0x0, token 0xffe07f69
usb_uhci_td_nextqh qh 0x7fdffb0, td 0x7fdfff0
usb_uhci_frame_start nr 137
usb_uhci_qh_load qh 0x7fdffd0
usb_uhci_qh_load qh 0x6fe8730
usb_uhci_td_load qh 0x6fe8730, td 0x6fe6e30, ctrl 0x18800000, token 0xe0012d
usb_uhci_td_nextqh qh 0x6fe8730, td 0x6fe6e30
usb_uhci_qh_load qh 0x7fdffb0
usb_uhci_td_load qh 0x7fdffb0, td 0x7fdfff0, ctrl 0x0, token 0xffe07f69
usb_uhci_td_nextqh qh 0x7fdffb0, td 0x7fdfff0
usb_uhci_frame_start nr 138
usb_uhci_qh_load qh 0x7fdffd0
usb_uhci_qh_load qh 0x6fe8730
usb_uhci_td_load qh 0x6fe8730, td 0x6fe6e30, ctrl 0x18800000, token 0xe0012d
usb_uhci_td_nextqh qh 0x6fe8730, td 0x6fe6e30
usb_uhci_qh_load qh 0x7fdffb0
usb_uhci_td_load qh 0x7fdffb0, td 0x7fdfff0, ctrl 0x0, token 0xffe07f69
usb_uhci_td_nextqh qh 0x7fdffb0, td 0x7fdfff0
usb_uhci_frame_start nr 139
usb_uhci_qh_load qh 0x7fdffd0
usb_uhci_qh_load qh 0x6fe8730
usb_uhci_td_load qh 0x6fe8730, td 0x6fe6e30, ctrl 0x18800000, token 0xe0012d
usb_uhci_td_nextqh qh 0x6fe8730, td 0x6fe6e30
usb_uhci_qh_load qh 0x7fdffb0
usb_uhci_td_load qh 0x7fdffb0, td 0x7fdfff0, ctrl 0x0, token 0xffe07f69
usb_uhci_td_nextqh qh 0x7fdffb0, td 0x7fdfff0
usb_uhci_frame_start nr 140
usb_uhci_qh_load qh 0x7fdffd0
usb_uhci_qh_load qh 0x6fe8730
usb_uhci_td_load qh 0x6fe8730, td 0x6fe6e30, ctrl 0x18800000, token 0xe0012d
usb_uhci_td_nextqh qh 0x6fe8730, td 0x6fe6e30
usb_uhci_qh_load qh 0x7fdffb0
usb_uhci_td_load qh 0x7fdffb0, td 0x7fdfff0, ctrl 0x0, token 0xffe07f69
usb_uhci_td_nextqh qh 0x7fdffb0, td 0x7fdfff0
usb_uhci_frame_start nr 141
usb_uhci_qh_load qh 0x7fdffd0
usb_uhci_qh_load qh 0x6fe8730
usb_uhci_td_load qh 0x6fe8730, td 0x6fe6e30, ctrl 0x18800000, token 0xe0012d
usb_uhci_td_nextqh qh 0x6fe8730, td 0x6fe6e30
usb_uhci_qh_load qh 0x7fdffb0
usb_uhci_td_load qh 0x7fdffb0, td 0x7fdfff0, ctrl 0x0, token 0xffe07f69
usb_uhci_td_nextqh qh 0x7fdffb0, td 0x7fdfff0
usb_uhci_frame_start nr 142
usb_uhci_qh_load qh 0x7fdffd0
usb_uhci_qh_load qh 0x6fe8730
usb_uhci_td_load qh 0x6fe8730, td 0x6fe6e30, ctrl 0x18800000, token 0xe0012d
usb_uhci_td_nextqh qh 0x6fe8730, td 0x6fe6e30
usb_uhci_qh_load qh 0x7fdffb0
usb_uhci_td_load qh 0x7fdffb0, td 0x7fdfff0, ctrl 0x0, token 0xffe07f69
usb_uhci_td_nextqh qh 0x7fdffb0, td 0x7fdfff0
usb_uhci_frame_start nr 143
usb_uhci_qh_load qh 0x7fdffd0
usb_uhci_qh_load qh 0x6fe8730
usb_uhci_td_load qh 0x6fe8730, td 0x6fe6e30, ctrl 0x18800000, token 0xe0012d
usb_uhci_td_nextqh qh 0x6fe8730, td 0x6fe6e30
usb_uhci_qh_load qh 0x7fdffb0
usb_uhci_td_load qh 0x7fdffb0, td 0x7fdfff0, ctrl 0x0, token 0xffe07f69
usb_uhci_td_nextqh qh 0x7fdffb0, td 0x7fdfff0
usb_uhci_frame_start nr 144
usb_uhci_qh_load qh 0x7fdffd0
usb_uhci_qh_load qh 0x6fe8730
usb_uhci_td_load qh 0x6fe8730, td 0x6fe6e30, ctrl 0x18800000, token 0xe0012d
usb_uhci_td_nextqh qh 0x6fe8730, td 0x6fe6e30
usb_uhci_qh_load qh 0x7fdffb0
usb_uhci_td_load qh 0x7fdffb0, td 0x7fdfff0, ctrl 0x0, token 0xffe07f69
usb_uhci_td_nextqh qh 0x7fdffb0, td 0x7fdfff0
usb_uhci_frame_start nr 145
usb_uhci_qh_load qh 0x7fdffd0
usb_uhci_qh_load qh 0x6fe8730
usb_uhci_td_load qh 0x6fe8730, td 0x6fe6e30, ctrl 0x18800000, token 0xe0012d
usb_uhci_td_nextqh qh 0x6fe8730, td 0x6fe6e30
usb_uhci_qh_load qh 0x7fdffb0
usb_uhci_td_load qh 0x7fdffb0, td 0x7fdfff0, ctrl 0x0, token 0xffe07f69
usb_uhci_td_nextqh qh 0x7fdffb0, td 0x7fdfff0
usb_uhci_frame_start nr 146
usb_uhci_qh_load qh 0x7fdffd0
usb_uhci_qh_load qh 0x6fe8730
usb_uhci_td_load qh 0x6fe8730, td 0x6fe6e30, ctrl 0x18800000, token 0xe0012d
usb_uhci_td_nextqh qh 0x6fe8730, td 0x6fe6e30
usb_uhci_qh_load qh 0x7fdffb0
usb_uhci_td_load qh 0x7fdffb0, td 0x7fdfff0, ctrl 0x0, token 0xffe07f69
usb_uhci_td_nextqh qh 0x7fdffb0, td 0x7fdfff0
usb_uhci_frame_start nr 147
usb_uhci_qh_load qh 0x7fdffd0
usb_uhci_qh_load qh 0x6fe8730
usb_uhci_td_load qh 0x6fe8730, td 0x6fe6e30, ctrl 0x18800000, token 0xe0012d
usb_uhci_td_nextqh qh 0x6fe8730, td 0x6fe6e30
usb_uhci_qh_load qh 0x7fdffb0
usb_uhci_td_load qh 0x7fdffb0, td 0x7fdfff0, ctrl 0x0, token 0xffe07f69
usb_uhci_td_nextqh qh 0x7fdffb0, td 0x7fdfff0
usb_uhci_frame_start nr 148
usb_uhci_qh_load qh 0x7fdffd0
usb_uhci_qh_load qh 0x6fe8730
usb_uhci_td_load qh 0x6fe8730, td 0x6fe6e30, ctrl 0x18800000, token 0xe0012d
usb_uhci_td_nextqh qh 0x6fe8730, td 0x6fe6e30
usb_uhci_qh_load qh 0x7fdffb0
usb_uhci_td_load qh 0x7fdffb0, td 0x7fdfff0, ctrl 0x0, token 0xffe07f69
usb_uhci_td_nextqh qh 0x7fdffb0, td 0x7fdfff0
usb_uhci_frame_start nr 149
usb_uhci_qh_load qh 0x7fdffd0
usb_uhci_qh_load qh 0x6fe8730
usb_uhci_td_load qh 0x6fe8730, td 0x6fe6e30, ctrl 0x18800000, token 0xe0012d
usb_uhci_td_nextqh qh 0x6fe8730, td 0x6fe6e30
usb_uhci_qh_load qh 0x7fdffb0
usb_uhci_td_load qh 0x7fdffb0, td 0x7fdfff0, ctrl 0x0, token 0xffe07f69
usb_uhci_td_nextqh qh 0x7fdffb0, td 0x7fdfff0
usb_uhci_frame_start nr 150
usb_uhci_qh_load qh 0x7fdffd0
usb_uhci_qh_load qh 0x6fe8730
usb_uhci_td_load qh 0x6fe8730, td 0x6fe6e30, ctrl 0x18800000, token 0xe0012d
usb_uhci_td_nextqh qh 0x6fe8730, td 0x6fe6e30
usb_uhci_qh_load qh 0x7fdffb0
usb_uhci_td_load qh 0x7fdffb0, td 0x7fdfff0, ctrl 0x0, token 0xffe07f69
usb_uhci_td_nextqh qh 0x7fdffb0, td 0x7fdfff0
usb_uhci_frame_start nr 151
usb_uhci_qh_load qh 0x7fdffd0
usb_uhci_qh_load qh 0x6fe8730
usb_uhci_td_load qh 0x6fe8730, td 0x6fe6e30, ctrl 0x18800000, token 0xe0012d
usb_uhci_td_nextqh qh 0x6fe8730, td 0x6fe6e30
usb_uhci_qh_load qh 0x7fdffb0
usb_uhci_td_load qh 0x7fdffb0, td 0x7fdfff0, ctrl 0x0, token 0xffe07f69
usb_uhci_td_nextqh qh 0x7fdffb0, td 0x7fdfff0
usb_uhci_frame_start nr 152
usb_uhci_qh_load qh 0x7fdffd0
usb_uhci_qh_load qh 0x6fe8730
usb_uhci_td_load qh 0x6fe8730, td 0x6fe6e30, ctrl 0x18800000, token 0xe0012d
usb_uhci_td_nextqh qh 0x6fe8730, td 0x6fe6e30
usb_uhci_qh_load qh 0x7fdffb0
usb_uhci_td_load qh 0x7fdffb0, td 0x7fdfff0, ctrl 0x0, token 0xffe07f69
usb_uhci_td_nextqh qh 0x7fdffb0, td 0x7fdfff0
usb_uhci_frame_start nr 153
usb_uhci_qh_load qh 0x7fdffd0
usb_uhci_qh_load qh 0x6fe8730
usb_uhci_td_load qh 0x6fe8730, td 0x6fe6e30, ctrl 0x18800000, token 0xe0012d
usb_uhci_td_nextqh qh 0x6fe8730, td 0x6fe6e30
usb_uhci_qh_load qh 0x7fdffb0
usb_uhci_td_load qh 0x7fdffb0, td 0x7fdfff0, ctrl 0x0, token 0xffe07f69
usb_uhci_td_nextqh qh 0x7fdffb0, td 0x7fdfff0
usb_uhci_frame_start nr 154
usb_uhci_qh_load qh 0x7fdffd0
usb_uhci_qh_load qh 0x6fe8730
usb_uhci_td_load qh 0x6fe8730, td 0x6fe6e30, ctrl 0x18800000, token 0xe0012d
usb_uhci_td_nextqh qh 0x6fe8730, td 0x6fe6e30
usb_uhci_qh_load qh 0x7fdffb0
usb_uhci_td_load qh 0x7fdffb0, td 0x7fdfff0, ctrl 0x0, token 0xffe07f69
usb_uhci_td_nextqh qh 0x7fdffb0, td 0x7fdfff0
usb_uhci_frame_start nr 155
usb_uhci_qh_load qh 0x7fdffd0
usb_uhci_qh_load qh 0x6fe8730
usb_uhci_td_load qh 0x6fe8730, td 0x6fe6e30, ctrl 0x18800000, token 0xe0012d
usb_uhci_td_nextqh qh 0x6fe8730, td 0x6fe6e30
usb_uhci_qh_load qh 0x7fdffb0
usb_uhci_td_load qh 0x7fdffb0, td 0x7fdfff0, ctrl 0x0, token 0xffe07f69
usb_uhci_td_nextqh qh 0x7fdffb0, td 0x7fdfff0
usb_uhci_frame_start nr 156
usb_uhci_qh_load qh 0x7fdffd0
usb_uhci_qh_load qh 0x6fe8730
usb_uhci_td_load qh 0x6fe8730, td 0x6fe6e30, ctrl 0x18800000, token 0xe0012d
usb_uhci_td_nextqh qh 0x6fe8730, td 0x6fe6e30
usb_uhci_qh_load qh 0x7fdffb0
usb_uhci_td_load qh 0x7fdffb0, td 0x7fdfff0, ctrl 0x0, token 0xffe07f69
usb_uhci_td_nextqh qh 0x7fdffb0, td 0x7fdfff0
usb_uhci_frame_start nr 157
usb_uhci_qh_load qh 0x7fdffd0
usb_uhci_qh_load qh 0x6fe8730
usb_uhci_td_load qh 0x6fe8730, td 0x6fe6e30, ctrl 0x18800000, token 0xe0012d
usb_uhci_td_nextqh qh 0x6fe8730, td 0x6fe6e30
usb_uhci_qh_load qh 0x7fdffb0
usb_uhci_td_load qh 0x7fdffb0, td 0x7fdfff0, ctrl 0x0, token 0xffe07f69
usb_uhci_td_nextqh qh 0x7fdffb0, td 0x7fdfff0
usb_uhci_frame_start nr 158
usb_uhci_qh_load qh 0x7fdffd0
usb_uhci_qh_load qh 0x6fe8730
usb_uhci_td_load qh 0x6fe8730, td 0x6fe6e30, ctrl 0x18800000, token 0xe0012d
usb_uhci_td_nextqh qh 0x6fe8730, td 0x6fe6e30
usb_uhci_qh_load qh 0x7fdffb0
usb_uhci_td_load qh 0x7fdffb0, td 0x7fdfff0, ctrl 0x0, token 0xffe07f69
usb_uhci_td_nextqh qh 0x7fdffb0, td 0x7fdfff0
usb_uhci_frame_start nr 159
usb_uhci_qh_load qh 0x7fdffd0
usb_uhci_qh_load qh 0x6fe8730
usb_uhci_td_load qh 0x6fe8730, td 0x6fe6e30, ctrl 0x18800000, token 0xe0012d
usb_uhci_td_nextqh qh 0x6fe8730, td 0x6fe6e30
usb_uhci_qh_load qh 0x7fdffb0
usb_uhci_td_load qh 0x7fdffb0, td 0x7fdfff0, ctrl 0x0, token 0xffe07f69
usb_uhci_td_nextqh qh 0x7fdffb0, td 0x7fdfff0
usb_uhci_frame_start nr 160
usb_uhci_qh_load qh 0x7fdffd0
usb_uhci_qh_load qh 0x6fe8730
usb_uhci_td_load qh 0x6fe8730, td 0x6fe6e30, ctrl 0x18800000, token 0xe0012d
usb_uhci_td_nextqh qh 0x6fe8730, td 0x6fe6e30
usb_uhci_qh_load qh 0x7fdffb0
usb_uhci_td_load qh 0x7fdffb0, td 0x7fdfff0, ctrl 0x0, token 0xffe07f69
usb_uhci_td_nextqh qh 0x7fdffb0, td 0x7fdfff0
usb_uhci_frame_start nr 161
usb_uhci_qh_load qh 0x7fdffd0
usb_uhci_qh_load qh 0x6fe8730
usb_uhci_td_load qh 0x6fe8730, td 0x6fe6e30, ctrl 0x18800000, token 0xe0012d
usb_uhci_td_nextqh qh 0x6fe8730, td 0x6fe6e30
usb_uhci_qh_load qh 0x7fdffb0
usb_uhci_td_load qh 0x7fdffb0, td 0x7fdfff0, ctrl 0x0, token 0xffe07f69
usb_uhci_td_nextqh qh 0x7fdffb0, td 0x7fdfff0
usb_uhci_frame_start nr 162
usb_uhci_qh_load qh 0x7fdffd0
usb_uhci_qh_load qh 0x6fe8730
usb_uhci_td_load qh 0x6fe8730, td 0x6fe6e30, ctrl 0x18800000, token 0xe0012d
usb_uhci_td_nextqh qh 0x6fe8730, td 0x6fe6e30
usb_uhci_qh_load qh 0x7fdffb0
usb_uhci_td_load qh 0x7fdffb0, td 0x7fdfff0, ctrl 0x0, token 0xffe07f69
usb_uhci_td_nextqh qh 0x7fdffb0, td 0x7fdfff0
usb_uhci_frame_start nr 163
usb_uhci_qh_load qh 0x7fdffd0
usb_uhci_qh_load qh 0x6fe8730
usb_uhci_td_load qh 0x6fe8730, td 0x6fe6e30, ctrl 0x18800000, token 0xe0012d
usb_uhci_td_nextqh qh 0x6fe8730, td 0x6fe6e30
usb_uhci_qh_load qh 0x7fdffb0
usb_uhci_td_load qh 0x7fdffb0, td 0x7fdfff0, ctrl 0x0, token 0xffe07f69
usb_uhci_td_nextqh qh 0x7fdffb0, td 0x7fdfff0
usb_uhci_frame_start nr 164
usb_uhci_qh_load qh 0x7fdffd0
usb_uhci_qh_load qh 0x6fe8730
usb_uhci_td_load qh 0x6fe8730, td 0x6fe6e30, ctrl 0x18800000, token 0xe0012d
usb_uhci_td_nextqh qh 0x6fe8730, td 0x6fe6e30
usb_uhci_qh_load qh 0x7fdffb0
usb_uhci_td_load qh 0x7fdffb0, td 0x7fdfff0, ctrl 0x0, token 0xffe07f69
usb_uhci_td_nextqh qh 0x7fdffb0, td 0x7fdfff0
usb_uhci_frame_start nr 165
usb_uhci_qh_load qh 0x7fdffd0
usb_uhci_qh_load qh 0x6fe8730
usb_uhci_td_load qh 0x6fe8730, td 0x6fe6e30, ctrl 0x18800000, token 0xe0012d
usb_uhci_td_nextqh qh 0x6fe8730, td 0x6fe6e30
usb_uhci_qh_load qh 0x7fdffb0
usb_uhci_td_load qh 0x7fdffb0, td 0x7fdfff0, ctrl 0x0, token 0xffe07f69
usb_uhci_td_nextqh qh 0x7fdffb0, td 0x7fdfff0
usb_uhci_frame_start nr 166
usb_uhci_qh_load qh 0x7fdffd0
usb_uhci_qh_load qh 0x6fe8730
usb_uhci_td_load qh 0x6fe8730, td 0x6fe6e30, ctrl 0x18800000, token 0xe0012d
usb_uhci_td_nextqh qh 0x6fe8730, td 0x6fe6e30
usb_uhci_qh_load qh 0x7fdffb0
usb_uhci_td_load qh 0x7fdffb0, td 0x7fdfff0, ctrl 0x0, token 0xffe07f69
usb_uhci_td_nextqh qh 0x7fdffb0, td 0x7fdfff0
usb_uhci_frame_start nr 167
usb_uhci_qh_load qh 0x7fdffd0
usb_uhci_qh_load qh 0x6fe8730
usb_uhci_td_load qh 0x6fe8730, td 0x6fe6e30, ctrl 0x18800000, token 0xe0012d
usb_uhci_td_nextqh qh 0x6fe8730, td 0x6fe6e30
usb_uhci_qh_load qh 0x7fdffb0
usb_uhci_td_load qh 0x7fdffb0, td 0x7fdfff0, ctrl 0x0, token 0xffe07f69
usb_uhci_td_nextqh qh 0x7fdffb0, td 0x7fdfff0
usb_uhci_frame_start nr 168
usb_uhci_qh_load qh 0x7fdffd0
usb_uhci_qh_load qh 0x6fe8730
usb_uhci_td_load qh 0x6fe8730, td 0x6fe6e30, ctrl 0x18800000, token 0xe0012d
usb_uhci_td_nextqh qh 0x6fe8730, td 0x6fe6e30
usb_uhci_qh_load qh 0x7fdffb0
usb_uhci_td_load qh 0x7fdffb0, td 0x7fdfff0, ctrl 0x0, token 0xffe07f69
usb_uhci_td_nextqh qh 0x7fdffb0, td 0x7fdfff0
usb_uhci_frame_start nr 169
usb_uhci_qh_load qh 0x7fdffd0
usb_uhci_qh_load qh 0x6fe8730
usb_uhci_td_load qh 0x6fe8730, td 0x6fe6e30, ctrl 0x18800000, token 0xe0012d
usb_uhci_td_nextqh qh 0x6fe8730, td 0x6fe6e30
usb_uhci_qh_load qh 0x7fdffb0
usb_uhci_td_load qh 0x7fdffb0, td 0x7fdfff0, ctrl 0x0, token 0xffe07f69
usb_uhci_td_nextqh qh 0x7fdffb0, td 0x7fdfff0
usb_uhci_frame_start nr 170
usb_uhci_qh_load qh 0x7fdffd0
usb_uhci_qh_load qh 0x6fe8730
usb_uhci_td_load qh 0x6fe8730, td 0x6fe6e30, ctrl 0x18800000, token 0xe0012d
usb_uhci_td_nextqh qh 0x6fe8730, td 0x6fe6e30
usb_uhci_qh_load qh 0x7fdffb0
usb_uhci_td_load qh 0x7fdffb0, td 0x7fdfff0, ctrl 0x0, token 0xffe07f69
usb_uhci_td_nextqh qh 0x7fdffb0, td 0x7fdfff0
usb_uhci_frame_start nr 171
usb_uhci_qh_load qh 0x7fdffd0
usb_uhci_qh_load qh 0x6fe8730
usb_uhci_td_load qh 0x6fe8730, td 0x6fe6e30, ctrl 0x18800000, token 0xe0012d
usb_uhci_td_nextqh qh 0x6fe8730, td 0x6fe6e30
usb_uhci_qh_load qh 0x7fdffb0
usb_uhci_td_load qh 0x7fdffb0, td 0x7fdfff0, ctrl 0x0, token 0xffe07f69
usb_uhci_td_nextqh qh 0x7fdffb0, td 0x7fdfff0
usb_uhci_frame_start nr 172
usb_uhci_qh_load qh 0x7fdffd0
usb_uhci_qh_load qh 0x6fe8730
usb_uhci_td_load qh 0x6fe8730, td 0x6fe6e30, ctrl 0x18800000, token 0xe0012d
usb_uhci_td_nextqh qh 0x6fe8730, td 0x6fe6e30
usb_uhci_qh_load qh 0x7fdffb0
usb_uhci_td_load qh 0x7fdffb0, td 0x7fdfff0, ctrl 0x0, token 0xffe07f69
usb_uhci_td_nextqh qh 0x7fdffb0, td 0x7fdfff0
usb_uhci_frame_start nr 173
usb_uhci_qh_load qh 0x7fdffd0
usb_uhci_qh_load qh 0x6fe8730
usb_uhci_td_load qh 0x6fe8730, td 0x6fe6e30, ctrl 0x18800000, token 0xe0012d
usb_uhci_td_nextqh qh 0x6fe8730, td 0x6fe6e30
usb_uhci_qh_load qh 0x7fdffb0
usb_uhci_td_load qh 0x7fdffb0, td 0x7fdfff0, ctrl 0x0, token 0xffe07f69
usb_uhci_td_nextqh qh 0x7fdffb0, td 0x7fdfff0
usb_uhci_frame_start nr 174
usb_uhci_qh_load qh 0x7fdffd0
usb_uhci_qh_load qh 0x6fe8730
usb_uhci_td_load qh 0x6fe8730, td 0x6fe6e30, ctrl 0x18800000, token 0xe0012d
usb_uhci_td_nextqh qh 0x6fe8730, td 0x6fe6e30
usb_uhci_qh_load qh 0x7fdffb0
usb_uhci_td_load qh 0x7fdffb0, td 0x7fdfff0, ctrl 0x0, token 0xffe07f69
usb_uhci_td_nextqh qh 0x7fdffb0, td 0x7fdfff0
usb_uhci_frame_start nr 175
usb_uhci_qh_load qh 0x7fdffd0
usb_uhci_qh_load qh 0x6fe8730
usb_uhci_td_load qh 0x6fe8730, td 0x6fe6e30, ctrl 0x18800000, token 0xe0012d
usb_uhci_td_nextqh qh 0x6fe8730, td 0x6fe6e30
usb_uhci_qh_load qh 0x7fdffb0
usb_uhci_td_load qh 0x7fdffb0, td 0x7fdfff0, ctrl 0x0, token 0xffe07f69
usb_uhci_td_nextqh qh 0x7fdffb0, td 0x7fdfff0
usb_uhci_frame_start nr 176
usb_uhci_qh_load qh 0x7fdffd0
usb_uhci_qh_load qh 0x6fe8730
usb_uhci_td_load qh 0x6fe8730, td 0x6fe6e30, ctrl 0x18800000, token 0xe0012d
usb_uhci_td_nextqh qh 0x6fe8730, td 0x6fe6e30
usb_uhci_qh_load qh 0x7fdffb0
usb_uhci_td_load qh 0x7fdffb0, td 0x7fdfff0, ctrl 0x0, token 0xffe07f69
usb_uhci_td_nextqh qh 0x7fdffb0, td 0x7fdfff0
usb_uhci_frame_start nr 177
usb_uhci_qh_load qh 0x7fdffd0
usb_uhci_qh_load qh 0x6fe8730
usb_uhci_td_load qh 0x6fe8730, td 0x6fe6e30, ctrl 0x18800000, token 0xe0012d
usb_uhci_td_nextqh qh 0x6fe8730, td 0x6fe6e30
usb_uhci_qh_load qh 0x7fdffb0
usb_uhci_td_load qh 0x7fdffb0, td 0x7fdfff0, ctrl 0x0, token 0xffe07f69
usb_uhci_td_nextqh qh 0x7fdffb0, td 0x7fdfff0
usb_uhci_frame_start nr 178
usb_uhci_qh_load qh 0x7fdffd0
usb_uhci_qh_load qh 0x6fe8730
usb_uhci_td_load qh 0x6fe8730, td 0x6fe6e30, ctrl 0x18800000, token 0xe0012d
usb_uhci_td_nextqh qh 0x6fe8730, td 0x6fe6e30
usb_uhci_qh_load qh 0x7fdffb0
usb_uhci_td_load qh 0x7fdffb0, td 0x7fdfff0, ctrl 0x0, token 0xffe07f69
usb_uhci_td_nextqh qh 0x7fdffb0, td 0x7fdfff0
usb_uhci_frame_start nr 179
usb_uhci_qh_load qh 0x7fdffd0
usb_uhci_qh_load qh 0x6fe8730
usb_uhci_td_load qh 0x6fe8730, td 0x6fe6e30, ctrl 0x18800000, token 0xe0012d
usb_uhci_td_nextqh qh 0x6fe8730, td 0x6fe6e30
usb_uhci_qh_load qh 0x7fdffb0
usb_uhci_td_load qh 0x7fdffb0, td 0x7fdfff0, ctrl 0x0, token 0xffe07f69
usb_uhci_td_nextqh qh 0x7fdffb0, td 0x7fdfff0
usb_uhci_frame_start nr 180
usb_uhci_qh_load qh 0x7fdffd0
usb_uhci_qh_load qh 0x6fe8730
usb_uhci_td_load qh 0x6fe8730, td 0x6fe6e30, ctrl 0x18800000, token 0xe0012d
usb_uhci_td_nextqh qh 0x6fe8730, td 0x6fe6e30
usb_uhci_qh_load qh 0x7fdffb0
usb_uhci_td_load qh 0x7fdffb0, td 0x7fdfff0, ctrl 0x0, token 0xffe07f69
usb_uhci_td_nextqh qh 0x7fdffb0, td 0x7fdfff0
usb_uhci_frame_start nr 181
usb_uhci_qh_load qh 0x7fdffd0
usb_uhci_qh_load qh 0x6fe8730
usb_uhci_td_load qh 0x6fe8730, td 0x6fe6e30, ctrl 0x18800000, token 0xe0012d
usb_uhci_td_nextqh qh 0x6fe8730, td 0x6fe6e30
usb_uhci_qh_load qh 0x7fdffb0
usb_uhci_td_load qh 0x7fdffb0, td 0x7fdfff0, ctrl 0x0, token 0xffe07f69
usb_uhci_td_nextqh qh 0x7fdffb0, td 0x7fdfff0
usb_uhci_frame_start nr 182
usb_uhci_qh_load qh 0x7fdffd0
usb_uhci_qh_load qh 0x6fe8730
usb_uhci_td_load qh 0x6fe8730, td 0x6fe6e30, ctrl 0x18800000, token 0xe0012d
usb_uhci_td_nextqh qh 0x6fe8730, td 0x6fe6e30
usb_uhci_qh_load qh 0x7fdffb0
usb_uhci_td_load qh 0x7fdffb0, td 0x7fdfff0, ctrl 0x0, token 0xffe07f69
usb_uhci_td_nextqh qh 0x7fdffb0, td 0x7fdfff0
usb_uhci_frame_start nr 183
usb_uhci_qh_load qh 0x7fdffd0
usb_uhci_qh_load qh 0x6fe8730
usb_uhci_td_load qh 0x6fe8730, td 0x6fe6e30, ctrl 0x18800000, token 0xe0012d
usb_uhci_td_nextqh qh 0x6fe8730, td 0x6fe6e30
usb_uhci_qh_load qh 0x7fdffb0
usb_uhci_td_load qh 0x7fdffb0, td 0x7fdfff0, ctrl 0x0, token 0xffe07f69
usb_uhci_td_nextqh qh 0x7fdffb0, td 0x7fdfff0
usb_uhci_frame_start nr 184
usb_uhci_qh_load qh 0x7fdffd0
usb_uhci_qh_load qh 0x6fe8730
usb_uhci_td_load qh 0x6fe8730, td 0x6fe6e30, ctrl 0x18800000, token 0xe0012d
usb_uhci_td_nextqh qh 0x6fe8730, td 0x6fe6e30
usb_uhci_qh_load qh 0x7fdffb0
usb_uhci_td_load qh 0x7fdffb0, td 0x7fdfff0, ctrl 0x0, token 0xffe07f69
usb_uhci_td_nextqh qh 0x7fdffb0, td 0x7fdfff0
usb_uhci_frame_start nr 185
usb_uhci_qh_load qh 0x7fdffd0
usb_uhci_qh_load qh 0x6fe8730
usb_uhci_td_load qh 0x6fe8730, td 0x6fe6e30, ctrl 0x18800000, token 0xe0012d
usb_uhci_td_nextqh qh 0x6fe8730, td 0x6fe6e30
usb_uhci_qh_load qh 0x7fdffb0
usb_uhci_td_load qh 0x7fdffb0, td 0x7fdfff0, ctrl 0x0, token 0xffe07f69
usb_uhci_td_nextqh qh 0x7fdffb0, td 0x7fdfff0
usb_uhci_frame_start nr 186
usb_uhci_qh_load qh 0x7fdffd0
usb_uhci_qh_load qh 0x6fe8730
usb_uhci_td_load qh 0x6fe8730, td 0x6fe6e30, ctrl 0x18800000, token 0xe0012d
usb_uhci_td_nextqh qh 0x6fe8730, td 0x6fe6e30
usb_uhci_qh_load qh 0x7fdffb0
usb_uhci_td_load qh 0x7fdffb0, td 0x7fdfff0, ctrl 0x0, token 0xffe07f69
usb_uhci_td_nextqh qh 0x7fdffb0, td 0x7fdfff0
usb_uhci_frame_start nr 187
usb_uhci_qh_load qh 0x7fdffd0
usb_uhci_qh_load qh 0x6fe8730
usb_uhci_td_load qh 0x6fe8730, td 0x6fe6e30, ctrl 0x18800000, token 0xe0012d
usb_uhci_td_nextqh qh 0x6fe8730, td 0x6fe6e30
usb_uhci_qh_load qh 0x7fdffb0
usb_uhci_td_load qh 0x7fdffb0, td 0x7fdfff0, ctrl 0x0, token 0xffe07f69
usb_uhci_td_nextqh qh 0x7fdffb0, td 0x7fdfff0
usb_uhci_frame_start nr 188
usb_uhci_qh_load qh 0x7fdffd0
usb_uhci_qh_load qh 0x6fe8730
usb_uhci_td_load qh 0x6fe8730, td 0x6fe6e30, ctrl 0x18800000, token 0xe0012d
usb_uhci_td_nextqh qh 0x6fe8730, td 0x6fe6e30
usb_uhci_qh_load qh 0x7fdffb0
usb_uhci_td_load qh 0x7fdffb0, td 0x7fdfff0, ctrl 0x0, token 0xffe07f69
usb_uhci_td_nextqh qh 0x7fdffb0, td 0x7fdfff0
usb_uhci_frame_start nr 189
usb_uhci_qh_load qh 0x7fdffd0
usb_uhci_qh_load qh 0x6fe8730
usb_uhci_td_load qh 0x6fe8730, td 0x6fe6e30, ctrl 0x18800000, token 0xe0012d
usb_uhci_td_nextqh qh 0x6fe8730, td 0x6fe6e30
usb_uhci_qh_load qh 0x7fdffb0
usb_uhci_td_load qh 0x7fdffb0, td 0x7fdfff0, ctrl 0x0, token 0xffe07f69
usb_uhci_td_nextqh qh 0x7fdffb0, td 0x7fdfff0
usb_uhci_frame_start nr 190
usb_uhci_qh_load qh 0x7fdffd0
usb_uhci_qh_load qh 0x6fe8730
usb_uhci_td_load qh 0x6fe8730, td 0x6fe6e30, ctrl 0x18800000, token 0xe0012d
usb_uhci_td_nextqh qh 0x6fe8730, td 0x6fe6e30
usb_uhci_qh_load qh 0x7fdffb0
usb_uhci_td_load qh 0x7fdffb0, td 0x7fdfff0, ctrl 0x0, token 0xffe07f69
usb_uhci_td_nextqh qh 0x7fdffb0, td 0x7fdfff0
usb_uhci_frame_start nr 191
usb_uhci_qh_load qh 0x7fdffd0
usb_uhci_qh_load qh 0x6fe8730
usb_uhci_td_load qh 0x6fe8730, td 0x6fe6e30, ctrl 0x18800000, token 0xe0012d
usb_uhci_td_nextqh qh 0x6fe8730, td 0x6fe6e30
usb_uhci_qh_load qh 0x7fdffb0
usb_uhci_td_load qh 0x7fdffb0, td 0x7fdfff0, ctrl 0x0, token 0xffe07f69
usb_uhci_td_nextqh qh 0x7fdffb0, td 0x7fdfff0
usb_uhci_frame_start nr 192
usb_uhci_qh_load qh 0x7fdffd0
usb_uhci_qh_load qh 0x6fe8730
usb_uhci_td_load qh 0x6fe8730, td 0x6fe6e30, ctrl 0x18800000, token 0xe0012d
usb_uhci_td_nextqh qh 0x6fe8730, td 0x6fe6e30
usb_uhci_qh_load qh 0x7fdffb0
usb_uhci_td_load qh 0x7fdffb0, td 0x7fdfff0, ctrl 0x0, token 0xffe07f69
usb_uhci_td_nextqh qh 0x7fdffb0, td 0x7fdfff0
usb_uhci_frame_start nr 193
usb_uhci_qh_load qh 0x7fdffd0
usb_uhci_qh_load qh 0x6fe8730
usb_uhci_td_load qh 0x6fe8730, td 0x6fe6e30, ctrl 0x18800000, token 0xe0012d
usb_uhci_td_nextqh qh 0x6fe8730, td 0x6fe6e30
usb_uhci_qh_load qh 0x7fdffb0
usb_uhci_td_load qh 0x7fdffb0, td 0x7fdfff0, ctrl 0x0, token 0xffe07f69
usb_uhci_td_nextqh qh 0x7fdffb0, td 0x7fdfff0
usb_uhci_frame_start nr 194
usb_uhci_qh_load qh 0x7fdffd0
usb_uhci_qh_load qh 0x6fe8730
usb_uhci_td_load qh 0x6fe8730, td 0x6fe6e30, ctrl 0x18800000, token 0xe0012d
usb_uhci_td_nextqh qh 0x6fe8730, td 0x6fe6e30
usb_uhci_qh_load qh 0x7fdffb0
usb_uhci_td_load qh 0x7fdffb0, td 0x7fdfff0, ctrl 0x0, token 0xffe07f69
usb_uhci_td_nextqh qh 0x7fdffb0, td 0x7fdfff0
usb_uhci_frame_start nr 195
usb_uhci_qh_load qh 0x7fdffd0
usb_uhci_qh_load qh 0x6fe8730
usb_uhci_td_load qh 0x6fe8730, td 0x6fe6e30, ctrl 0x18800000, token 0xe0012d
usb_uhci_td_nextqh qh 0x6fe8730, td 0x6fe6e30
usb_uhci_qh_load qh 0x7fdffb0
usb_uhci_td_load qh 0x7fdffb0, td 0x7fdfff0, ctrl 0x0, token 0xffe07f69
usb_uhci_td_nextqh qh 0x7fdffb0, td 0x7fdfff0
usb_uhci_frame_start nr 196
usb_uhci_qh_load qh 0x7fdffd0
usb_uhci_qh_load qh 0x6fe8730
usb_uhci_td_load qh 0x6fe8730, td 0x6fe6e30, ctrl 0x18800000, token 0xe0012d
usb_uhci_td_nextqh qh 0x6fe8730, td 0x6fe6e30
usb_uhci_qh_load qh 0x7fdffb0
usb_uhci_td_load qh 0x7fdffb0, td 0x7fdfff0, ctrl 0x0, token 0xffe07f69
usb_uhci_td_nextqh qh 0x7fdffb0, td 0x7fdfff0
usb_uhci_frame_start nr 197
usb_uhci_qh_load qh 0x7fdffd0
usb_uhci_qh_load qh 0x6fe8730
usb_uhci_td_load qh 0x6fe8730, td 0x6fe6e30, ctrl 0x18800000, token 0xe0012d
usb_uhci_td_nextqh qh 0x6fe8730, td 0x6fe6e30
usb_uhci_qh_load qh 0x7fdffb0
usb_uhci_td_load qh 0x7fdffb0, td 0x7fdfff0, ctrl 0x0, token 0xffe07f69
usb_uhci_td_nextqh qh 0x7fdffb0, td 0x7fdfff0
usb_uhci_frame_start nr 198
usb_uhci_qh_load qh 0x7fdffd0
usb_uhci_qh_load qh 0x6fe8730
usb_uhci_td_load qh 0x6fe8730, td 0x6fe6e30, ctrl 0x18800000, token 0xe0012d
usb_uhci_td_nextqh qh 0x6fe8730, td 0x6fe6e30
usb_uhci_qh_load qh 0x7fdffb0
usb_uhci_td_load qh 0x7fdffb0, td 0x7fdfff0, ctrl 0x0, token 0xffe07f69
usb_uhci_td_nextqh qh 0x7fdffb0, td 0x7fdfff0
usb_uhci_frame_start nr 199
usb_uhci_qh_load qh 0x7fdffd0
usb_uhci_qh_load qh 0x6fe8730
usb_uhci_td_load qh 0x6fe8730, td 0x6fe6e30, ctrl 0x18800000, token 0xe0012d
usb_uhci_td_nextqh qh 0x6fe8730, td 0x6fe6e30
usb_uhci_qh_load qh 0x7fdffb0
usb_uhci_td_load qh 0x7fdffb0, td 0x7fdfff0, ctrl 0x0, token 0xffe07f69
usb_uhci_td_nextqh qh 0x7fdffb0, td 0x7fdfff0
usb_uhci_frame_start nr 200
usb_uhci_qh_load qh 0x7fdffd0
usb_uhci_qh_load qh 0x6fe8730
usb_uhci_td_load qh 0x6fe8730, td 0x6fe6e30, ctrl 0x18800000, token 0xe0012d
usb_uhci_td_nextqh qh 0x6fe8730, td 0x6fe6e30
usb_uhci_qh_load qh 0x7fdffb0
usb_uhci_td_load qh 0x7fdffb0, td 0x7fdfff0, ctrl 0x0, token 0xffe07f69
usb_uhci_td_nextqh qh 0x7fdffb0, td 0x7fdfff0
usb_uhci_frame_start nr 201
usb_uhci_qh_load qh 0x7fdffd0
usb_uhci_qh_load qh 0x6fe8730
usb_uhci_td_load qh 0x6fe8730, td 0x6fe6e30, ctrl 0x18800000, token 0xe0012d
usb_uhci_td_nextqh qh 0x6fe8730, td 0x6fe6e30
usb_uhci_qh_load qh 0x7fdffb0
usb_uhci_td_load qh 0x7fdffb0, td 0x7fdfff0, ctrl 0x0, token 0xffe07f69
usb_uhci_td_nextqh qh 0x7fdffb0, td 0x7fdfff0
usb_uhci_frame_start nr 202
usb_uhci_qh_load qh 0x7fdffd0
usb_uhci_qh_load qh 0x6fe8730
usb_uhci_td_load qh 0x6fe8730, td 0x6fe6e30, ctrl 0x18800000, token 0xe0012d
usb_uhci_td_nextqh qh 0x6fe8730, td 0x6fe6e30
usb_uhci_qh_load qh 0x7fdffb0
usb_uhci_td_load qh 0x7fdffb0, td 0x7fdfff0, ctrl 0x0, token 0xffe07f69
usb_uhci_td_nextqh qh 0x7fdffb0, td 0x7fdfff0
usb_uhci_frame_start nr 203
usb_uhci_qh_load qh 0x7fdffd0
usb_uhci_qh_load qh 0x6fe8730
usb_uhci_td_load qh 0x6fe8730, td 0x6fe6e30, ctrl 0x18800000, token 0xe0012d
usb_uhci_td_nextqh qh 0x6fe8730, td 0x6fe6e30
usb_uhci_qh_load qh 0x7fdffb0
usb_uhci_td_load qh 0x7fdffb0, td 0x7fdfff0, ctrl 0x0, token 0xffe07f69
usb_uhci_td_nextqh qh 0x7fdffb0, td 0x7fdfff0
usb_uhci_frame_start nr 204
usb_uhci_qh_load qh 0x7fdffd0
usb_uhci_qh_load qh 0x6fe8730
usb_uhci_td_load qh 0x6fe8730, td 0x6fe6e30, ctrl 0x18800000, token 0xe0012d
usb_uhci_td_nextqh qh 0x6fe8730, td 0x6fe6e30
usb_uhci_qh_load qh 0x7fdffb0
usb_uhci_td_load qh 0x7fdffb0, td 0x7fdfff0, ctrl 0x0, token 0xffe07f69
usb_uhci_td_nextqh qh 0x7fdffb0, td 0x7fdfff0
usb_host_remote_wakeup_removed dev 1:8
usb_host_req_complete dev 1:8, packet 0x565049b0a5a0, status 0, length 249
usb_packet_state_change bus 0, port 1, ep 0, packet 0x565049b0a5a0, state async -> complete
usb_packet_state_change bus 0, port 1, ep 0, packet 0x56504ac776c0, state queued -> complete
usb_packet_state_change bus 0, port 1, ep 0, packet 0x56504a915a20, state queued -> complete
usb_packet_state_change bus 0, port 1, ep 0, packet 0x56504ae54ec0, state queued -> complete
usb_packet_state_change bus 0, port 1, ep 0, packet 0x565049983da0, state queued -> complete
usb_packet_state_change bus 0, port 1, ep 0, packet 0x56504aca5100, state queued -> complete
usb_uhci_qh_load qh 0x7fdffd0
usb_uhci_qh_load qh 0x6fe8730
usb_uhci_td_load qh 0x6fe8730, td 0x6fe6e30, ctrl 0x18800000, token 0xe0012d
usb_uhci_packet_unlink_async token 0x100, td 0x6fe6e30
usb_uhci_packet_complete_success token 0x100, td 0x6fe6e30
usb_uhci_packet_del token 0x100, td 0x6fe6e30
usb_uhci_td_complete qh 0x6fe8730, td 0x6fe6e30
usb_uhci_td_load qh 0x6fe8730, td 0x6fe6e40, ctrl 0x18800000, token 0x7e80169
usb_uhci_packet_unlink_async token 0x100, td 0x6fe6e44
usb_uhci_packet_complete_success token 0x100, td 0x6fe6e44
usb_uhci_packet_del token 0x100, td 0x6fe6e44
usb_uhci_td_complete qh 0x6fe8730, td 0x6fe6e40
usb_uhci_td_load qh 0x6fe8730, td 0x6fe6e50, ctrl 0x18800000, token 0x7e00169
usb_uhci_packet_unlink_async token 0x100, td 0x6fe6e54
usb_uhci_packet_complete_success token 0x100, td 0x6fe6e54
usb_uhci_packet_del token 0x100, td 0x6fe6e54
usb_uhci_td_complete qh 0x6fe8730, td 0x6fe6e50
usb_uhci_td_load qh 0x6fe8730, td 0x6fe6e60, ctrl 0x18800000, token 0x7e80169
usb_uhci_packet_unlink_async token 0x100, td 0x6fe6e64
usb_uhci_packet_complete_success token 0x100, td 0x6fe6e64
usb_uhci_packet_del token 0x100, td 0x6fe6e64
usb_uhci_td_complete qh 0x6fe8730, td 0x6fe6e60
usb_uhci_td_load qh 0x6fe8730, td 0x6fe6e70, ctrl 0x18800000, token 0x7000169
usb_uhci_packet_unlink_async token 0x100, td 0x6fe6e74
usb_uhci_packet_complete_success token 0x100, td 0x6fe6e74
usb_uhci_packet_del token 0x100, td 0x6fe6e74
usb_uhci_td_complete qh 0x6fe8730, td 0x6fe6e70
usb_uhci_td_load qh 0x6fe8730, td 0x6fe6e80, ctrl 0x800000, token 0xffe801e1
usb_uhci_packet_unlink_async token 0x100, td 0x6fe6e84
usb_uhci_packet_complete_success token 0x100, td 0x6fe6e84
usb_uhci_packet_del token 0x100, td 0x6fe6e84
usb_uhci_td_complete qh 0x6fe8730, td 0x6fe6e80
usb_uhci_qh_load qh 0x7fdffb0
usb_uhci_td_load qh 0x7fdffb0, td 0x7fdfff0, ctrl 0x0, token 0xffe07f69
usb_uhci_td_nextqh qh 0x7fdffb0, td 0x7fdfff0
usb_uhci_mmio_writew addr 0x0010, val 0x0000
usb_uhci_mmio_readw addr 0x0006, ret 0x00cd
usb_uhci_mmio_readw addr 0x0006, ret 0x00cd
usb_uhci_mmio_readw addr 0x0006, ret 0x00cd
usb_uhci_mmio_readw addr 0x0006, ret 0x00cd
usb_uhci_mmio_readw addr 0x0006, ret 0x00cd
usb_uhci_mmio_readw addr 0x0006, ret 0x00cd
usb_uhci_frame_start nr 205
usb_uhci_qh_load qh 0x7fdffd0
usb_uhci_qh_load qh 0x7fdffb0
usb_uhci_td_load qh 0x7fdffb0, td 0x7fdfff0, ctrl 0x0, token 0xffe07f69
usb_uhci_td_nextqh qh 0x7fdffb0, td 0x7fdfff0
usb_uhci_mmio_readw addr 0x0006, ret 0x00ce
usb_uhci_mmio_writew addr 0x0000, val 0x0000
usb_uhci_schedule_stop 
usb_uhci_queue_del token 0x100: cancel-all
usb_host_attach_kernel dev 1:8, if 0
usb_host_attach_kernel dev 1:8, if 1
usb_host_attach_kernel dev 1:8, if 2
usb_host_attach_kernel dev 1:8, if 3
usb_host_attach_kernel dev 1:8, if 4
usb_host_attach_kernel dev 1:8, if 5
usb_host_attach_kernel dev 1:8, if 6
usb_host_attach_kernel dev 1:8, if 7
usb_host_attach_kernel dev 1:8, if 8
usb_host_attach_kernel dev 1:8, if 9
usb_host_attach_kernel dev 1:8, if 10
usb_host_attach_kernel dev 1:8, if 11
usb_host_attach_kernel dev 1:8, if 12
usb_host_attach_kernel dev 1:8, if 13
usb_host_attach_kernel dev 1:8, if 14
usb_host_attach_kernel dev 1:8, if 15
