Reading netlist file: "C:\Repos\TGA\TangMega-138KPro-example\pcie_dma_demo\pcie_gen3(8G)\impl\gwsynthesis\pcie_dma_demo.vg"
Parsing netlist file "C:\Repos\TGA\TangMega-138KPro-example\pcie_dma_demo\pcie_gen3(8G)\impl\gwsynthesis\pcie_dma_demo.vg" completed
Processing netlist completed
Reading constraint file: "C:\Repos\TGA\TangMega-138KPro-example\pcie_dma_demo\pcie_gen3(8G)\src\Pins.cst"
Physical Constraint parsed completed
Running placement......
[10%] Placement Phase 0 completed
[20%] Placement Phase 1 completed
[30%] Placement Phase 2 completed
[50%] Placement Phase 3 completed
Running routing......
[60%] Routing Phase 0 completed
[70%] Routing Phase 1 completed
[80%] Routing Phase 2 completed
WARN  (PR1014) : Generic routing resource will be used to clock signal 'sys_clk_p_d' by the specified constraint. And then it may lead to the excessive delay or skew
[90%] Routing Phase 3 completed
Running timing analysis......
[95%] Timing analysis completed
Placement and routing completed
Bitstream generation in progress......
Bitstream generation completed
Running power analysis......
[100%] Power analysis completed
Generate file "C:\Repos\TGA\TangMega-138KPro-example\pcie_dma_demo\pcie_gen3(8G)\impl\pnr\pcie_dma_demo.power.html" completed
Generate file "C:\Repos\TGA\TangMega-138KPro-example\pcie_dma_demo\pcie_gen3(8G)\impl\pnr\pcie_dma_demo.pin.html" completed
Generate file "C:\Repos\TGA\TangMega-138KPro-example\pcie_dma_demo\pcie_gen3(8G)\impl\pnr\pcie_dma_demo.rpt.html" completed
Generate file "C:\Repos\TGA\TangMega-138KPro-example\pcie_dma_demo\pcie_gen3(8G)\impl\pnr\pcie_dma_demo.rpt.txt" completed
Generate file "C:\Repos\TGA\TangMega-138KPro-example\pcie_dma_demo\pcie_gen3(8G)\impl\pnr\pcie_dma_demo.tr.html" completed
Tue Dec 30 06:03:40 2025

